{"/Users/shelysalsadila/work/ordero-api-v2/src/app/staff/restaurant/stock/stock.controller.ts": {"path":"/Users/shelysalsadila/work/ordero-api-v2/src/app/staff/restaurant/stock/stock.controller.ts","statementMap":{"0":{"start":{"line":1,"column":0},"end":{"line":1,"column":58}},"1":{"start":{"line":2,"column":0},"end":{"line":2,"column":61}},"2":{"start":{"line":3,"column":0},"end":{"line":3,"column":53}},"3":{"start":{"line":4,"column":0},"end":{"line":4,"column":57}},"4":{"start":{"line":5,"column":0},"end":{"line":5,"column":65}},"5":{"start":{"line":6,"column":0},"end":{"line":6,"column":62}},"6":{"start":{"line":7,"column":0},"end":{"line":7,"column":71}},"7":{"start":{"line":8,"column":0},"end":{"line":8,"column":75}},"8":{"start":{"line":9,"column":0},"end":{"line":9,"column":75}},"9":{"start":{"line":10,"column":0},"end":{"line":10,"column":66}},"10":{"start":{"line":11,"column":0},"end":{"line":11,"column":59}},"11":{"start":{"line":12,"column":0},"end":{"line":12,"column":70}},"12":{"start":{"line":13,"column":0},"end":{"line":13,"column":75}},"13":{"start":{"line":14,"column":0},"end":{"line":14,"column":58}},"14":{"start":{"line":15,"column":0},"end":{"line":15,"column":98}},"15":{"start":{"line":16,"column":0},"end":{"line":16,"column":40}},"16":{"start":{"line":17,"column":0},"end":{"line":17,"column":60}},"17":{"start":{"line":18,"column":0},"end":{"line":18,"column":45}},"18":{"start":{"line":19,"column":0},"end":{"line":19,"column":null}},"19":{"start":{"line":31,"column":0},"end":{"line":31,"column":29}},"20":{"start":{"line":32,"column":0},"end":{"line":32,"column":37}},"21":{"start":{"line":36,"column":0},"end":{"line":262,"column":null}},"22":{"start":{"line":40,"column":18},"end":{"line":42,"column":6}},"23":{"start":{"line":44,"column":4},"end":{"line":46,"column":null}},"24":{"start":{"line":45,"column":6},"end":{"line":45,"column":46}},"25":{"start":{"line":48,"column":19},"end":{"line":48,"column":57}},"26":{"start":{"line":49,"column":4},"end":{"line":49,"column":54}},"27":{"start":{"line":55,"column":18},"end":{"line":58,"column":6}},"28":{"start":{"line":59,"column":4},"end":{"line":59,"column":49}},"29":{"start":{"line":65,"column":18},"end":{"line":68,"column":6}},"30":{"start":{"line":69,"column":23},"end":{"line":69,"column":50}},"31":{"start":{"line":70,"column":4},"end":{"line":72,"column":null}},"32":{"start":{"line":71,"column":6},"end":{"line":71,"column":48}},"33":{"start":{"line":74,"column":23},"end":{"line":74,"column":29}},"34":{"start":{"line":76,"column":21},"end":{"line":179,"column":5}},"35":{"start":{"line":77,"column":20},"end":{"line":77,"column":46}},"36":{"start":{"line":79,"column":6},"end":{"line":176,"column":null}},"37":{"start":{"line":80,"column":22},"end":{"line":83,"column":10}},"38":{"start":{"line":81,"column":44},"end":{"line":81,"column":50}},"39":{"start":{"line":85,"column":8},"end":{"line":87,"column":null}},"40":{"start":{"line":86,"column":10},"end":{"line":86,"column":70}},"41":{"start":{"line":89,"column":26},"end":{"line":92,"column":10}},"42":{"start":{"line":94,"column":8},"end":{"line":96,"column":null}},"43":{"start":{"line":95,"column":10},"end":{"line":95,"column":71}},"44":{"start":{"line":98,"column":39},"end":{"line":98,"column":41}},"45":{"start":{"line":100,"column":8},"end":{"line":169,"column":null}},"46":{"start":{"line":101,"column":26},"end":{"line":101,"column":65}},"47":{"start":{"line":101,"column":46},"end":{"line":101,"column":64}},"48":{"start":{"line":103,"column":24},"end":{"line":103,"column":50}},"49":{"start":{"line":105,"column":10},"end":{"line":107,"column":null}},"50":{"start":{"line":106,"column":12},"end":{"line":106,"column":76}},"51":{"start":{"line":109,"column":33},"end":{"line":109,"column":70}},"52":{"start":{"line":111,"column":10},"end":{"line":113,"column":null}},"53":{"start":{"line":112,"column":12},"end":{"line":112,"column":111}},"54":{"start":{"line":115,"column":10},"end":{"line":168,"column":null}},"55":{"start":{"line":116,"column":12},"end":{"line":167,"column":null}},"56":{"start":{"line":117,"column":30},"end":{"line":123,"column":16}},"57":{"start":{"line":125,"column":38},"end":{"line":125,"column":72}},"58":{"start":{"line":127,"column":14},"end":{"line":129,"column":null}},"59":{"start":{"line":128,"column":16},"end":{"line":128,"column":116}},"60":{"start":{"line":131,"column":14},"end":{"line":133,"column":null}},"61":{"start":{"line":132,"column":16},"end":{"line":132,"column":110}},"62":{"start":{"line":136,"column":35},"end":{"line":138,"column":16}},"63":{"start":{"line":139,"column":14},"end":{"line":149,"column":null}},"64":{"start":{"line":140,"column":30},"end":{"line":142,"column":18}},"65":{"start":{"line":143,"column":16},"end":{"line":148,"column":null}},"66":{"start":{"line":145,"column":18},"end":{"line":147,"column":20}},"67":{"start":{"line":151,"column":31},"end":{"line":151,"column":81}},"68":{"start":{"line":151,"column":59},"end":{"line":151,"column":80}},"69":{"start":{"line":153,"column":29},"end":{"line":153,"column":84}},"70":{"start":{"line":154,"column":35},"end":{"line":154,"column":53}},"71":{"start":{"line":155,"column":14},"end":{"line":155,"column":66}},"72":{"start":{"line":156,"column":14},"end":{"line":156,"column":58}},"73":{"start":{"line":157,"column":14},"end":{"line":157,"column":53}},"74":{"start":{"line":158,"column":14},"end":{"line":158,"column":60}},"75":{"start":{"line":159,"column":14},"end":{"line":159,"column":51}},"76":{"start":{"line":160,"column":14},"end":{"line":160,"column":48}},"77":{"start":{"line":161,"column":14},"end":{"line":161,"column":46}},"78":{"start":{"line":162,"column":14},"end":{"line":162,"column":40}},"79":{"start":{"line":164,"column":14},"end":{"line":164,"column":98}},"80":{"start":{"line":166,"column":14},"end":{"line":166,"column":46}},"81":{"start":{"line":171,"column":8},"end":{"line":173,"column":null}},"82":{"start":{"line":172,"column":10},"end":{"line":172,"column":42}},"83":{"start":{"line":175,"column":8},"end":{"line":175,"column":40}},"84":{"start":{"line":178,"column":6},"end":{"line":178,"column":19}},"85":{"start":{"line":181,"column":4},"end":{"line":204,"column":9}},"86":{"start":{"line":183,"column":24},"end":{"line":183,"column":46}},"87":{"start":{"line":185,"column":8},"end":{"line":193,"column":11}},"88":{"start":{"line":196,"column":8},"end":{"line":203,"column":48}},"89":{"start":{"line":203,"column":28},"end":{"line":203,"column":46}},"90":{"start":{"line":206,"column":4},"end":{"line":206,"column":41}},"91":{"start":{"line":212,"column":18},"end":{"line":214,"column":6}},"92":{"start":{"line":215,"column":23},"end":{"line":215,"column":50}},"93":{"start":{"line":216,"column":4},"end":{"line":218,"column":null}},"94":{"start":{"line":217,"column":6},"end":{"line":217,"column":48}},"95":{"start":{"line":220,"column":25},"end":{"line":223,"column":6}},"96":{"start":{"line":224,"column":20},"end":{"line":224,"column":46}},"97":{"start":{"line":225,"column":20},"end":{"line":225,"column":46}},"98":{"start":{"line":229,"column":4},"end":{"line":258,"column":null}},"99":{"start":{"line":231,"column":6},"end":{"line":244,"column":null}},"100":{"start":{"line":232,"column":8},"end":{"line":243,"column":11}},"101":{"start":{"line":233,"column":10},"end":{"line":233,"column":34}},"102":{"start":{"line":234,"column":10},"end":{"line":234,"column":52}},"103":{"start":{"line":235,"column":10},"end":{"line":235,"column":42}},"104":{"start":{"line":236,"column":10},"end":{"line":236,"column":71}},"105":{"start":{"line":238,"column":10},"end":{"line":238,"column":52}},"106":{"start":{"line":239,"column":10},"end":{"line":239,"column":68}},"107":{"start":{"line":241,"column":10},"end":{"line":241,"column":52}},"108":{"start":{"line":242,"column":10},"end":{"line":242,"column":61}},"109":{"start":{"line":246,"column":6},"end":{"line":257,"column":9}},"110":{"start":{"line":247,"column":8},"end":{"line":247,"column":50}},"111":{"start":{"line":248,"column":8},"end":{"line":248,"column":50}},"112":{"start":{"line":249,"column":8},"end":{"line":249,"column":40}},"113":{"start":{"line":250,"column":8},"end":{"line":250,"column":69}},"114":{"start":{"line":252,"column":8},"end":{"line":252,"column":49}},"115":{"start":{"line":253,"column":8},"end":{"line":253,"column":66}},"116":{"start":{"line":255,"column":8},"end":{"line":255,"column":49}},"117":{"start":{"line":256,"column":8},"end":{"line":256,"column":59}},"118":{"start":{"line":260,"column":4},"end":{"line":260,"column":56}},"119":{"start":{"line":39,"column":2},"end":{"line":50,"column":null}},"120":{"start":{"line":54,"column":2},"end":{"line":60,"column":null}},"121":{"start":{"line":64,"column":2},"end":{"line":207,"column":null}},"122":{"start":{"line":211,"column":2},"end":{"line":261,"column":null}},"123":{"start":{"line":36,"column":13},"end":{"line":262,"column":null}},"124":{"start":{"line":36,"column":13},"end":{"line":36,"column":28}}},"fnMap":{"0":{"name":"(anonymous_4)","decl":{"start":{"line":39,"column":2},"end":{"line":39,"column":7}},"loc":{"start":{"line":39,"column":65},"end":{"line":50,"column":3}}},"1":{"name":"(anonymous_5)","decl":{"start":{"line":54,"column":2},"end":{"line":54,"column":7}},"loc":{"start":{"line":54,"column":58},"end":{"line":60,"column":3}}},"2":{"name":"(anonymous_6)","decl":{"start":{"line":64,"column":2},"end":{"line":64,"column":7}},"loc":{"start":{"line":64,"column":79},"end":{"line":207,"column":3}}},"3":{"name":"(anonymous_7)","decl":{"start":{"line":76,"column":21},"end":{"line":76,"column":26}},"loc":{"start":{"line":76,"column":32},"end":{"line":179,"column":5}}},"4":{"name":"(anonymous_8)","decl":{"start":{"line":81,"column":35},"end":{"line":81,"column":36}},"loc":{"start":{"line":81,"column":44},"end":{"line":81,"column":50}}},"5":{"name":"(anonymous_9)","decl":{"start":{"line":101,"column":37},"end":{"line":101,"column":38}},"loc":{"start":{"line":101,"column":46},"end":{"line":101,"column":64}}},"6":{"name":"(anonymous_10)","decl":{"start":{"line":151,"column":50},"end":{"line":151,"column":51}},"loc":{"start":{"line":151,"column":59},"end":{"line":151,"column":80}}},"7":{"name":"(anonymous_11)","decl":{"start":{"line":182,"column":12},"end":{"line":182,"column":13}},"loc":{"start":{"line":182,"column":35},"end":{"line":194,"column":7}}},"8":{"name":"(anonymous_12)","decl":{"start":{"line":195,"column":13},"end":{"line":195,"column":14}},"loc":{"start":{"line":195,"column":23},"end":{"line":204,"column":7}}},"9":{"name":"(anonymous_13)","decl":{"start":{"line":203,"column":17},"end":{"line":203,"column":18}},"loc":{"start":{"line":203,"column":28},"end":{"line":203,"column":46}}},"10":{"name":"(anonymous_14)","decl":{"start":{"line":211,"column":2},"end":{"line":211,"column":7}},"loc":{"start":{"line":211,"column":95},"end":{"line":261,"column":3}}},"11":{"name":"(anonymous_15)","decl":{"start":{"line":232,"column":40},"end":{"line":232,"column":45}},"loc":{"start":{"line":232,"column":58},"end":{"line":243,"column":9}}},"12":{"name":"(anonymous_16)","decl":{"start":{"line":246,"column":38},"end":{"line":246,"column":43}},"loc":{"start":{"line":246,"column":56},"end":{"line":257,"column":7}}}},"branchMap":{"0":{"loc":{"start":{"line":44,"column":4},"end":{"line":46,"column":null}},"type":"if","locations":[{"start":{"line":44,"column":4},"end":{"line":46,"column":null}}]},"1":{"loc":{"start":{"line":70,"column":4},"end":{"line":72,"column":null}},"type":"if","locations":[{"start":{"line":70,"column":4},"end":{"line":72,"column":null}}]},"2":{"loc":{"start":{"line":85,"column":8},"end":{"line":87,"column":null}},"type":"if","locations":[{"start":{"line":85,"column":8},"end":{"line":87,"column":null}}]},"3":{"loc":{"start":{"line":94,"column":8},"end":{"line":96,"column":null}},"type":"if","locations":[{"start":{"line":94,"column":8},"end":{"line":96,"column":null}}]},"4":{"loc":{"start":{"line":105,"column":10},"end":{"line":107,"column":null}},"type":"if","locations":[{"start":{"line":105,"column":10},"end":{"line":107,"column":null}}]},"5":{"loc":{"start":{"line":111,"column":10},"end":{"line":113,"column":null}},"type":"if","locations":[{"start":{"line":111,"column":10},"end":{"line":113,"column":null}}]},"6":{"loc":{"start":{"line":127,"column":14},"end":{"line":129,"column":null}},"type":"if","locations":[{"start":{"line":127,"column":14},"end":{"line":129,"column":null}}]},"7":{"loc":{"start":{"line":131,"column":14},"end":{"line":133,"column":null}},"type":"if","locations":[{"start":{"line":131,"column":14},"end":{"line":133,"column":null}}]},"8":{"loc":{"start":{"line":139,"column":14},"end":{"line":149,"column":null}},"type":"if","locations":[{"start":{"line":139,"column":14},"end":{"line":149,"column":null}}]},"9":{"loc":{"start":{"line":143,"column":16},"end":{"line":148,"column":null}},"type":"if","locations":[{"start":{"line":143,"column":16},"end":{"line":148,"column":null}}]},"10":{"loc":{"start":{"line":171,"column":8},"end":{"line":173,"column":null}},"type":"if","locations":[{"start":{"line":171,"column":8},"end":{"line":173,"column":null}}]},"11":{"loc":{"start":{"line":187,"column":18},"end":{"line":187,"column":99}},"type":"cond-expr","locations":[{"start":{"line":187,"column":56},"end":{"line":187,"column":76}},{"start":{"line":187,"column":79},"end":{"line":187,"column":99}}]},"12":{"loc":{"start":{"line":187,"column":18},"end":{"line":187,"column":53}},"type":"binary-expr","locations":[{"start":{"line":187,"column":18},"end":{"line":187,"column":34}},{"start":{"line":187,"column":38},"end":{"line":187,"column":53}}]},"13":{"loc":{"start":{"line":191,"column":18},"end":{"line":191,"column":90}},"type":"cond-expr","locations":[{"start":{"line":191,"column":40},"end":{"line":191,"column":80}},{"start":{"line":191,"column":83},"end":{"line":191,"column":90}}]},"14":{"loc":{"start":{"line":216,"column":4},"end":{"line":218,"column":null}},"type":"if","locations":[{"start":{"line":216,"column":4},"end":{"line":218,"column":null}}]},"15":{"loc":{"start":{"line":229,"column":4},"end":{"line":258,"column":null}},"type":"if","locations":[{"start":{"line":229,"column":4},"end":{"line":258,"column":null}},{"start":{"line":245,"column":11},"end":{"line":258,"column":null}}]},"16":{"loc":{"start":{"line":231,"column":6},"end":{"line":244,"column":null}},"type":"if","locations":[{"start":{"line":231,"column":6},"end":{"line":244,"column":null}}]}},"s":{"0":1,"1":1,"2":1,"3":1,"4":1,"5":1,"6":1,"7":1,"8":1,"9":1,"10":1,"11":1,"12":1,"13":1,"14":1,"15":1,"16":1,"17":1,"18":1,"19":1,"20":1,"21":1,"22":0,"23":0,"24":0,"25":0,"26":0,"27":0,"28":0,"29":0,"30":0,"31":0,"32":0,"33":0,"34":0,"35":0,"36":0,"37":0,"38":0,"39":0,"40":0,"41":0,"42":0,"43":0,"44":0,"45":0,"46":0,"47":0,"48":0,"49":0,"50":0,"51":0,"52":0,"53":0,"54":0,"55":0,"56":0,"57":0,"58":0,"59":0,"60":0,"61":0,"62":0,"63":0,"64":0,"65":0,"66":0,"67":0,"68":0,"69":0,"70":0,"71":0,"72":0,"73":0,"74":0,"75":0,"76":0,"77":0,"78":0,"79":0,"80":0,"81":0,"82":0,"83":0,"84":0,"85":0,"86":0,"87":0,"88":0,"89":0,"90":0,"91":1,"92":1,"93":1,"94":1,"95":0,"96":0,"97":0,"98":0,"99":0,"100":0,"101":0,"102":0,"103":0,"104":0,"105":0,"106":0,"107":0,"108":0,"109":0,"110":0,"111":0,"112":0,"113":0,"114":0,"115":0,"116":0,"117":0,"118":0,"119":1,"120":1,"121":1,"122":1,"123":1,"124":1},"f":{"0":0,"1":0,"2":0,"3":0,"4":0,"5":0,"6":0,"7":0,"8":0,"9":0,"10":1,"11":0,"12":0},"b":{"0":[0],"1":[0],"2":[0],"3":[0],"4":[0],"5":[0],"6":[0],"7":[0],"8":[0],"9":[0],"10":[0],"11":[0,0],"12":[0,0],"13":[0,0],"14":[1],"15":[0,0],"16":[0]}}
,"/Users/shelysalsadila/work/ordero-api-v2/src/config/database.config.ts": {"path":"/Users/shelysalsadila/work/ordero-api-v2/src/config/database.config.ts","statementMap":{"0":{"start":{"line":1,"column":0},"end":{"line":1,"column":52}},"1":{"start":{"line":2,"column":0},"end":{"line":2,"column":51}},"2":{"start":{"line":3,"column":0},"end":{"line":3,"column":75}},"3":{"start":{"line":6,"column":45},"end":{"line":15,"column":2}},"4":{"start":{"line":17,"column":17},"end":{"line":17,"column":22}},"5":{"start":{"line":18,"column":0},"end":{"line":40,"column":null}},"6":{"start":{"line":19,"column":16},"end":{"line":25,"column":4}},"7":{"start":{"line":27,"column":21},"end":{"line":27,"column":72}},"8":{"start":{"line":28,"column":17},"end":{"line":28,"column":93}},"9":{"start":{"line":29,"column":2},"end":{"line":31,"column":null}},"10":{"start":{"line":30,"column":4},"end":{"line":30,"column":73}},"11":{"start":{"line":33,"column":2},"end":{"line":39,"column":4}},"12":{"start":{"line":43,"column":16},"end":{"line":64,"column":null}},"13":{"start":{"line":68,"column":17},"end":{"line":75,"column":null}},"14":{"start":{"line":78,"column":13},"end":{"line":78,"column":96}}},"fnMap":{},"branchMap":{"0":{"loc":{"start":{"line":18,"column":0},"end":{"line":40,"column":null}},"type":"if","locations":[{"start":{"line":18,"column":0},"end":{"line":40,"column":null}}]},"1":{"loc":{"start":{"line":27,"column":21},"end":{"line":27,"column":72}},"type":"cond-expr","locations":[{"start":{"line":27,"column":54},"end":{"line":27,"column":62}},{"start":{"line":27,"column":65},"end":{"line":27,"column":72}}]},"2":{"loc":{"start":{"line":27,"column":21},"end":{"line":27,"column":51}},"type":"binary-expr","locations":[{"start":{"line":27,"column":21},"end":{"line":27,"column":30}},{"start":{"line":27,"column":34},"end":{"line":27,"column":51}}]},"3":{"loc":{"start":{"line":29,"column":2},"end":{"line":31,"column":null}},"type":"if","locations":[{"start":{"line":29,"column":2},"end":{"line":31,"column":null}}]},"4":{"loc":{"start":{"line":78,"column":46},"end":{"line":78,"column":95}},"type":"cond-expr","locations":[{"start":{"line":78,"column":71},"end":{"line":78,"column":82}},{"start":{"line":78,"column":85},"end":{"line":78,"column":95}}]}},"s":{"0":1,"1":1,"2":1,"3":1,"4":1,"5":1,"6":0,"7":0,"8":0,"9":0,"10":0,"11":0,"12":1,"13":1,"14":1},"f":{},"b":{"0":[0],"1":[0,0],"2":[0,0],"3":[0],"4":[0,1]}}
,"/Users/shelysalsadila/work/ordero-api-v2/src/core/decorators/location.decorator.ts": {"path":"/Users/shelysalsadila/work/ordero-api-v2/src/core/decorators/location.decorator.ts","statementMap":{"0":{"start":{"line":1,"column":0},"end":{"line":1,"column":72}},"1":{"start":{"line":3,"column":13},"end":{"line":7,"column":3}},"2":{"start":{"line":4,"column":18},"end":{"line":4,"column":49}},"3":{"start":{"line":6,"column":2},"end":{"line":6,"column":42}}},"fnMap":{"0":{"name":"(anonymous_0)","decl":{"start":{"line":3,"column":40},"end":{"line":3,"column":41}},"loc":{"start":{"line":3,"column":81},"end":{"line":7,"column":1}}}},"branchMap":{"0":{"loc":{"start":{"line":6,"column":9},"end":{"line":6,"column":41}},"type":"binary-expr","locations":[{"start":{"line":6,"column":9},"end":{"line":6,"column":33}},{"start":{"line":6,"column":37},"end":{"line":6,"column":41}}]}},"s":{"0":1,"1":1,"2":0,"3":0},"f":{"0":0},"b":{"0":[0,0]}}
,"/Users/shelysalsadila/work/ordero-api-v2/src/core/decorators/restaurant.decorator.ts": {"path":"/Users/shelysalsadila/work/ordero-api-v2/src/core/decorators/restaurant.decorator.ts","statementMap":{"0":{"start":{"line":1,"column":0},"end":{"line":1,"column":91}},"1":{"start":{"line":2,"column":0},"end":{"line":2,"column":29}},"2":{"start":{"line":4,"column":13},"end":{"line":11,"column":3}},"3":{"start":{"line":5,"column":18},"end":{"line":5,"column":49}},"4":{"start":{"line":6,"column":2},"end":{"line":8,"column":null}},"5":{"start":{"line":7,"column":4},"end":{"line":7,"column":59}},"6":{"start":{"line":10,"column":2},"end":{"line":10,"column":36}}},"fnMap":{"0":{"name":"(anonymous_0)","decl":{"start":{"line":4,"column":41},"end":{"line":4,"column":42}},"loc":{"start":{"line":4,"column":82},"end":{"line":11,"column":1}}}},"branchMap":{"0":{"loc":{"start":{"line":6,"column":2},"end":{"line":8,"column":null}},"type":"if","locations":[{"start":{"line":6,"column":2},"end":{"line":8,"column":null}}]}},"s":{"0":1,"1":1,"2":1,"3":0,"4":0,"5":0,"6":0},"f":{"0":0},"b":{"0":[0]}}
,"/Users/shelysalsadila/work/ordero-api-v2/src/core/decorators/user.decorator.ts": {"path":"/Users/shelysalsadila/work/ordero-api-v2/src/core/decorators/user.decorator.ts","statementMap":{"0":{"start":{"line":1,"column":0},"end":{"line":1,"column":72}},"1":{"start":{"line":3,"column":13},"end":{"line":6,"column":3}},"2":{"start":{"line":4,"column":18},"end":{"line":4,"column":49}},"3":{"start":{"line":5,"column":2},"end":{"line":5,"column":22}}},"fnMap":{"0":{"name":"(anonymous_0)","decl":{"start":{"line":3,"column":39},"end":{"line":3,"column":40}},"loc":{"start":{"line":3,"column":80},"end":{"line":6,"column":1}}}},"branchMap":{},"s":{"0":1,"1":1,"2":0,"3":0},"f":{"0":0},"b":{}}
,"/Users/shelysalsadila/work/ordero-api-v2/src/core/guards/auth.guard.ts": {"path":"/Users/shelysalsadila/work/ordero-api-v2/src/core/guards/auth.guard.ts","statementMap":{"0":{"start":{"line":1,"column":0},"end":{"line":1,"column":65}},"1":{"start":{"line":2,"column":0},"end":{"line":2,"column":88}},"2":{"start":{"line":3,"column":0},"end":{"line":3,"column":59}},"3":{"start":{"line":4,"column":0},"end":{"line":4,"column":37}},"4":{"start":{"line":6,"column":23},"end":{"line":9,"column":2}},"5":{"start":{"line":12,"column":16},"end":{"line":12,"column":18}},"6":{"start":{"line":13,"column":2},"end":{"line":22,"column":4}},"7":{"start":{"line":14,"column":14},"end":{"line":14,"column":34}},"8":{"start":{"line":15,"column":4},"end":{"line":21,"column":null}},"9":{"start":{"line":16,"column":6},"end":{"line":16,"column":22}},"10":{"start":{"line":18,"column":21},"end":{"line":18,"column":56}},"11":{"start":{"line":19,"column":6},"end":{"line":19,"column":24}},"12":{"start":{"line":20,"column":6},"end":{"line":20,"column":20}},"13":{"start":{"line":25,"column":30},"end":{"line":34,"column":null}},"14":{"start":{"line":25,"column":53},"end":{"line":34,"column":null}},"15":{"start":{"line":26,"column":2},"end":{"line":34,"column":null}},"16":{"start":{"line":27,"column":4},"end":{"line":34,"column":69}},"17":{"start":{"line":28,"column":6},"end":{"line":33,"column":null}},"18":{"start":{"line":29,"column":8},"end":{"line":29,"column":32}},"19":{"start":{"line":30,"column":8},"end":{"line":30,"column":58}},"20":{"start":{"line":32,"column":8},"end":{"line":32,"column":20}},"21":{"start":{"line":34,"column":36},"end":{"line":34,"column":67}},"22":{"start":{"line":42,"column":0},"end":{"line":88,"column":null}},"23":{"start":{"line":45,"column":45},"end":{"line":45,"column":55}},"24":{"start":{"line":43,"column":12},"end":{"line":43,"column":44}},"25":{"start":{"line":46,"column":4},"end":{"line":46,"column":38}},"26":{"start":{"line":47,"column":4},"end":{"line":51,"column":null}},"27":{"start":{"line":48,"column":6},"end":{"line":50,"column":8}},"28":{"start":{"line":55,"column":17},"end":{"line":55,"column":58}},"29":{"start":{"line":56,"column":32},"end":{"line":56,"column":96}},"30":{"start":{"line":57,"column":23},"end":{"line":57,"column":63}},"31":{"start":{"line":58,"column":4},"end":{"line":62,"column":6}},"32":{"start":{"line":61,"column":35},"end":{"line":61,"column":87}},"33":{"start":{"line":64,"column":4},"end":{"line":64,"column":16}},"34":{"start":{"line":68,"column":4},"end":{"line":68,"column":47}},"35":{"start":{"line":72,"column":17},"end":{"line":72,"column":74}},"36":{"start":{"line":73,"column":4},"end":{"line":73,"column":110}},"37":{"start":{"line":73,"column":43},"end":{"line":73,"column":108}},"38":{"start":{"line":73,"column":73},"end":{"line":73,"column":106}},"39":{"start":{"line":78,"column":4},"end":{"line":80,"column":null}},"40":{"start":{"line":79,"column":6},"end":{"line":79,"column":72}},"41":{"start":{"line":82,"column":4},"end":{"line":84,"column":null}},"42":{"start":{"line":83,"column":6},"end":{"line":83,"column":75}},"43":{"start":{"line":86,"column":4},"end":{"line":86,"column":16}},"44":{"start":{"line":42,"column":6},"end":{"line":88,"column":null}},"45":{"start":{"line":92,"column":14},"end":{"line":92,"column":45}},"46":{"start":{"line":95,"column":2},"end":{"line":95,"column":31}},"47":{"start":{"line":98,"column":13},"end":{"line":98,"column":98}},"48":{"start":{"line":102,"column":14},"end":{"line":102,"column":45}},"49":{"start":{"line":106,"column":6},"end":{"line":108,"column":null}},"50":{"start":{"line":107,"column":8},"end":{"line":107,"column":74}},"51":{"start":{"line":110,"column":6},"end":{"line":110,"column":18}},"52":{"start":{"line":114,"column":2},"end":{"line":114,"column":31}},"53":{"start":{"line":117,"column":13},"end":{"line":117,"column":108}},"54":{"start":{"line":121,"column":14},"end":{"line":121,"column":45}},"55":{"start":{"line":124,"column":2},"end":{"line":124,"column":31}},"56":{"start":{"line":127,"column":13},"end":{"line":127,"column":96}},"57":{"start":{"line":132,"column":14},"end":{"line":132,"column":45}},"58":{"start":{"line":135,"column":2},"end":{"line":135,"column":31}},"59":{"start":{"line":138,"column":13},"end":{"line":138,"column":108}},"60":{"start":{"line":143,"column":14},"end":{"line":143,"column":45}},"61":{"start":{"line":146,"column":2},"end":{"line":146,"column":31}},"62":{"start":{"line":149,"column":13},"end":{"line":149,"column":108}}},"fnMap":{"0":{"name":"memoize","decl":{"start":{"line":11,"column":9},"end":{"line":11,"column":16}},"loc":{"start":{"line":11,"column":24},"end":{"line":23,"column":1}}},"1":{"name":"(anonymous_5)","decl":{"start":{"line":13,"column":9},"end":{"line":13,"column":10}},"loc":{"start":{"line":13,"column":21},"end":{"line":22,"column":3}}},"2":{"name":"(anonymous_6)","decl":{"start":{"line":25,"column":30},"end":{"line":25,"column":31}},"loc":{"start":{"line":25,"column":53},"end":{"line":34,"column":null}}},"3":{"name":"(anonymous_7)","decl":{"start":{"line":25,"column":53},"end":{"line":25,"column":54}},"loc":{"start":{"line":26,"column":2},"end":{"line":34,"column":null}}},"4":{"name":"(anonymous_8)","decl":{"start":{"line":26,"column":14},"end":{"line":26,"column":15}},"loc":{"start":{"line":27,"column":4},"end":{"line":34,"column":69}}},"5":{"name":"(anonymous_9)","decl":{"start":{"line":27,"column":41},"end":{"line":27,"column":42}},"loc":{"start":{"line":27,"column":69},"end":{"line":34,"column":5}}},"6":{"name":"(anonymous_10)","decl":{"start":{"line":34,"column":26},"end":{"line":34,"column":27}},"loc":{"start":{"line":34,"column":36},"end":{"line":34,"column":67}}},"7":{"name":"(anonymous_11)","decl":{"start":{"line":45,"column":2},"end":{"line":45,"column":15}},"loc":{"start":{"line":45,"column":72},"end":{"line":52,"column":3}}},"8":{"name":"(anonymous_12)","decl":{"start":{"line":54,"column":2},"end":{"line":54,"column":7}},"loc":{"start":{"line":54,"column":45},"end":{"line":65,"column":3}}},"9":{"name":"(anonymous_13)","decl":{"start":{"line":61,"column":6},"end":{"line":61,"column":7}},"loc":{"start":{"line":61,"column":35},"end":{"line":61,"column":87}}},"10":{"name":"(anonymous_14)","decl":{"start":{"line":67,"column":2},"end":{"line":67,"column":12}},"loc":{"start":{"line":67,"column":47},"end":{"line":69,"column":3}}},"11":{"name":"(anonymous_15)","decl":{"start":{"line":71,"column":2},"end":{"line":71,"column":7}},"loc":{"start":{"line":71,"column":94},"end":{"line":74,"column":3}}},"12":{"name":"(anonymous_16)","decl":{"start":{"line":73,"column":22},"end":{"line":73,"column":23}},"loc":{"start":{"line":73,"column":43},"end":{"line":73,"column":108}}},"13":{"name":"(anonymous_17)","decl":{"start":{"line":73,"column":63},"end":{"line":73,"column":64}},"loc":{"start":{"line":73,"column":73},"end":{"line":73,"column":106}}},"14":{"name":"(anonymous_18)","decl":{"start":{"line":77,"column":2},"end":{"line":77,"column":15}},"loc":{"start":{"line":77,"column":48},"end":{"line":87,"column":3}}},"15":{"name":"createAuthGuard","decl":{"start":{"line":90,"column":9},"end":{"line":90,"column":24}},"loc":{"start":{"line":90,"column":56},"end":{"line":96,"column":1}}},"16":{"name":"(anonymous_20)","decl":{"start":{"line":91,"column":2},"end":{"line":91,"column":8}},"loc":{"start":{"line":91,"column":2},"end":{"line":93,"column":3}}},"17":{"name":"createBasicAuthGuard","decl":{"start":{"line":100,"column":9},"end":{"line":100,"column":29}},"loc":{"start":{"line":100,"column":61},"end":{"line":115,"column":1}}},"18":{"name":"(anonymous_22)","decl":{"start":{"line":101,"column":2},"end":{"line":101,"column":8}},"loc":{"start":{"line":101,"column":2},"end":{"line":112,"column":3}}},"19":{"name":"(anonymous_23)","decl":{"start":{"line":105,"column":4},"end":{"line":105,"column":17}},"loc":{"start":{"line":105,"column":50},"end":{"line":111,"column":5}}},"20":{"name":"createApiGuard","decl":{"start":{"line":119,"column":9},"end":{"line":119,"column":23}},"loc":{"start":{"line":119,"column":58},"end":{"line":125,"column":1}}},"21":{"name":"(anonymous_25)","decl":{"start":{"line":120,"column":2},"end":{"line":120,"column":8}},"loc":{"start":{"line":120,"column":2},"end":{"line":122,"column":3}}},"22":{"name":"createOwnerAuthGuard","decl":{"start":{"line":130,"column":9},"end":{"line":130,"column":29}},"loc":{"start":{"line":130,"column":67},"end":{"line":136,"column":1}}},"23":{"name":"(anonymous_27)","decl":{"start":{"line":131,"column":2},"end":{"line":131,"column":8}},"loc":{"start":{"line":131,"column":2},"end":{"line":133,"column":3}}},"24":{"name":"createStaffAuthGuard","decl":{"start":{"line":141,"column":9},"end":{"line":141,"column":29}},"loc":{"start":{"line":141,"column":67},"end":{"line":147,"column":1}}},"25":{"name":"(anonymous_29)","decl":{"start":{"line":142,"column":2},"end":{"line":142,"column":8}},"loc":{"start":{"line":142,"column":2},"end":{"line":144,"column":3}}}},"branchMap":{"0":{"loc":{"start":{"line":14,"column":14},"end":{"line":14,"column":34}},"type":"binary-expr","locations":[{"start":{"line":14,"column":14},"end":{"line":14,"column":21}},{"start":{"line":14,"column":25},"end":{"line":14,"column":34}}]},"1":{"loc":{"start":{"line":15,"column":4},"end":{"line":21,"column":null}},"type":"if","locations":[{"start":{"line":15,"column":4},"end":{"line":21,"column":null}},{"start":{"line":17,"column":11},"end":{"line":21,"column":null}}]},"2":{"loc":{"start":{"line":18,"column":24},"end":{"line":18,"column":55}},"type":"cond-expr","locations":[{"start":{"line":18,"column":42},"end":{"line":18,"column":51}},{"start":{"line":18,"column":54},"end":{"line":18,"column":55}}]},"3":{"loc":{"start":{"line":34,"column":36},"end":{"line":34,"column":67}},"type":"cond-expr","locations":[{"start":{"line":34,"column":42},"end":{"line":34,"column":53}},{"start":{"line":34,"column":56},"end":{"line":34,"column":67}}]},"4":{"loc":{"start":{"line":46,"column":19},"end":{"line":46,"column":37}},"type":"binary-expr","locations":[{"start":{"line":46,"column":19},"end":{"line":46,"column":31}},{"start":{"line":46,"column":35},"end":{"line":46,"column":37}}]},"5":{"loc":{"start":{"line":47,"column":4},"end":{"line":51,"column":null}},"type":"if","locations":[{"start":{"line":47,"column":4},"end":{"line":51,"column":null}}]},"6":{"loc":{"start":{"line":47,"column":8},"end":{"line":47,"column":51}},"type":"binary-expr","locations":[{"start":{"line":47,"column":8},"end":{"line":47,"column":18}},{"start":{"line":47,"column":22},"end":{"line":47,"column":51}}]},"7":{"loc":{"start":{"line":58,"column":12},"end":{"line":58,"column":55}},"type":"binary-expr","locations":[{"start":{"line":58,"column":12},"end":{"line":58,"column":28}},{"start":{"line":58,"column":32},"end":{"line":58,"column":55}}]},"8":{"loc":{"start":{"line":59,"column":6},"end":{"line":59,"column":47}},"type":"binary-expr","locations":[{"start":{"line":59,"column":6},"end":{"line":59,"column":15}},{"start":{"line":59,"column":19},"end":{"line":59,"column":47}}]},"9":{"loc":{"start":{"line":72,"column":25},"end":{"line":72,"column":73}},"type":"binary-expr","locations":[{"start":{"line":72,"column":25},"end":{"line":72,"column":46}},{"start":{"line":72,"column":50},"end":{"line":72,"column":73}}]},"10":{"loc":{"start":{"line":73,"column":73},"end":{"line":73,"column":106}},"type":"cond-expr","locations":[{"start":{"line":73,"column":79},"end":{"line":73,"column":90}},{"start":{"line":73,"column":93},"end":{"line":73,"column":106}}]},"11":{"loc":{"start":{"line":78,"column":4},"end":{"line":80,"column":null}},"type":"if","locations":[{"start":{"line":78,"column":4},"end":{"line":80,"column":null}}]},"12":{"loc":{"start":{"line":78,"column":8},"end":{"line":78,"column":20}},"type":"binary-expr","locations":[{"start":{"line":78,"column":8},"end":{"line":78,"column":11}},{"start":{"line":78,"column":15},"end":{"line":78,"column":20}}]},"13":{"loc":{"start":{"line":79,"column":12},"end":{"line":79,"column":71}},"type":"binary-expr","locations":[{"start":{"line":79,"column":12},"end":{"line":79,"column":15}},{"start":{"line":79,"column":19},"end":{"line":79,"column":71}}]},"14":{"loc":{"start":{"line":79,"column":38},"end":{"line":79,"column":70}},"type":"binary-expr","locations":[{"start":{"line":79,"column":38},"end":{"line":79,"column":50}},{"start":{"line":79,"column":54},"end":{"line":79,"column":70}}]},"15":{"loc":{"start":{"line":82,"column":4},"end":{"line":84,"column":null}},"type":"if","locations":[{"start":{"line":82,"column":4},"end":{"line":84,"column":null}}]},"16":{"loc":{"start":{"line":90,"column":25},"end":{"line":90,"column":56}},"type":"default-arg","locations":[{"start":{"line":90,"column":51},"end":{"line":90,"column":56}}]},"17":{"loc":{"start":{"line":100,"column":30},"end":{"line":100,"column":61}},"type":"default-arg","locations":[{"start":{"line":100,"column":56},"end":{"line":100,"column":61}}]},"18":{"loc":{"start":{"line":106,"column":6},"end":{"line":108,"column":null}},"type":"if","locations":[{"start":{"line":106,"column":6},"end":{"line":108,"column":null}}]},"19":{"loc":{"start":{"line":106,"column":10},"end":{"line":106,"column":22}},"type":"binary-expr","locations":[{"start":{"line":106,"column":10},"end":{"line":106,"column":13}},{"start":{"line":106,"column":17},"end":{"line":106,"column":22}}]},"20":{"loc":{"start":{"line":107,"column":14},"end":{"line":107,"column":73}},"type":"binary-expr","locations":[{"start":{"line":107,"column":14},"end":{"line":107,"column":17}},{"start":{"line":107,"column":21},"end":{"line":107,"column":73}}]},"21":{"loc":{"start":{"line":107,"column":40},"end":{"line":107,"column":72}},"type":"binary-expr","locations":[{"start":{"line":107,"column":40},"end":{"line":107,"column":52}},{"start":{"line":107,"column":56},"end":{"line":107,"column":72}}]},"22":{"loc":{"start":{"line":119,"column":24},"end":{"line":119,"column":58}},"type":"default-arg","locations":[{"start":{"line":119,"column":50},"end":{"line":119,"column":58}}]},"23":{"loc":{"start":{"line":130,"column":30},"end":{"line":130,"column":67}},"type":"default-arg","locations":[{"start":{"line":130,"column":56},"end":{"line":130,"column":67}}]},"24":{"loc":{"start":{"line":141,"column":30},"end":{"line":141,"column":67}},"type":"default-arg","locations":[{"start":{"line":141,"column":56},"end":{"line":141,"column":67}}]}},"s":{"0":1,"1":1,"2":1,"3":1,"4":1,"5":5,"6":5,"7":1,"8":1,"9":0,"10":1,"11":1,"12":1,"13":1,"14":0,"15":0,"16":0,"17":0,"18":0,"19":0,"20":0,"21":0,"22":1,"23":1,"24":1,"25":1,"26":1,"27":0,"28":0,"29":0,"30":0,"31":0,"32":0,"33":0,"34":0,"35":0,"36":0,"37":0,"38":0,"39":0,"40":0,"41":0,"42":0,"43":0,"44":1,"45":0,"46":0,"47":1,"48":0,"49":0,"50":0,"51":0,"52":0,"53":1,"54":0,"55":0,"56":1,"57":0,"58":0,"59":1,"60":1,"61":1,"62":1},"f":{"0":5,"1":1,"2":0,"3":0,"4":0,"5":0,"6":0,"7":1,"8":0,"9":0,"10":0,"11":0,"12":0,"13":0,"14":0,"15":0,"16":0,"17":0,"18":0,"19":0,"20":0,"21":0,"22":0,"23":0,"24":1,"25":1},"b":{"0":[1,1],"1":[0,1],"2":[1,0],"3":[0,0],"4":[1,1],"5":[0],"6":[1,0],"7":[0,0],"8":[0,0],"9":[0,0],"10":[0,0],"11":[0],"12":[0,0],"13":[0,0],"14":[0,0],"15":[0],"16":[0],"17":[0],"18":[0],"19":[0,0],"20":[0,0],"21":[0,0],"22":[0],"23":[0],"24":[1]}}
,"/Users/shelysalsadila/work/ordero-api-v2/src/core/services/role.service.ts": {"path":"/Users/shelysalsadila/work/ordero-api-v2/src/core/services/role.service.ts","statementMap":{"0":{"start":{"line":1,"column":0},"end":{"line":1,"column":60}},"1":{"start":{"line":3,"column":0},"end":{"line":3,"column":44}},"2":{"start":{"line":4,"column":0},"end":{"line":4,"column":30}},"3":{"start":{"line":6,"column":0},"end":{"line":6,"column":null}},"4":{"start":{"line":7,"column":2},"end":{"line":7,"column":null}},"5":{"start":{"line":8,"column":2},"end":{"line":8,"column":null}},"6":{"start":{"line":9,"column":2},"end":{"line":9,"column":null}},"7":{"start":{"line":10,"column":2},"end":{"line":10,"column":null}},"8":{"start":{"line":13,"column":0},"end":{"line":13,"column":null}},"9":{"start":{"line":14,"column":2},"end":{"line":14,"column":null}},"10":{"start":{"line":15,"column":2},"end":{"line":15,"column":null}},"11":{"start":{"line":16,"column":2},"end":{"line":16,"column":null}},"12":{"start":{"line":17,"column":2},"end":{"line":17,"column":null}},"13":{"start":{"line":18,"column":2},"end":{"line":18,"column":null}},"14":{"start":{"line":19,"column":2},"end":{"line":19,"column":null}},"15":{"start":{"line":20,"column":2},"end":{"line":20,"column":null}},"16":{"start":{"line":21,"column":2},"end":{"line":21,"column":null}},"17":{"start":{"line":22,"column":2},"end":{"line":22,"column":null}},"18":{"start":{"line":23,"column":2},"end":{"line":23,"column":null}},"19":{"start":{"line":24,"column":2},"end":{"line":24,"column":null}},"20":{"start":{"line":25,"column":2},"end":{"line":25,"column":null}},"21":{"start":{"line":26,"column":2},"end":{"line":26,"column":null}},"22":{"start":{"line":29,"column":0},"end":{"line":29,"column":null}},"23":{"start":{"line":30,"column":2},"end":{"line":30,"column":null}},"24":{"start":{"line":31,"column":2},"end":{"line":31,"column":null}},"25":{"start":{"line":32,"column":2},"end":{"line":32,"column":null}},"26":{"start":{"line":33,"column":2},"end":{"line":33,"column":null}},"27":{"start":{"line":34,"column":2},"end":{"line":34,"column":null}},"28":{"start":{"line":35,"column":2},"end":{"line":35,"column":null}},"29":{"start":{"line":36,"column":2},"end":{"line":36,"column":null}},"30":{"start":{"line":37,"column":2},"end":{"line":37,"column":null}},"31":{"start":{"line":38,"column":2},"end":{"line":38,"column":null}},"32":{"start":{"line":39,"column":2},"end":{"line":39,"column":null}},"33":{"start":{"line":40,"column":2},"end":{"line":40,"column":null}},"34":{"start":{"line":41,"column":2},"end":{"line":41,"column":null}},"35":{"start":{"line":44,"column":13},"end":{"line":44,"column":89}},"36":{"start":{"line":47,"column":0},"end":{"line":92,"column":null}},"37":{"start":{"line":49,"column":19},"end":{"line":49,"column":54}},"38":{"start":{"line":50,"column":27},"end":{"line":50,"column":29}},"39":{"start":{"line":51,"column":4},"end":{"line":53,"column":null}},"40":{"start":{"line":52,"column":6},"end":{"line":52,"column":63}},"41":{"start":{"line":55,"column":24},"end":{"line":83,"column":6}},"42":{"start":{"line":85,"column":4},"end":{"line":90,"column":13}},"43":{"start":{"line":47,"column":13},"end":{"line":92,"column":null}},"44":{"start":{"line":47,"column":13},"end":{"line":47,"column":24}}},"fnMap":{"0":{"name":"(anonymous_1)","decl":{"start":{"line":6,"column":0},"end":{"line":6,"column":12}},"loc":{"start":{"line":6,"column":19},"end":{"line":11,"column":1}}},"1":{"name":"(anonymous_2)","decl":{"start":{"line":13,"column":0},"end":{"line":13,"column":12}},"loc":{"start":{"line":13,"column":21},"end":{"line":27,"column":1}}},"2":{"name":"(anonymous_3)","decl":{"start":{"line":29,"column":0},"end":{"line":29,"column":12}},"loc":{"start":{"line":29,"column":21},"end":{"line":42,"column":1}}},"3":{"name":"(anonymous_4)","decl":{"start":{"line":48,"column":2},"end":{"line":48,"column":9}},"loc":{"start":{"line":48,"column":9},"end":{"line":91,"column":3}}}},"branchMap":{"0":{"loc":{"start":{"line":6,"column":12},"end":{"line":6,"column":null}},"type":"binary-expr","locations":[{"start":{"line":6,"column":12},"end":{"line":6,"column":19}},{"start":{"line":6,"column":12},"end":{"line":6,"column":null}}]},"1":{"loc":{"start":{"line":13,"column":12},"end":{"line":13,"column":null}},"type":"binary-expr","locations":[{"start":{"line":13,"column":12},"end":{"line":13,"column":21}},{"start":{"line":13,"column":12},"end":{"line":13,"column":null}}]},"2":{"loc":{"start":{"line":29,"column":12},"end":{"line":29,"column":null}},"type":"binary-expr","locations":[{"start":{"line":29,"column":12},"end":{"line":29,"column":21}},{"start":{"line":29,"column":12},"end":{"line":29,"column":null}}]}},"s":{"0":1,"1":1,"2":1,"3":1,"4":1,"5":1,"6":1,"7":1,"8":1,"9":1,"10":1,"11":1,"12":1,"13":1,"14":1,"15":1,"16":1,"17":1,"18":1,"19":1,"20":1,"21":1,"22":1,"23":1,"24":1,"25":1,"26":1,"27":1,"28":1,"29":1,"30":1,"31":1,"32":1,"33":1,"34":1,"35":1,"36":1,"37":0,"38":0,"39":0,"40":0,"41":0,"42":0,"43":1,"44":1},"f":{"0":1,"1":1,"2":1,"3":0},"b":{"0":[1,1],"1":[1,1],"2":[1,1]}}
,"/Users/shelysalsadila/work/ordero-api-v2/src/database/entities/base/base.ts": {"path":"/Users/shelysalsadila/work/ordero-api-v2/src/database/entities/base/base.ts","statementMap":{"0":{"start":{"line":1,"column":0},"end":{"line":1,"column":54}},"1":{"start":{"line":2,"column":0},"end":{"line":2,"column":83}},"2":{"start":{"line":3,"column":0},"end":{"line":3,"column":50}},"3":{"start":{"line":4,"column":0},"end":{"line":4,"column":39}},"4":{"start":{"line":14,"column":4},"end":{"line":16,"column":null}},"5":{"start":{"line":15,"column":6},"end":{"line":15,"column":28}},"6":{"start":{"line":8,"column":2},"end":{"line":8,"column":null}},"7":{"start":{"line":12,"column":2},"end":{"line":17,"column":null}},"8":{"start":{"line":20,"column":2},"end":{"line":20,"column":null}},"9":{"start":{"line":23,"column":2},"end":{"line":23,"column":null}},"10":{"start":{"line":6,"column":0},"end":{"line":6,"column":13}}},"fnMap":{"0":{"name":"(anonymous_2)","decl":{"start":{"line":12,"column":2},"end":{"line":12,"column":16}},"loc":{"start":{"line":12,"column":16},"end":{"line":17,"column":3}}}},"branchMap":{"0":{"loc":{"start":{"line":14,"column":4},"end":{"line":16,"column":null}},"type":"if","locations":[{"start":{"line":14,"column":4},"end":{"line":16,"column":null}}]}},"s":{"0":1,"1":1,"2":1,"3":1,"4":0,"5":0,"6":1,"7":1,"8":1,"9":1,"10":1},"f":{"0":0},"b":{"0":[0]}}
,"/Users/shelysalsadila/work/ordero-api-v2/src/database/entities/base/basic.ts": {"path":"/Users/shelysalsadila/work/ordero-api-v2/src/database/entities/base/basic.ts","statementMap":{"0":{"start":{"line":1,"column":0},"end":{"line":1,"column":74}},"1":{"start":{"line":2,"column":0},"end":{"line":2,"column":79}},"2":{"start":{"line":3,"column":0},"end":{"line":3,"column":51}},"3":{"start":{"line":5,"column":0},"end":{"line":5,"column":63}},"4":{"start":{"line":6,"column":0},"end":{"line":6,"column":44}},"5":{"start":{"line":7,"column":0},"end":{"line":7,"column":null}},"6":{"start":{"line":21,"column":16},"end":{"line":21,"column":44}},"7":{"start":{"line":23,"column":4},"end":{"line":23,"column":19}},"8":{"start":{"line":30,"column":14},"end":{"line":30,"column":68}},"9":{"start":{"line":31,"column":4},"end":{"line":33,"column":null}},"10":{"start":{"line":32,"column":6},"end":{"line":32,"column":36}},"11":{"start":{"line":35,"column":4},"end":{"line":35,"column":15}},"12":{"start":{"line":42,"column":16},"end":{"line":42,"column":46}},"13":{"start":{"line":43,"column":4},"end":{"line":45,"column":null}},"14":{"start":{"line":44,"column":6},"end":{"line":44,"column":97}},"15":{"start":{"line":47,"column":4},"end":{"line":47,"column":15}},"16":{"start":{"line":57,"column":16},"end":{"line":57,"column":93}},"17":{"start":{"line":58,"column":4},"end":{"line":60,"column":null}},"18":{"start":{"line":59,"column":6},"end":{"line":59,"column":115}},"19":{"start":{"line":62,"column":4},"end":{"line":62,"column":15}},"20":{"start":{"line":69,"column":33},"end":{"line":69,"column":46}},"21":{"start":{"line":70,"column":32},"end":{"line":70,"column":94}},"22":{"start":{"line":72,"column":4},"end":{"line":80,"column":6}},"23":{"start":{"line":86,"column":17},"end":{"line":86,"column":19}},"24":{"start":{"line":87,"column":4},"end":{"line":91,"column":31}},"25":{"start":{"line":88,"column":6},"end":{"line":88,"column":34}},"26":{"start":{"line":89,"column":6},"end":{"line":89,"column":70}},"27":{"start":{"line":90,"column":6},"end":{"line":90,"column":28}},"28":{"start":{"line":93,"column":4},"end":{"line":93,"column":18}},"29":{"start":{"line":100,"column":19},"end":{"line":100,"column":66}},"30":{"start":{"line":101,"column":4},"end":{"line":105,"column":null}},"31":{"start":{"line":102,"column":6},"end":{"line":104,"column":null}},"32":{"start":{"line":103,"column":8},"end":{"line":103,"column":27}},"33":{"start":{"line":107,"column":4},"end":{"line":107,"column":45}},"34":{"start":{"line":111,"column":4},"end":{"line":121,"column":null}},"35":{"start":{"line":112,"column":6},"end":{"line":114,"column":null}},"36":{"start":{"line":113,"column":8},"end":{"line":113,"column":26}},"37":{"start":{"line":117,"column":19},"end":{"line":117,"column":42}},"38":{"start":{"line":118,"column":6},"end":{"line":120,"column":null}},"39":{"start":{"line":119,"column":8},"end":{"line":119,"column":38}},"40":{"start":{"line":123,"column":4},"end":{"line":123,"column":30}},"41":{"start":{"line":127,"column":4},"end":{"line":127,"column":54}},"42":{"start":{"line":17,"column":0},"end":{"line":17,"column":13}}},"fnMap":{"0":{"name":"(anonymous_0)","decl":{"start":{"line":20,"column":2},"end":{"line":20,"column":8}},"loc":{"start":{"line":20,"column":100},"end":{"line":24,"column":3}}},"1":{"name":"(anonymous_1)","decl":{"start":{"line":26,"column":2},"end":{"line":26,"column":8}},"loc":{"start":{"line":28,"column":28},"end":{"line":36,"column":3}}},"2":{"name":"(anonymous_2)","decl":{"start":{"line":38,"column":2},"end":{"line":38,"column":8}},"loc":{"start":{"line":40,"column":30},"end":{"line":48,"column":3}}},"3":{"name":"(anonymous_3)","decl":{"start":{"line":50,"column":2},"end":{"line":50,"column":8}},"loc":{"start":{"line":55,"column":20},"end":{"line":63,"column":3}}},"4":{"name":"(anonymous_4)","decl":{"start":{"line":65,"column":2},"end":{"line":65,"column":8}},"loc":{"start":{"line":67,"column":32},"end":{"line":81,"column":3}}},"5":{"name":"(anonymous_5)","decl":{"start":{"line":83,"column":2},"end":{"line":83,"column":8}},"loc":{"start":{"line":83,"column":83},"end":{"line":94,"column":3}}},"6":{"name":"(anonymous_6)","decl":{"start":{"line":97,"column":2},"end":{"line":97,"column":8}},"loc":{"start":{"line":97,"column":8},"end":{"line":108,"column":3}}},"7":{"name":"(anonymous_7)","decl":{"start":{"line":110,"column":2},"end":{"line":110,"column":8}},"loc":{"start":{"line":110,"column":48},"end":{"line":124,"column":3}}},"8":{"name":"(anonymous_8)","decl":{"start":{"line":126,"column":2},"end":{"line":126,"column":16}},"loc":{"start":{"line":126,"column":40},"end":{"line":128,"column":3}}}},"branchMap":{"0":{"loc":{"start":{"line":30,"column":45},"end":{"line":30,"column":58}},"type":"binary-expr","locations":[{"start":{"line":30,"column":45},"end":{"line":30,"column":52}},{"start":{"line":30,"column":56},"end":{"line":30,"column":58}}]},"1":{"loc":{"start":{"line":31,"column":4},"end":{"line":33,"column":null}},"type":"if","locations":[{"start":{"line":31,"column":4},"end":{"line":33,"column":null}}]},"2":{"loc":{"start":{"line":43,"column":4},"end":{"line":45,"column":null}},"type":"if","locations":[{"start":{"line":43,"column":4},"end":{"line":45,"column":null}}]},"3":{"loc":{"start":{"line":58,"column":4},"end":{"line":60,"column":null}},"type":"if","locations":[{"start":{"line":58,"column":4},"end":{"line":60,"column":null}}]},"4":{"loc":{"start":{"line":70,"column":65},"end":{"line":70,"column":78}},"type":"binary-expr","locations":[{"start":{"line":70,"column":65},"end":{"line":70,"column":72}},{"start":{"line":70,"column":76},"end":{"line":70,"column":78}}]},"5":{"loc":{"start":{"line":102,"column":6},"end":{"line":104,"column":null}},"type":"if","locations":[{"start":{"line":102,"column":6},"end":{"line":104,"column":null}}]},"6":{"loc":{"start":{"line":112,"column":6},"end":{"line":114,"column":null}},"type":"if","locations":[{"start":{"line":112,"column":6},"end":{"line":114,"column":null}}]},"7":{"loc":{"start":{"line":118,"column":6},"end":{"line":120,"column":null}},"type":"if","locations":[{"start":{"line":118,"column":6},"end":{"line":120,"column":null}}]},"8":{"loc":{"start":{"line":118,"column":10},"end":{"line":118,"column":40}},"type":"binary-expr","locations":[{"start":{"line":118,"column":10},"end":{"line":118,"column":14}},{"start":{"line":118,"column":18},"end":{"line":118,"column":40}}]},"9":{"loc":{"start":{"line":127,"column":11},"end":{"line":127,"column":53}},"type":"cond-expr","locations":[{"start":{"line":127,"column":26},"end":{"line":127,"column":46}},{"start":{"line":127,"column":49},"end":{"line":127,"column":53}}]}},"s":{"0":1,"1":1,"2":1,"3":1,"4":1,"5":1,"6":0,"7":0,"8":0,"9":0,"10":0,"11":0,"12":0,"13":0,"14":0,"15":0,"16":0,"17":0,"18":0,"19":0,"20":0,"21":0,"22":0,"23":0,"24":0,"25":0,"26":0,"27":0,"28":0,"29":0,"30":0,"31":0,"32":0,"33":0,"34":0,"35":0,"36":0,"37":0,"38":0,"39":0,"40":0,"41":0,"42":1},"f":{"0":0,"1":0,"2":0,"3":0,"4":0,"5":0,"6":0,"7":0,"8":0},"b":{"0":[0,0],"1":[0],"2":[0],"3":[0],"4":[0,0],"5":[0],"6":[0],"7":[0],"8":[0,0],"9":[0,0]}}
,"/Users/shelysalsadila/work/ordero-api-v2/src/database/entities/core/customer.entity.ts": {"path":"/Users/shelysalsadila/work/ordero-api-v2/src/database/entities/core/customer.entity.ts","statementMap":{"0":{"start":{"line":1,"column":0},"end":{"line":1,"column":52}},"1":{"start":{"line":2,"column":0},"end":{"line":2,"column":null}},"2":{"start":{"line":11,"column":0},"end":{"line":11,"column":44}},"3":{"start":{"line":12,"column":0},"end":{"line":12,"column":36}},"4":{"start":{"line":13,"column":0},"end":{"line":13,"column":39}},"5":{"start":{"line":15,"column":0},"end":{"line":15,"column":null}},"6":{"start":{"line":16,"column":2},"end":{"line":16,"column":null}},"7":{"start":{"line":17,"column":2},"end":{"line":17,"column":null}},"8":{"start":{"line":18,"column":2},"end":{"line":18,"column":null}},"9":{"start":{"line":22,"column":0},"end":{"line":69,"column":null}},"10":{"start":{"line":55,"column":4},"end":{"line":55,"column":37}},"11":{"start":{"line":59,"column":4},"end":{"line":59,"column":49}},"12":{"start":{"line":63,"column":4},"end":{"line":63,"column":44}},"13":{"start":{"line":67,"column":4},"end":{"line":67,"column":93}},"14":{"start":{"line":24,"column":2},"end":{"line":24,"column":null}},"15":{"start":{"line":27,"column":2},"end":{"line":27,"column":null}},"16":{"start":{"line":30,"column":2},"end":{"line":30,"column":null}},"17":{"start":{"line":34,"column":2},"end":{"line":34,"column":null}},"18":{"start":{"line":38,"column":2},"end":{"line":38,"column":null}},"19":{"start":{"line":42,"column":2},"end":{"line":42,"column":null}},"20":{"start":{"line":45,"column":2},"end":{"line":45,"column":null}},"21":{"start":{"line":48,"column":2},"end":{"line":48,"column":null}},"22":{"start":{"line":52,"column":2},"end":{"line":52,"column":null}},"23":{"start":{"line":51,"column":19},"end":{"line":51,"column":24}},"24":{"start":{"line":51,"column":37},"end":{"line":51,"column":51}},"25":{"start":{"line":22,"column":13},"end":{"line":69,"column":null}},"26":{"start":{"line":22,"column":13},"end":{"line":22,"column":21}}},"fnMap":{"0":{"name":"(anonymous_2)","decl":{"start":{"line":15,"column":0},"end":{"line":15,"column":12}},"loc":{"start":{"line":15,"column":26},"end":{"line":19,"column":1}}},"1":{"name":"(anonymous_3)","decl":{"start":{"line":54,"column":2},"end":{"line":54,"column":6}},"loc":{"start":{"line":54,"column":16},"end":{"line":56,"column":3}}},"2":{"name":"(anonymous_4)","decl":{"start":{"line":58,"column":2},"end":{"line":58,"column":6}},"loc":{"start":{"line":58,"column":14},"end":{"line":60,"column":3}}},"3":{"name":"(anonymous_5)","decl":{"start":{"line":62,"column":2},"end":{"line":62,"column":6}},"loc":{"start":{"line":62,"column":13},"end":{"line":64,"column":3}}},"4":{"name":"(anonymous_6)","decl":{"start":{"line":66,"column":2},"end":{"line":66,"column":6}},"loc":{"start":{"line":66,"column":13},"end":{"line":68,"column":3}}},"5":{"name":"(anonymous_7)","decl":{"start":{"line":51,"column":13},"end":{"line":51,"column":16}},"loc":{"start":{"line":51,"column":19},"end":{"line":51,"column":24}}},"6":{"name":"(anonymous_8)","decl":{"start":{"line":51,"column":26},"end":{"line":51,"column":27}},"loc":{"start":{"line":51,"column":37},"end":{"line":51,"column":51}}}},"branchMap":{"0":{"loc":{"start":{"line":15,"column":12},"end":{"line":15,"column":null}},"type":"binary-expr","locations":[{"start":{"line":15,"column":12},"end":{"line":15,"column":26}},{"start":{"line":15,"column":12},"end":{"line":15,"column":null}}]},"1":{"loc":{"start":{"line":63,"column":11},"end":{"line":63,"column":43}},"type":"binary-expr","locations":[{"start":{"line":63,"column":11},"end":{"line":63,"column":26}},{"start":{"line":63,"column":30},"end":{"line":63,"column":43}}]},"2":{"loc":{"start":{"line":67,"column":27},"end":{"line":67,"column":90}},"type":"cond-expr","locations":[{"start":{"line":67,"column":54},"end":{"line":67,"column":85}},{"start":{"line":67,"column":88},"end":{"line":67,"column":90}}]},"3":{"loc":{"start":{"line":67,"column":27},"end":{"line":67,"column":51}},"type":"binary-expr","locations":[{"start":{"line":67,"column":27},"end":{"line":67,"column":37}},{"start":{"line":67,"column":41},"end":{"line":67,"column":51}}]},"4":{"loc":{"start":{"line":67,"column":58},"end":{"line":67,"column":82}},"type":"binary-expr","locations":[{"start":{"line":67,"column":58},"end":{"line":67,"column":68}},{"start":{"line":67,"column":72},"end":{"line":67,"column":82}}]}},"s":{"0":1,"1":1,"2":1,"3":1,"4":1,"5":1,"6":1,"7":1,"8":1,"9":1,"10":0,"11":0,"12":0,"13":0,"14":1,"15":1,"16":1,"17":1,"18":1,"19":1,"20":1,"21":1,"22":1,"23":0,"24":0,"25":1,"26":1},"f":{"0":1,"1":0,"2":0,"3":0,"4":0,"5":0,"6":0},"b":{"0":[1,1],"1":[0,0],"2":[0,0],"3":[0,0],"4":[0,0]}}
,"/Users/shelysalsadila/work/ordero-api-v2/src/database/entities/core/media.entity.ts": {"path":"/Users/shelysalsadila/work/ordero-api-v2/src/database/entities/core/media.entity.ts","statementMap":{"0":{"start":{"line":1,"column":0},"end":{"line":1,"column":52}},"1":{"start":{"line":4,"column":0},"end":{"line":4,"column":88}},"2":{"start":{"line":5,"column":0},"end":{"line":5,"column":44}},"3":{"start":{"line":6,"column":0},"end":{"line":6,"column":40}},"4":{"start":{"line":7,"column":0},"end":{"line":7,"column":58}},"5":{"start":{"line":8,"column":0},"end":{"line":8,"column":46}},"6":{"start":{"line":9,"column":0},"end":{"line":9,"column":50}},"7":{"start":{"line":10,"column":0},"end":{"line":10,"column":56}},"8":{"start":{"line":11,"column":0},"end":{"line":11,"column":49}},"9":{"start":{"line":14,"column":18},"end":{"line":125,"column":null}},"10":{"start":{"line":60,"column":4},"end":{"line":62,"column":null}},"11":{"start":{"line":61,"column":6},"end":{"line":61,"column":18}},"12":{"start":{"line":64,"column":4},"end":{"line":67,"column":6}},"13":{"start":{"line":71,"column":18},"end":{"line":71,"column":78}},"14":{"start":{"line":72,"column":4},"end":{"line":74,"column":null}},"15":{"start":{"line":73,"column":6},"end":{"line":73,"column":57}},"16":{"start":{"line":76,"column":4},"end":{"line":76,"column":13}},"17":{"start":{"line":80,"column":23},"end":{"line":80,"column":55}},"18":{"start":{"line":81,"column":4},"end":{"line":83,"column":null}},"19":{"start":{"line":82,"column":6},"end":{"line":82,"column":74}},"20":{"start":{"line":85,"column":19},"end":{"line":85,"column":47}},"21":{"start":{"line":86,"column":4},"end":{"line":88,"column":null}},"22":{"start":{"line":87,"column":6},"end":{"line":87,"column":55}},"23":{"start":{"line":90,"column":4},"end":{"line":95,"column":15}},"24":{"start":{"line":99,"column":4},"end":{"line":101,"column":null}},"25":{"start":{"line":100,"column":6},"end":{"line":100,"column":37}},"26":{"start":{"line":104,"column":20},"end":{"line":104,"column":49}},"27":{"start":{"line":105,"column":4},"end":{"line":105,"column":46}},"28":{"start":{"line":106,"column":4},"end":{"line":106,"column":26}},"29":{"start":{"line":108,"column":4},"end":{"line":108,"column":18}},"30":{"start":{"line":112,"column":20},"end":{"line":112,"column":49}},"31":{"start":{"line":113,"column":18},"end":{"line":113,"column":78}},"32":{"start":{"line":114,"column":4},"end":{"line":118,"column":null}},"33":{"start":{"line":115,"column":19},"end":{"line":115,"column":47}},"34":{"start":{"line":116,"column":6},"end":{"line":116,"column":38}},"35":{"start":{"line":117,"column":6},"end":{"line":117,"column":24}},"36":{"start":{"line":121,"column":4},"end":{"line":121,"column":26}},"37":{"start":{"line":123,"column":4},"end":{"line":123,"column":18}},"38":{"start":{"line":16,"column":2},"end":{"line":16,"column":null}},"39":{"start":{"line":19,"column":2},"end":{"line":19,"column":null}},"40":{"start":{"line":22,"column":2},"end":{"line":22,"column":null}},"41":{"start":{"line":25,"column":2},"end":{"line":25,"column":null}},"42":{"start":{"line":29,"column":2},"end":{"line":29,"column":null}},"43":{"start":{"line":33,"column":2},"end":{"line":33,"column":null}},"44":{"start":{"line":32,"column":18},"end":{"line":32,"column":23}},"45":{"start":{"line":37,"column":2},"end":{"line":37,"column":null}},"46":{"start":{"line":41,"column":2},"end":{"line":41,"column":null}},"47":{"start":{"line":40,"column":18},"end":{"line":40,"column":27}},"48":{"start":{"line":45,"column":2},"end":{"line":45,"column":null}},"49":{"start":{"line":49,"column":2},"end":{"line":49,"column":null}},"50":{"start":{"line":48,"column":19},"end":{"line":48,"column":29}},"51":{"start":{"line":48,"column":47},"end":{"line":48,"column":64}},"52":{"start":{"line":53,"column":2},"end":{"line":53,"column":null}},"53":{"start":{"line":57,"column":2},"end":{"line":57,"column":null}},"54":{"start":{"line":56,"column":19},"end":{"line":56,"column":26}},"55":{"start":{"line":56,"column":41},"end":{"line":56,"column":55}},"56":{"start":{"line":14,"column":13},"end":{"line":125,"column":null}},"57":{"start":{"line":14,"column":13},"end":{"line":14,"column":18}}},"fnMap":{"0":{"name":"(anonymous_2)","decl":{"start":{"line":59,"column":2},"end":{"line":59,"column":8}},"loc":{"start":{"line":59,"column":30},"end":{"line":68,"column":3}}},"1":{"name":"(anonymous_3)","decl":{"start":{"line":70,"column":2},"end":{"line":70,"column":8}},"loc":{"start":{"line":70,"column":33},"end":{"line":77,"column":3}}},"2":{"name":"(anonymous_4)","decl":{"start":{"line":79,"column":2},"end":{"line":79,"column":8}},"loc":{"start":{"line":79,"column":49},"end":{"line":96,"column":3}}},"3":{"name":"(anonymous_5)","decl":{"start":{"line":98,"column":2},"end":{"line":98,"column":8}},"loc":{"start":{"line":98,"column":70},"end":{"line":109,"column":3}}},"4":{"name":"(anonymous_6)","decl":{"start":{"line":111,"column":2},"end":{"line":111,"column":8}},"loc":{"start":{"line":111,"column":62},"end":{"line":124,"column":3}}},"5":{"name":"(anonymous_7)","decl":{"start":{"line":32,"column":12},"end":{"line":32,"column":15}},"loc":{"start":{"line":32,"column":18},"end":{"line":32,"column":23}}},"6":{"name":"(anonymous_8)","decl":{"start":{"line":40,"column":12},"end":{"line":40,"column":15}},"loc":{"start":{"line":40,"column":18},"end":{"line":40,"column":27}}},"7":{"name":"(anonymous_9)","decl":{"start":{"line":48,"column":13},"end":{"line":48,"column":16}},"loc":{"start":{"line":48,"column":19},"end":{"line":48,"column":29}}},"8":{"name":"(anonymous_10)","decl":{"start":{"line":48,"column":31},"end":{"line":48,"column":32}},"loc":{"start":{"line":48,"column":47},"end":{"line":48,"column":64}}},"9":{"name":"(anonymous_11)","decl":{"start":{"line":56,"column":13},"end":{"line":56,"column":16}},"loc":{"start":{"line":56,"column":19},"end":{"line":56,"column":26}}},"10":{"name":"(anonymous_12)","decl":{"start":{"line":56,"column":28},"end":{"line":56,"column":29}},"loc":{"start":{"line":56,"column":41},"end":{"line":56,"column":55}}}},"branchMap":{"0":{"loc":{"start":{"line":60,"column":4},"end":{"line":62,"column":null}},"type":"if","locations":[{"start":{"line":60,"column":4},"end":{"line":62,"column":null}}]},"1":{"loc":{"start":{"line":72,"column":4},"end":{"line":74,"column":null}},"type":"if","locations":[{"start":{"line":72,"column":4},"end":{"line":74,"column":null}}]},"2":{"loc":{"start":{"line":81,"column":4},"end":{"line":83,"column":null}},"type":"if","locations":[{"start":{"line":81,"column":4},"end":{"line":83,"column":null}}]},"3":{"loc":{"start":{"line":86,"column":4},"end":{"line":88,"column":null}},"type":"if","locations":[{"start":{"line":86,"column":4},"end":{"line":88,"column":null}}]},"4":{"loc":{"start":{"line":99,"column":4},"end":{"line":101,"column":null}},"type":"if","locations":[{"start":{"line":99,"column":4},"end":{"line":101,"column":null}}]},"5":{"loc":{"start":{"line":114,"column":4},"end":{"line":118,"column":null}},"type":"if","locations":[{"start":{"line":114,"column":4},"end":{"line":118,"column":null}}]}},"s":{"0":1,"1":1,"2":1,"3":1,"4":1,"5":1,"6":1,"7":1,"8":1,"9":1,"10":0,"11":0,"12":0,"13":0,"14":0,"15":0,"16":0,"17":0,"18":0,"19":0,"20":0,"21":0,"22":0,"23":0,"24":0,"25":0,"26":0,"27":0,"28":0,"29":0,"30":0,"31":0,"32":0,"33":0,"34":0,"35":0,"36":0,"37":0,"38":1,"39":1,"40":1,"41":1,"42":1,"43":1,"44":0,"45":1,"46":1,"47":0,"48":1,"49":1,"50":0,"51":0,"52":1,"53":1,"54":0,"55":0,"56":1,"57":1},"f":{"0":0,"1":0,"2":0,"3":0,"4":0,"5":0,"6":0,"7":0,"8":0,"9":0,"10":0},"b":{"0":[0],"1":[0],"2":[0],"3":[0],"4":[0],"5":[0]}}
,"/Users/shelysalsadila/work/ordero-api-v2/src/database/entities/core/order-product.entity.ts": {"path":"/Users/shelysalsadila/work/ordero-api-v2/src/database/entities/core/order-product.entity.ts","statementMap":{"0":{"start":{"line":1,"column":0},"end":{"line":1,"column":52}},"1":{"start":{"line":2,"column":0},"end":{"line":2,"column":95}},"2":{"start":{"line":3,"column":0},"end":{"line":3,"column":44}},"3":{"start":{"line":4,"column":0},"end":{"line":4,"column":56}},"4":{"start":{"line":5,"column":0},"end":{"line":5,"column":65}},"5":{"start":{"line":6,"column":0},"end":{"line":6,"column":39}},"6":{"start":{"line":8,"column":0},"end":{"line":8,"column":null}},"7":{"start":{"line":9,"column":2},"end":{"line":9,"column":null}},"8":{"start":{"line":10,"column":2},"end":{"line":10,"column":null}},"9":{"start":{"line":11,"column":2},"end":{"line":11,"column":null}},"10":{"start":{"line":12,"column":2},"end":{"line":12,"column":null}},"11":{"start":{"line":16,"column":0},"end":{"line":42,"column":null}},"12":{"start":{"line":19,"column":2},"end":{"line":19,"column":null}},"13":{"start":{"line":23,"column":2},"end":{"line":23,"column":null}},"14":{"start":{"line":22,"column":19},"end":{"line":22,"column":24}},"15":{"start":{"line":22,"column":36},"end":{"line":22,"column":55}},"16":{"start":{"line":27,"column":2},"end":{"line":27,"column":null}},"17":{"start":{"line":32,"column":2},"end":{"line":32,"column":null}},"18":{"start":{"line":31,"column":19},"end":{"line":31,"column":33}},"19":{"start":{"line":31,"column":43},"end":{"line":31,"column":60}},"20":{"start":{"line":35,"column":2},"end":{"line":35,"column":null}},"21":{"start":{"line":38,"column":2},"end":{"line":38,"column":null}},"22":{"start":{"line":41,"column":2},"end":{"line":41,"column":null}},"23":{"start":{"line":16,"column":13},"end":{"line":42,"column":null}},"24":{"start":{"line":16,"column":13},"end":{"line":16,"column":25}}},"fnMap":{"0":{"name":"(anonymous_2)","decl":{"start":{"line":8,"column":0},"end":{"line":8,"column":12}},"loc":{"start":{"line":8,"column":30},"end":{"line":13,"column":1}}},"1":{"name":"(anonymous_3)","decl":{"start":{"line":22,"column":13},"end":{"line":22,"column":16}},"loc":{"start":{"line":22,"column":19},"end":{"line":22,"column":24}}},"2":{"name":"(anonymous_4)","decl":{"start":{"line":22,"column":26},"end":{"line":22,"column":27}},"loc":{"start":{"line":22,"column":36},"end":{"line":22,"column":55}}},"3":{"name":"(anonymous_5)","decl":{"start":{"line":31,"column":13},"end":{"line":31,"column":16}},"loc":{"start":{"line":31,"column":19},"end":{"line":31,"column":33}}},"4":{"name":"(anonymous_6)","decl":{"start":{"line":31,"column":35},"end":{"line":31,"column":36}},"loc":{"start":{"line":31,"column":43},"end":{"line":31,"column":60}}}},"branchMap":{"0":{"loc":{"start":{"line":8,"column":12},"end":{"line":8,"column":null}},"type":"binary-expr","locations":[{"start":{"line":8,"column":12},"end":{"line":8,"column":30}},{"start":{"line":8,"column":12},"end":{"line":8,"column":null}}]}},"s":{"0":1,"1":1,"2":1,"3":1,"4":1,"5":1,"6":1,"7":1,"8":1,"9":1,"10":1,"11":1,"12":1,"13":1,"14":0,"15":0,"16":1,"17":1,"18":0,"19":0,"20":1,"21":1,"22":1,"23":1,"24":1},"f":{"0":1,"1":0,"2":0,"3":0,"4":0},"b":{"0":[1,1]}}
,"/Users/shelysalsadila/work/ordero-api-v2/src/database/entities/core/order.entity.ts": {"path":"/Users/shelysalsadila/work/ordero-api-v2/src/database/entities/core/order.entity.ts","statementMap":{"0":{"start":{"line":1,"column":0},"end":{"line":1,"column":52}},"1":{"start":{"line":2,"column":0},"end":{"line":2,"column":null}},"2":{"start":{"line":10,"column":0},"end":{"line":10,"column":44}},"3":{"start":{"line":11,"column":0},"end":{"line":11,"column":115}},"4":{"start":{"line":12,"column":0},"end":{"line":12,"column":52}},"5":{"start":{"line":13,"column":0},"end":{"line":13,"column":46}},"6":{"start":{"line":14,"column":0},"end":{"line":14,"column":56}},"7":{"start":{"line":15,"column":0},"end":{"line":15,"column":46}},"8":{"start":{"line":16,"column":0},"end":{"line":16,"column":49}},"9":{"start":{"line":17,"column":0},"end":{"line":17,"column":45}},"10":{"start":{"line":18,"column":0},"end":{"line":18,"column":54}},"11":{"start":{"line":20,"column":0},"end":{"line":20,"column":null}},"12":{"start":{"line":21,"column":2},"end":{"line":21,"column":null}},"13":{"start":{"line":22,"column":2},"end":{"line":22,"column":null}},"14":{"start":{"line":23,"column":2},"end":{"line":23,"column":null}},"15":{"start":{"line":24,"column":2},"end":{"line":24,"column":null}},"16":{"start":{"line":25,"column":2},"end":{"line":25,"column":null}},"17":{"start":{"line":26,"column":2},"end":{"line":26,"column":null}},"18":{"start":{"line":27,"column":2},"end":{"line":27,"column":null}},"19":{"start":{"line":31,"column":0},"end":{"line":138,"column":null}},"20":{"start":{"line":121,"column":4},"end":{"line":125,"column":6}},"21":{"start":{"line":123,"column":8},"end":{"line":123,"column":67}},"22":{"start":{"line":129,"column":19},"end":{"line":129,"column":101}},"23":{"start":{"line":129,"column":60},"end":{"line":129,"column":100}},"24":{"start":{"line":130,"column":4},"end":{"line":132,"column":null}},"25":{"start":{"line":131,"column":6},"end":{"line":131,"column":70}},"26":{"start":{"line":136,"column":4},"end":{"line":136,"column":92}},"27":{"start":{"line":32,"column":16},"end":{"line":32,"column":null}},"28":{"start":{"line":33,"column":16},"end":{"line":33,"column":null}},"29":{"start":{"line":38,"column":2},"end":{"line":38,"column":null}},"30":{"start":{"line":42,"column":2},"end":{"line":42,"column":null}},"31":{"start":{"line":45,"column":2},"end":{"line":45,"column":null}},"32":{"start":{"line":48,"column":2},"end":{"line":48,"column":null}},"33":{"start":{"line":51,"column":2},"end":{"line":51,"column":null}},"34":{"start":{"line":54,"column":2},"end":{"line":54,"column":null}},"35":{"start":{"line":57,"column":2},"end":{"line":57,"column":null}},"36":{"start":{"line":60,"column":2},"end":{"line":60,"column":null}},"37":{"start":{"line":63,"column":2},"end":{"line":63,"column":null}},"38":{"start":{"line":66,"column":2},"end":{"line":66,"column":null}},"39":{"start":{"line":70,"column":2},"end":{"line":70,"column":null}},"40":{"start":{"line":74,"column":2},"end":{"line":74,"column":null}},"41":{"start":{"line":73,"column":19},"end":{"line":73,"column":27}},"42":{"start":{"line":73,"column":39},"end":{"line":73,"column":50}},"43":{"start":{"line":78,"column":2},"end":{"line":78,"column":null}},"44":{"start":{"line":82,"column":2},"end":{"line":82,"column":null}},"45":{"start":{"line":81,"column":19},"end":{"line":81,"column":24}},"46":{"start":{"line":81,"column":36},"end":{"line":81,"column":47}},"47":{"start":{"line":86,"column":2},"end":{"line":86,"column":null}},"48":{"start":{"line":90,"column":2},"end":{"line":90,"column":null}},"49":{"start":{"line":89,"column":19},"end":{"line":89,"column":29}},"50":{"start":{"line":89,"column":47},"end":{"line":89,"column":64}},"51":{"start":{"line":94,"column":2},"end":{"line":94,"column":null}},"52":{"start":{"line":98,"column":2},"end":{"line":98,"column":null}},"53":{"start":{"line":97,"column":19},"end":{"line":97,"column":27}},"54":{"start":{"line":97,"column":38},"end":{"line":97,"column":48}},"55":{"start":{"line":102,"column":2},"end":{"line":102,"column":null}},"56":{"start":{"line":106,"column":2},"end":{"line":106,"column":null}},"57":{"start":{"line":105,"column":19},"end":{"line":105,"column":28}},"58":{"start":{"line":105,"column":40},"end":{"line":105,"column":51}},"59":{"start":{"line":110,"column":2},"end":{"line":110,"column":null}},"60":{"start":{"line":114,"column":2},"end":{"line":114,"column":null}},"61":{"start":{"line":113,"column":19},"end":{"line":113,"column":24}},"62":{"start":{"line":113,"column":36},"end":{"line":113,"column":47}},"63":{"start":{"line":118,"column":2},"end":{"line":118,"column":null}},"64":{"start":{"line":117,"column":19},"end":{"line":117,"column":31}},"65":{"start":{"line":117,"column":41},"end":{"line":117,"column":49}},"66":{"start":{"line":31,"column":13},"end":{"line":138,"column":null}},"67":{"start":{"line":31,"column":13},"end":{"line":31,"column":18}}},"fnMap":{"0":{"name":"(anonymous_2)","decl":{"start":{"line":20,"column":0},"end":{"line":20,"column":12}},"loc":{"start":{"line":20,"column":23},"end":{"line":28,"column":1}}},"1":{"name":"(anonymous_3)","decl":{"start":{"line":120,"column":2},"end":{"line":120,"column":8}},"loc":{"start":{"line":120,"column":73},"end":{"line":126,"column":3}}},"2":{"name":"(anonymous_4)","decl":{"start":{"line":122,"column":19},"end":{"line":122,"column":20}},"loc":{"start":{"line":122,"column":26},"end":{"line":124,"column":7}}},"3":{"name":"(anonymous_5)","decl":{"start":{"line":128,"column":2},"end":{"line":128,"column":8}},"loc":{"start":{"line":128,"column":70},"end":{"line":133,"column":3}}},"4":{"name":"(anonymous_6)","decl":{"start":{"line":129,"column":51},"end":{"line":129,"column":52}},"loc":{"start":{"line":129,"column":60},"end":{"line":129,"column":100}}},"5":{"name":"(anonymous_7)","decl":{"start":{"line":135,"column":2},"end":{"line":135,"column":6}},"loc":{"start":{"line":135,"column":21},"end":{"line":137,"column":3}}},"6":{"name":"(anonymous_8)","decl":{"start":{"line":73,"column":13},"end":{"line":73,"column":16}},"loc":{"start":{"line":73,"column":19},"end":{"line":73,"column":27}}},"7":{"name":"(anonymous_9)","decl":{"start":{"line":73,"column":29},"end":{"line":73,"column":30}},"loc":{"start":{"line":73,"column":39},"end":{"line":73,"column":50}}},"8":{"name":"(anonymous_10)","decl":{"start":{"line":81,"column":13},"end":{"line":81,"column":16}},"loc":{"start":{"line":81,"column":19},"end":{"line":81,"column":24}}},"9":{"name":"(anonymous_11)","decl":{"start":{"line":81,"column":26},"end":{"line":81,"column":27}},"loc":{"start":{"line":81,"column":36},"end":{"line":81,"column":47}}},"10":{"name":"(anonymous_12)","decl":{"start":{"line":89,"column":13},"end":{"line":89,"column":16}},"loc":{"start":{"line":89,"column":19},"end":{"line":89,"column":29}}},"11":{"name":"(anonymous_13)","decl":{"start":{"line":89,"column":31},"end":{"line":89,"column":32}},"loc":{"start":{"line":89,"column":47},"end":{"line":89,"column":64}}},"12":{"name":"(anonymous_14)","decl":{"start":{"line":97,"column":13},"end":{"line":97,"column":16}},"loc":{"start":{"line":97,"column":19},"end":{"line":97,"column":27}}},"13":{"name":"(anonymous_15)","decl":{"start":{"line":97,"column":29},"end":{"line":97,"column":30}},"loc":{"start":{"line":97,"column":38},"end":{"line":97,"column":48}}},"14":{"name":"(anonymous_16)","decl":{"start":{"line":105,"column":13},"end":{"line":105,"column":16}},"loc":{"start":{"line":105,"column":19},"end":{"line":105,"column":28}}},"15":{"name":"(anonymous_17)","decl":{"start":{"line":105,"column":30},"end":{"line":105,"column":31}},"loc":{"start":{"line":105,"column":40},"end":{"line":105,"column":51}}},"16":{"name":"(anonymous_18)","decl":{"start":{"line":113,"column":13},"end":{"line":113,"column":16}},"loc":{"start":{"line":113,"column":19},"end":{"line":113,"column":24}}},"17":{"name":"(anonymous_19)","decl":{"start":{"line":113,"column":26},"end":{"line":113,"column":27}},"loc":{"start":{"line":113,"column":36},"end":{"line":113,"column":47}}},"18":{"name":"(anonymous_20)","decl":{"start":{"line":117,"column":13},"end":{"line":117,"column":16}},"loc":{"start":{"line":117,"column":19},"end":{"line":117,"column":31}}},"19":{"name":"(anonymous_21)","decl":{"start":{"line":117,"column":33},"end":{"line":117,"column":34}},"loc":{"start":{"line":117,"column":41},"end":{"line":117,"column":49}}}},"branchMap":{"0":{"loc":{"start":{"line":20,"column":12},"end":{"line":20,"column":null}},"type":"binary-expr","locations":[{"start":{"line":20,"column":12},"end":{"line":20,"column":23}},{"start":{"line":20,"column":12},"end":{"line":20,"column":null}}]},"1":{"loc":{"start":{"line":129,"column":20},"end":{"line":129,"column":31}},"type":"binary-expr","locations":[{"start":{"line":129,"column":20},"end":{"line":129,"column":25}},{"start":{"line":129,"column":29},"end":{"line":129,"column":31}}]},"2":{"loc":{"start":{"line":130,"column":4},"end":{"line":132,"column":null}},"type":"if","locations":[{"start":{"line":130,"column":4},"end":{"line":132,"column":null}}]},"3":{"loc":{"start":{"line":136,"column":35},"end":{"line":136,"column":89}},"type":"cond-expr","locations":[{"start":{"line":136,"column":57},"end":{"line":136,"column":84}},{"start":{"line":136,"column":87},"end":{"line":136,"column":89}}]}},"s":{"0":1,"1":1,"2":1,"3":1,"4":1,"5":1,"6":1,"7":1,"8":1,"9":1,"10":1,"11":1,"12":1,"13":1,"14":1,"15":1,"16":1,"17":1,"18":1,"19":1,"20":0,"21":0,"22":0,"23":0,"24":0,"25":0,"26":0,"27":1,"28":1,"29":1,"30":1,"31":1,"32":1,"33":1,"34":1,"35":1,"36":1,"37":1,"38":1,"39":1,"40":1,"41":0,"42":0,"43":1,"44":1,"45":0,"46":0,"47":1,"48":1,"49":0,"50":0,"51":1,"52":1,"53":0,"54":0,"55":1,"56":1,"57":0,"58":0,"59":1,"60":1,"61":0,"62":0,"63":1,"64":0,"65":0,"66":1,"67":1},"f":{"0":1,"1":0,"2":0,"3":0,"4":0,"5":0,"6":0,"7":0,"8":0,"9":0,"10":0,"11":0,"12":0,"13":0,"14":0,"15":0,"16":0,"17":0,"18":0,"19":0},"b":{"0":[1,1],"1":[0,0],"2":[0],"3":[0,0]}}
,"/Users/shelysalsadila/work/ordero-api-v2/src/database/entities/core/role.entity.ts": {"path":"/Users/shelysalsadila/work/ordero-api-v2/src/database/entities/core/role.entity.ts","statementMap":{"0":{"start":{"line":1,"column":0},"end":{"line":1,"column":52}},"1":{"start":{"line":2,"column":0},"end":{"line":2,"column":null}},"2":{"start":{"line":10,"column":0},"end":{"line":10,"column":44}},"3":{"start":{"line":11,"column":0},"end":{"line":11,"column":44}},"4":{"start":{"line":12,"column":0},"end":{"line":12,"column":56}},"5":{"start":{"line":15,"column":17},"end":{"line":43,"column":null}},"6":{"start":{"line":36,"column":4},"end":{"line":36,"column":42}},"7":{"start":{"line":41,"column":4},"end":{"line":41,"column":97}},"8":{"start":{"line":17,"column":2},"end":{"line":17,"column":null}},"9":{"start":{"line":20,"column":2},"end":{"line":20,"column":null}},"10":{"start":{"line":23,"column":2},"end":{"line":23,"column":null}},"11":{"start":{"line":26,"column":2},"end":{"line":26,"column":null}},"12":{"start":{"line":30,"column":2},"end":{"line":30,"column":null}},"13":{"start":{"line":33,"column":2},"end":{"line":33,"column":null}},"14":{"start":{"line":32,"column":19},"end":{"line":32,"column":29}},"15":{"start":{"line":15,"column":13},"end":{"line":43,"column":null}},"16":{"start":{"line":15,"column":13},"end":{"line":15,"column":17}}},"fnMap":{"0":{"name":"(anonymous_2)","decl":{"start":{"line":35,"column":2},"end":{"line":35,"column":8}},"loc":{"start":{"line":35,"column":38},"end":{"line":37,"column":3}}},"1":{"name":"(anonymous_3)","decl":{"start":{"line":39,"column":2},"end":{"line":39,"column":8}},"loc":{"start":{"line":39,"column":48},"end":{"line":42,"column":3}}},"2":{"name":"(anonymous_4)","decl":{"start":{"line":32,"column":13},"end":{"line":32,"column":16}},"loc":{"start":{"line":32,"column":19},"end":{"line":32,"column":29}}}},"branchMap":{},"s":{"0":1,"1":1,"2":1,"3":1,"4":1,"5":1,"6":0,"7":0,"8":1,"9":1,"10":1,"11":1,"12":1,"13":1,"14":0,"15":1,"16":1},"f":{"0":0,"1":0,"2":0},"b":{}}
,"/Users/shelysalsadila/work/ordero-api-v2/src/database/entities/owner/category.entity.ts": {"path":"/Users/shelysalsadila/work/ordero-api-v2/src/database/entities/owner/category.entity.ts","statementMap":{"0":{"start":{"line":1,"column":0},"end":{"line":1,"column":52}},"1":{"start":{"line":2,"column":0},"end":{"line":2,"column":83}},"2":{"start":{"line":3,"column":0},"end":{"line":3,"column":44}},"3":{"start":{"line":4,"column":0},"end":{"line":4,"column":59}},"4":{"start":{"line":5,"column":0},"end":{"line":5,"column":60}},"5":{"start":{"line":6,"column":0},"end":{"line":6,"column":49}},"6":{"start":{"line":9,"column":0},"end":{"line":24,"column":null}},"7":{"start":{"line":11,"column":2},"end":{"line":11,"column":null}},"8":{"start":{"line":15,"column":2},"end":{"line":15,"column":null}},"9":{"start":{"line":19,"column":2},"end":{"line":19,"column":null}},"10":{"start":{"line":18,"column":19},"end":{"line":18,"column":29}},"11":{"start":{"line":18,"column":47},"end":{"line":18,"column":68}},"12":{"start":{"line":23,"column":2},"end":{"line":23,"column":null}},"13":{"start":{"line":22,"column":19},"end":{"line":22,"column":34}},"14":{"start":{"line":22,"column":52},"end":{"line":22,"column":71}},"15":{"start":{"line":9,"column":13},"end":{"line":24,"column":null}},"16":{"start":{"line":9,"column":13},"end":{"line":9,"column":21}}},"fnMap":{"0":{"name":"(anonymous_2)","decl":{"start":{"line":18,"column":13},"end":{"line":18,"column":16}},"loc":{"start":{"line":18,"column":19},"end":{"line":18,"column":29}}},"1":{"name":"(anonymous_3)","decl":{"start":{"line":18,"column":31},"end":{"line":18,"column":32}},"loc":{"start":{"line":18,"column":47},"end":{"line":18,"column":68}}},"2":{"name":"(anonymous_4)","decl":{"start":{"line":22,"column":13},"end":{"line":22,"column":16}},"loc":{"start":{"line":22,"column":19},"end":{"line":22,"column":34}}},"3":{"name":"(anonymous_5)","decl":{"start":{"line":22,"column":36},"end":{"line":22,"column":37}},"loc":{"start":{"line":22,"column":52},"end":{"line":22,"column":71}}}},"branchMap":{},"s":{"0":1,"1":1,"2":1,"3":1,"4":1,"5":1,"6":1,"7":1,"8":1,"9":1,"10":0,"11":0,"12":1,"13":0,"14":0,"15":1,"16":1},"f":{"0":0,"1":0,"2":0,"3":0},"b":{}}
[...]
,"/Users/shelysalsadila/work/ordero-api-v2/src/library/typeorm/decorators/date.decorator.ts": {"path":"/Users/shelysalsadila/work/ordero-api-v2/src/library/typeorm/decorators/date.decorator.ts","statementMap":{"0":{"start":{"line":3,"column":0},"end":{"line":3,"column":64}},"1":{"start":{"line":8,"column":2},"end":{"line":22,"column":4}},"2":{"start":{"line":9,"column":4},"end":{"line":21,"column":29}},"3":{"start":{"line":17,"column":25},"end":{"line":17,"column":47}},"4":{"start":{"line":6,"column":0},"end":{"line":6,"column":16}},"5":{"start":{"line":27,"column":2},"end":{"line":43,"column":4}},"6":{"start":{"line":28,"column":4},"end":{"line":42,"column":29}},"7":{"start":{"line":37,"column":25},"end":{"line":37,"column":47}},"8":{"start":{"line":25,"column":0},"end":{"line":25,"column":16}}},"fnMap":{"0":{"name":"CreateDateColumn","decl":{"start":{"line":6,"column":16},"end":{"line":6,"column":32}},"loc":{"start":{"line":6,"column":56},"end":{"line":23,"column":1}}},"1":{"name":"(anonymous_1)","decl":{"start":{"line":8,"column":9},"end":{"line":8,"column":19}},"loc":{"start":{"line":8,"column":68},"end":{"line":22,"column":3}}},"2":{"name":"(anonymous_2)","decl":{"start":{"line":17,"column":19},"end":{"line":17,"column":22}},"loc":{"start":{"line":17,"column":25},"end":{"line":17,"column":47}}},"3":{"name":"UpdateDateColumn","decl":{"start":{"line":25,"column":16},"end":{"line":25,"column":32}},"loc":{"start":{"line":25,"column":56},"end":{"line":44,"column":1}}},"4":{"name":"(anonymous_4)","decl":{"start":{"line":27,"column":9},"end":{"line":27,"column":19}},"loc":{"start":{"line":27,"column":68},"end":{"line":43,"column":3}}},"5":{"name":"(anonymous_5)","decl":{"start":{"line":37,"column":19},"end":{"line":37,"column":22}},"loc":{"start":{"line":37,"column":25},"end":{"line":37,"column":47}}}},"branchMap":{},"s":{"0":1,"1":3,"2":3,"3":0,"4":1,"5":3,"6":3,"7":0,"8":1},"f":{"0":3,"1":3,"2":0,"3":3,"4":3,"5":0},"b":{}}
,"/Users/shelysalsadila/work/ordero-api-v2/src/library/typeorm/decorators/entity.decorator.ts": {"path":"/Users/shelysalsadila/work/ordero-api-v2/src/library/typeorm/decorators/entity.decorator.ts","statementMap":{"0":{"start":{"line":1,"column":0},"end":{"line":1,"column":48}},"1":{"start":{"line":8,"column":18},"end":{"line":8,"column":113}},"2":{"start":{"line":9,"column":15},"end":{"line":9,"column":79}},"3":{"start":{"line":10,"column":17},"end":{"line":10,"column":99}},"4":{"start":{"line":12,"column":2},"end":{"line":12,"column":46}},"5":{"start":{"line":7,"column":0},"end":{"line":7,"column":16}}},"fnMap":{"0":{"name":"CoreEntity","decl":{"start":{"line":7,"column":16},"end":{"line":7,"column":26}},"loc":{"start":{"line":7,"column":103},"end":{"line":13,"column":1}}}},"branchMap":{"0":{"loc":{"start":{"line":8,"column":18},"end":{"line":8,"column":113}},"type":"binary-expr","locations":[{"start":{"line":8,"column":19},"end":{"line":8,"column":106}},{"start":{"line":8,"column":111},"end":{"line":8,"column":113}}]},"1":{"loc":{"start":{"line":8,"column":19},"end":{"line":8,"column":106}},"type":"cond-expr","locations":[{"start":{"line":8,"column":56},"end":{"line":8,"column":91}},{"start":{"line":8,"column":94},"end":{"line":8,"column":106}}]},"2":{"loc":{"start":{"line":9,"column":15},"end":{"line":9,"column":79}},"type":"cond-expr","locations":[{"start":{"line":9,"column":51},"end":{"line":9,"column":64}},{"start":{"line":9,"column":67},"end":{"line":9,"column":79}}]},"3":{"loc":{"start":{"line":10,"column":26},"end":{"line":10,"column":97}},"type":"cond-expr","locations":[{"start":{"line":10,"column":50},"end":{"line":10,"column":92}},{"start":{"line":10,"column":95},"end":{"line":10,"column":97}}]}},"s":{"0":1,"1":18,"2":18,"3":18,"4":18,"5":1},"f":{"0":18},"b":{"0":[18,17],"1":[1,17],"2":[0,18],"3":[1,17]}}
,"/Users/shelysalsadila/work/ordero-api-v2/src/library/typeorm/decorators/index.ts": {"path":"/Users/shelysalsadila/work/ordero-api-v2/src/library/typeorm/decorators/index.ts","statementMap":{"0":{"start":{"line":1,"column":0},"end":{"line":1,"column":36}},"1":{"start":{"line":2,"column":0},"end":{"line":2,"column":33}},"2":{"start":{"line":3,"column":0},"end":{"line":3,"column":33}},"3":{"start":{"line":4,"column":0},"end":{"line":4,"column":41}},"4":{"start":{"line":5,"column":0},"end":{"line":5,"column":34}},"5":{"start":{"line":6,"column":0},"end":{"line":6,"column":33}},"6":{"start":{"line":7,"column":0},"end":{"line":7,"column":35}},"7":{"start":{"line":8,"column":0},"end":{"line":8,"column":33}},"8":{"start":{"line":9,"column":0},"end":{"line":9,"column":35}}},"fnMap":{},"branchMap":{},"s":{"0":1,"1":1,"2":1,"3":1,"4":1,"5":1,"6":1,"7":1,"8":1},"f":{},"b":{}}
,"/Users/shelysalsadila/work/ordero-api-v2/src/library/typeorm/decorators/json.decorator.ts": {"path":"/Users/shelysalsadila/work/ordero-api-v2/src/library/typeorm/decorators/json.decorator.ts","statementMap":{"0":{"start":{"line":3,"column":0},"end":{"line":3,"column":39}},"1":{"start":{"line":5,"column":0},"end":{"line":5,"column":44}},"2":{"start":{"line":40,"column":24},"end":{"line":40,"column":83}},"3":{"start":{"line":62,"column":2},"end":{"line":62,"column":31}},"4":{"start":{"line":39,"column":0},"end":{"line":39,"column":16}}},"fnMap":{"0":{"name":"JsonColumn","decl":{"start":{"line":39,"column":16},"end":{"line":39,"column":26}},"loc":{"start":{"line":39,"column":50},"end":{"line":63,"column":1}}}},"branchMap":{"0":{"loc":{"start":{"line":40,"column":69},"end":{"line":40,"column":82}},"type":"binary-expr","locations":[{"start":{"line":40,"column":69},"end":{"line":40,"column":76}},{"start":{"line":40,"column":80},"end":{"line":40,"column":82}}]}},"s":{"0":1,"1":1,"2":3,"3":3,"4":1},"f":{"0":3},"b":{"0":[3,3]}}
,"/Users/shelysalsadila/work/ordero-api-v2/src/library/typeorm/decorators/not-nullable.decorator.ts": {"path":"/Users/shelysalsadila/work/ordero-api-v2/src/library/typeorm/decorators/not-nullable.decorator.ts","statementMap":{"0":{"start":{"line":3,"column":0},"end":{"line":3,"column":39}},"1":{"start":{"line":5,"column":0},"end":{"line":5,"column":44}},"2":{"start":{"line":8,"column":24},"end":{"line":8,"column":86}},"3":{"start":{"line":10,"column":2},"end":{"line":10,"column":31}},"4":{"start":{"line":7,"column":0},"end":{"line":7,"column":16}}},"fnMap":{"0":{"name":"NotNullColumn","decl":{"start":{"line":7,"column":16},"end":{"line":7,"column":29}},"loc":{"start":{"line":7,"column":53},"end":{"line":11,"column":1}}}},"branchMap":{"0":{"loc":{"start":{"line":8,"column":72},"end":{"line":8,"column":85}},"type":"binary-expr","locations":[{"start":{"line":8,"column":72},"end":{"line":8,"column":79}},{"start":{"line":8,"column":83},"end":{"line":8,"column":85}}]}},"s":{"0":1,"1":1,"2":22,"3":22,"4":1},"f":{"0":22},"b":{"0":[22,18]}}
,"/Users/shelysalsadila/work/ordero-api-v2/src/library/typeorm/decorators/price.decorator.ts": {"path":"/Users/shelysalsadila/work/ordero-api-v2/src/library/typeorm/decorators/price.decorator.ts","statementMap":{"0":{"start":{"line":3,"column":0},"end":{"line":3,"column":39}},"1":{"start":{"line":5,"column":0},"end":{"line":5,"column":44}},"2":{"start":{"line":8,"column":2},"end":{"line":8,"column":52}},"3":{"start":{"line":13,"column":4},"end":{"line":15,"column":null}},"4":{"start":{"line":14,"column":6},"end":{"line":14,"column":18}},"5":{"start":{"line":17,"column":4},"end":{"line":17,"column":29}},"6":{"start":{"line":21,"column":4},"end":{"line":21,"column":17}},"7":{"start":{"line":26,"column":24},"end":{"line":33,"column":null}},"8":{"start":{"line":36,"column":2},"end":{"line":36,"column":53}},"9":{"start":{"line":38,"column":2},"end":{"line":38,"column":31}},"10":{"start":{"line":25,"column":0},"end":{"line":25,"column":16}}},"fnMap":{"0":{"name":"isNullOrUndefined","decl":{"start":{"line":7,"column":9},"end":{"line":7,"column":26}},"loc":{"start":{"line":7,"column":55},"end":{"line":9,"column":1}}},"1":{"name":"(anonymous_1)","decl":{"start":{"line":12,"column":9},"end":{"line":12,"column":13}},"loc":{"start":{"line":12,"column":35},"end":{"line":18,"column":3}}},"2":{"name":"(anonymous_2)","decl":{"start":{"line":20,"column":9},"end":{"line":20,"column":11}},"loc":{"start":{"line":20,"column":33},"end":{"line":22,"column":3}}},"3":{"name":"PriceColumn","decl":{"start":{"line":25,"column":16},"end":{"line":25,"column":27}},"loc":{"start":{"line":25,"column":51},"end":{"line":39,"column":1}}}},"branchMap":{"0":{"loc":{"start":{"line":8,"column":9},"end":{"line":8,"column":51}},"type":"binary-expr","locations":[{"start":{"line":8,"column":9},"end":{"line":8,"column":35}},{"start":{"line":8,"column":39},"end":{"line":8,"column":51}}]},"1":{"loc":{"start":{"line":13,"column":4},"end":{"line":15,"column":null}},"type":"if","locations":[{"start":{"line":13,"column":4},"end":{"line":15,"column":null}}]},"2":{"loc":{"start":{"line":33,"column":4},"end":{"line":33,"column":17}},"type":"binary-expr","locations":[{"start":{"line":33,"column":4},"end":{"line":33,"column":11}},{"start":{"line":33,"column":15},"end":{"line":33,"column":17}}]}},"s":{"0":1,"1":1,"2":0,"3":0,"4":0,"5":0,"6":0,"7":7,"8":7,"9":7,"10":1},"f":{"0":0,"1":0,"2":0,"3":7},"b":{"0":[0,0],"1":[0],"2":[7,7]}}
,"/Users/shelysalsadila/work/ordero-api-v2/src/library/typeorm/decorators/ulid.decorator.ts": {"path":"/Users/shelysalsadila/work/ordero-api-v2/src/library/typeorm/decorators/ulid.decorator.ts","statementMap":{"0":{"start":{"line":1,"column":0},"end":{"line":1,"column":39}},"1":{"start":{"line":3,"column":0},"end":{"line":3,"column":44}},"2":{"start":{"line":27,"column":2},"end":{"line":35,"column":21}},"3":{"start":{"line":46,"column":2},"end":{"line":46,"column":25}},"4":{"start":{"line":26,"column":0},"end":{"line":26,"column":16}}},"fnMap":{"0":{"name":"ULID","decl":{"start":{"line":26,"column":16},"end":{"line":26,"column":20}},"loc":{"start":{"line":26,"column":83},"end":{"line":47,"column":1}}}},"branchMap":{"0":{"loc":{"start":{"line":34,"column":4},"end":{"line":34,"column":17}},"type":"binary-expr","locations":[{"start":{"line":34,"column":4},"end":{"line":34,"column":11}},{"start":{"line":34,"column":15},"end":{"line":34,"column":17}}]}},"s":{"0":1,"1":1,"2":1,"3":1,"4":1},"f":{"0":1},"b":{"0":[1,1]}}
,"/Users/shelysalsadila/work/ordero-api-v2/src/library/typeorm/decorators/util.decorator.ts": {"path":"/Users/shelysalsadila/work/ordero-api-v2/src/library/typeorm/decorators/util.decorator.ts","statementMap":{"0":{"start":{"line":3,"column":0},"end":{"line":3,"column":39}},"1":{"start":{"line":4,"column":0},"end":{"line":4,"column":63}},"2":{"start":{"line":6,"column":0},"end":{"line":6,"column":44}},"3":{"start":{"line":9,"column":2},"end":{"line":9,"column":52}},"4":{"start":{"line":13,"column":24},"end":{"line":13,"column":83}},"5":{"start":{"line":15,"column":2},"end":{"line":15,"column":31}},"6":{"start":{"line":12,"column":0},"end":{"line":12,"column":16}},"7":{"start":{"line":19,"column":24},"end":{"line":19,"column":83}},"8":{"start":{"line":21,"column":2},"end":{"line":21,"column":31}},"9":{"start":{"line":18,"column":0},"end":{"line":18,"column":16}},"10":{"start":{"line":25,"column":24},"end":{"line":25,"column":87}},"11":{"start":{"line":27,"column":2},"end":{"line":27,"column":31}},"12":{"start":{"line":24,"column":0},"end":{"line":24,"column":16}},"13":{"start":{"line":31,"column":24},"end":{"line":36,"column":null}},"14":{"start":{"line":39,"column":2},"end":{"line":39,"column":31}},"15":{"start":{"line":30,"column":0},"end":{"line":30,"column":16}},"16":{"start":{"line":44,"column":4},"end":{"line":46,"column":null}},"17":{"start":{"line":45,"column":6},"end":{"line":45,"column":18}},"18":{"start":{"line":48,"column":4},"end":{"line":48,"column":17}},"19":{"start":{"line":52,"column":4},"end":{"line":54,"column":null}},"20":{"start":{"line":53,"column":6},"end":{"line":53,"column":18}},"21":{"start":{"line":56,"column":4},"end":{"line":61,"column":null}},"22":{"start":{"line":57,"column":25},"end":{"line":57,"column":64}},"23":{"start":{"line":58,"column":6},"end":{"line":58,"column":20}},"24":{"start":{"line":60,"column":6},"end":{"line":60,"column":18}},"25":{"start":{"line":66,"column":24},"end":{"line":66,"column":81}},"26":{"start":{"line":68,"column":2},"end":{"line":68,"column":53}},"27":{"start":{"line":70,"column":2},"end":{"line":70,"column":31}},"28":{"start":{"line":65,"column":0},"end":{"line":65,"column":16}},"29":{"start":{"line":74,"column":24},"end":{"line":74,"column":82}},"30":{"start":{"line":76,"column":2},"end":{"line":76,"column":31}},"31":{"start":{"line":73,"column":0},"end":{"line":73,"column":16}},"32":{"start":{"line":80,"column":2},"end":{"line":86,"column":21}},"33":{"start":{"line":87,"column":2},"end":{"line":87,"column":25}},"34":{"start":{"line":79,"column":0},"end":{"line":79,"column":16}}},"fnMap":{"0":{"name":"isNullOrUndefined","decl":{"start":{"line":8,"column":9},"end":{"line":8,"column":26}},"loc":{"start":{"line":8,"column":55},"end":{"line":10,"column":1}}},"1":{"name":"TimeColumn","decl":{"start":{"line":12,"column":16},"end":{"line":12,"column":26}},"loc":{"start":{"line":12,"column":50},"end":{"line":16,"column":1}}},"2":{"name":"DateColumn","decl":{"start":{"line":18,"column":16},"end":{"line":18,"column":26}},"loc":{"start":{"line":18,"column":50},"end":{"line":22,"column":1}}},"3":{"name":"DateTimeColumn","decl":{"start":{"line":24,"column":16},"end":{"line":24,"column":30}},"loc":{"start":{"line":24,"column":54},"end":{"line":28,"column":1}}},"4":{"name":"StatusColumn","decl":{"start":{"line":30,"column":16},"end":{"line":30,"column":28}},"loc":{"start":{"line":30,"column":52},"end":{"line":40,"column":1}}},"5":{"name":"(anonymous_5)","decl":{"start":{"line":43,"column":9},"end":{"line":43,"column":13}},"loc":{"start":{"line":43,"column":35},"end":{"line":49,"column":3}}},"6":{"name":"(anonymous_6)","decl":{"start":{"line":51,"column":9},"end":{"line":51,"column":11}},"loc":{"start":{"line":51,"column":33},"end":{"line":62,"column":3}}},"7":{"name":"PhoneColumn","decl":{"start":{"line":65,"column":16},"end":{"line":65,"column":27}},"loc":{"start":{"line":65,"column":51},"end":{"line":71,"column":1}}},"8":{"name":"EmailColumn","decl":{"start":{"line":73,"column":16},"end":{"line":73,"column":27}},"loc":{"start":{"line":73,"column":51},"end":{"line":77,"column":1}}},"9":{"name":"ForeignColumn","decl":{"start":{"line":79,"column":16},"end":{"line":79,"column":29}},"loc":{"start":{"line":79,"column":53},"end":{"line":88,"column":1}}}},"branchMap":{"0":{"loc":{"start":{"line":9,"column":9},"end":{"line":9,"column":51}},"type":"binary-expr","locations":[{"start":{"line":9,"column":9},"end":{"line":9,"column":35}},{"start":{"line":9,"column":39},"end":{"line":9,"column":51}}]},"1":{"loc":{"start":{"line":13,"column":69},"end":{"line":13,"column":82}},"type":"binary-expr","locations":[{"start":{"line":13,"column":69},"end":{"line":13,"column":76}},{"start":{"line":13,"column":80},"end":{"line":13,"column":82}}]},"2":{"loc":{"start":{"line":19,"column":69},"end":{"line":19,"column":82}},"type":"binary-expr","locations":[{"start":{"line":19,"column":69},"end":{"line":19,"column":76}},{"start":{"line":19,"column":80},"end":{"line":19,"column":82}}]},"3":{"loc":{"start":{"line":25,"column":73},"end":{"line":25,"column":86}},"type":"binary-expr","locations":[{"start":{"line":25,"column":73},"end":{"line":25,"column":80}},{"start":{"line":25,"column":84},"end":{"line":25,"column":86}}]},"4":{"loc":{"start":{"line":36,"column":4},"end":{"line":36,"column":17}},"type":"binary-expr","locations":[{"start":{"line":36,"column":4},"end":{"line":36,"column":11}},{"start":{"line":36,"column":15},"end":{"line":36,"column":17}}]},"5":{"loc":{"start":{"line":44,"column":4},"end":{"line":46,"column":null}},"type":"if","locations":[{"start":{"line":44,"column":4},"end":{"line":46,"column":null}}]},"6":{"loc":{"start":{"line":52,"column":4},"end":{"line":54,"column":null}},"type":"if","locations":[{"start":{"line":52,"column":4},"end":{"line":54,"column":null}}]},"7":{"loc":{"start":{"line":66,"column":67},"end":{"line":66,"column":80}},"type":"binary-expr","locations":[{"start":{"line":66,"column":67},"end":{"line":66,"column":74}},{"start":{"line":66,"column":78},"end":{"line":66,"column":80}}]},"8":{"loc":{"start":{"line":74,"column":68},"end":{"line":74,"column":81}},"type":"binary-expr","locations":[{"start":{"line":74,"column":68},"end":{"line":74,"column":75}},{"start":{"line":74,"column":79},"end":{"line":74,"column":81}}]},"9":{"loc":{"start":{"line":85,"column":4},"end":{"line":85,"column":17}},"type":"binary-expr","locations":[{"start":{"line":85,"column":4},"end":{"line":85,"column":11}},{"start":{"line":85,"column":15},"end":{"line":85,"column":17}}]}},"s":{"0":1,"1":1,"2":1,"3":0,"4":0,"5":0,"6":1,"7":0,"8":0,"9":1,"10":6,"11":6,"12":1,"13":6,"14":6,"15":1,"16":0,"17":0,"18":0,"19":0,"20":0,"21":0,"22":0,"23":0,"24":0,"25":4,"26":4,"27":4,"28":1,"29":4,"30":4,"31":1,"32":37,"33":37,"34":1},"f":{"0":0,"1":0,"2":0,"3":6,"4":6,"5":0,"6":0,"7":4,"8":4,"9":37},"b":{"0":[0,0],"1":[0,0],"2":[0,0],"3":[6,6],"4":[6,6],"5":[0],"6":[0],"7":[4,1],"8":[4,1],"9":[37,36]}}
,"/Users/shelysalsadila/work/ordero-api-v2/src/library/uid/ulid.library.ts": {"path":"/Users/shelysalsadila/work/ordero-api-v2/src/library/uid/ulid.library.ts","statementMap":{"0":{"start":{"line":1,"column":0},"end":{"line":1,"column":40}},"1":{"start":{"line":3,"column":13},"end":{"line":3,"column":44}}},"fnMap":{},"branchMap":{},"s":{"0":1,"1":1},"f":{},"b":{}}
,"/Users/shelysalsadila/work/ordero-api-v2/src/library/uid/uuid.library.ts": {"path":"/Users/shelysalsadila/work/ordero-api-v2/src/library/uid/uuid.library.ts","statementMap":{"0":{"start":{"line":1,"column":0},"end":{"line":1,"column":15}},"1":{"start":{"line":3,"column":9},"end":{"line":1,"column":34}}},"fnMap":{"0":{"name":"(anonymous_0)","decl":{"start":{"line":3,"column":9},"end":{"line":3,"column":13}},"loc":{"start":{"line":3,"column":9},"end":{"line":1,"column":34}}}},"branchMap":{},"s":{"0":1,"1":1},"f":{"0":0},"b":{}}
}
