TN:
SF:src/app/staff/restaurant/stock/stock.controller.ts
FN:39,(anonymous_4)
FN:54,(anonymous_5)
FN:64,(anonymous_6)
FN:76,(anonymous_7)
FN:81,(anonymous_8)
FN:101,(anonymous_9)
FN:151,(anonymous_10)
FN:182,(anonymous_11)
FN:195,(anonymous_12)
FN:203,(anonymous_13)
FN:211,(anonymous_14)
FN:232,(anonymous_15)
FN:246,(anonymous_16)
FNF:13
FNH:1
FNDA:0,(anonymous_4)
FNDA:0,(anonymous_5)
FNDA:0,(anonymous_6)
FNDA:0,(anonymous_7)
FNDA:0,(anonymous_8)
FNDA:0,(anonymous_9)
FNDA:0,(anonymous_10)
FNDA:0,(anonymous_11)
FNDA:0,(anonymous_12)
FNDA:0,(anonymous_13)
FNDA:1,(anonymous_14)
FNDA:0,(anonymous_15)
FNDA:0,(anonymous_16)
DA:1,1
DA:2,1
DA:3,1
DA:4,1
DA:5,1
DA:6,1
DA:7,1
DA:8,1
DA:9,1
DA:10,1
DA:11,1
DA:12,1
DA:13,1
DA:14,1
DA:15,1
DA:16,1
DA:17,1
DA:18,1
DA:19,1
DA:31,1
DA:32,1
DA:36,1
DA:39,1
DA:40,0
DA:44,0
DA:45,0
DA:48,0
DA:49,0
DA:54,1
DA:55,0
DA:59,0
DA:64,1
DA:65,0
DA:69,0
DA:70,0
DA:71,0
DA:74,0
DA:76,0
DA:77,0
DA:79,0
DA:80,0
DA:81,0
DA:85,0
DA:86,0
DA:89,0
DA:94,0
DA:95,0
DA:98,0
DA:100,0
DA:101,0
DA:103,0
DA:105,0
DA:106,0
DA:109,0
DA:111,0
DA:112,0
DA:115,0
DA:116,0
DA:117,0
DA:125,0
DA:127,0
DA:128,0
DA:131,0
DA:132,0
DA:136,0
DA:139,0
DA:140,0
DA:143,0
DA:145,0
DA:151,0
DA:153,0
DA:154,0
DA:155,0
DA:156,0
DA:157,0
DA:158,0
DA:159,0
DA:160,0
DA:161,0
DA:162,0
DA:164,0
DA:166,0
DA:171,0
DA:172,0
DA:175,0
DA:178,0
DA:181,0
DA:183,0
DA:185,0
DA:196,0
DA:203,0
DA:206,0
DA:211,1
DA:212,1
DA:215,1
DA:216,1
DA:217,1
DA:220,0
DA:224,0
DA:225,0
DA:229,0
DA:231,0
DA:232,0
DA:233,0
DA:234,0
DA:235,0
DA:236,0
DA:238,0
DA:239,0
DA:241,0
DA:242,0
DA:246,0
DA:247,0
DA:248,0
DA:249,0
DA:250,0
DA:252,0
DA:253,0
DA:255,0
DA:256,0
DA:260,0
LF:121
LH:30
BRDA:44,0,0,0
BRDA:70,1,0,0
BRDA:85,2,0,0
BRDA:94,3,0,0
BRDA:105,4,0,0
BRDA:111,5,0,0
BRDA:127,6,0,0
BRDA:131,7,0,0
BRDA:139,8,0,0
BRDA:143,9,0,0
BRDA:171,10,0,0
BRDA:187,11,0,0
BRDA:187,11,1,0
BRDA:187,12,0,0
BRDA:187,12,1,0
BRDA:191,13,0,0
BRDA:191,13,1,0
BRDA:216,14,0,1
BRDA:229,15,0,0
BRDA:229,15,1,0
BRDA:231,16,0,0
BRF:21
BRH:1
end_of_record
TN:
SF:src/config/database.config.ts
FNF:0
FNH:0
DA:1,1
DA:2,1
DA:3,1
DA:6,1
DA:17,1
DA:18,1
DA:19,0
DA:27,0
DA:28,0
DA:29,0
DA:30,0
DA:33,0
DA:43,1
DA:68,1
DA:78,1
LF:15
LH:9
BRDA:18,0,0,0
BRDA:27,1,0,0
BRDA:27,1,1,0
BRDA:27,2,0,0
BRDA:27,2,1,0
BRDA:29,3,0,0
BRDA:78,4,0,0
BRDA:78,4,1,1
BRF:8
BRH:1
end_of_record
TN:
SF:src/core/decorators/location.decorator.ts
FN:3,(anonymous_0)
FNF:1
FNH:0
FNDA:0,(anonymous_0)
DA:1,1
DA:3,1
DA:4,0
DA:6,0
LF:4
LH:2
BRDA:6,0,0,0
BRDA:6,0,1,0
BRF:2
BRH:0
end_of_record
TN:
SF:src/core/decorators/restaurant.decorator.ts
FN:4,(anonymous_0)
FNF:1
FNH:0
FNDA:0,(anonymous_0)
DA:1,1
DA:2,1
DA:4,1
DA:5,0
DA:6,0
DA:7,0
DA:10,0
LF:7
LH:3
BRDA:6,0,0,0
BRF:1
BRH:0
end_of_record
TN:
SF:src/core/decorators/user.decorator.ts
FN:3,(anonymous_0)
FNF:1
FNH:0
FNDA:0,(anonymous_0)
DA:1,1
DA:3,1
DA:4,0
DA:5,0
LF:4
LH:2
BRF:0
BRH:0
end_of_record
TN:
SF:src/core/guards/auth.guard.ts
FN:11,memoize
FN:13,(anonymous_5)
FN:25,(anonymous_6)
FN:25,(anonymous_7)
FN:26,(anonymous_8)
FN:27,(anonymous_9)
FN:34,(anonymous_10)
FN:45,(anonymous_11)
FN:54,(anonymous_12)
FN:61,(anonymous_13)
FN:67,(anonymous_14)
FN:71,(anonymous_15)
FN:73,(anonymous_16)
FN:73,(anonymous_17)
FN:77,(anonymous_18)
FN:90,createAuthGuard
FN:91,(anonymous_20)
FN:100,createBasicAuthGuard
FN:101,(anonymous_22)
FN:105,(anonymous_23)
FN:119,createApiGuard
FN:120,(anonymous_25)
FN:130,createOwnerAuthGuard
FN:131,(anonymous_27)
FN:141,createStaffAuthGuard
FN:142,(anonymous_29)
FNF:26
FNH:5
FNDA:5,memoize
FNDA:1,(anonymous_5)
FNDA:0,(anonymous_6)
FNDA:0,(anonymous_7)
FNDA:0,(anonymous_8)
FNDA:0,(anonymous_9)
FNDA:0,(anonymous_10)
FNDA:1,(anonymous_11)
FNDA:0,(anonymous_12)
FNDA:0,(anonymous_13)
FNDA:0,(anonymous_14)
FNDA:0,(anonymous_15)
FNDA:0,(anonymous_16)
FNDA:0,(anonymous_17)
FNDA:0,(anonymous_18)
FNDA:0,createAuthGuard
FNDA:0,(anonymous_20)
FNDA:0,createBasicAuthGuard
FNDA:0,(anonymous_22)
FNDA:0,(anonymous_23)
FNDA:0,createApiGuard
FNDA:0,(anonymous_25)
FNDA:0,createOwnerAuthGuard
FNDA:0,(anonymous_27)
FNDA:1,createStaffAuthGuard
FNDA:1,(anonymous_29)
DA:1,1
DA:2,1
DA:3,1
DA:4,1
DA:6,1
DA:12,5
DA:13,5
DA:14,1
DA:15,1
DA:16,0
DA:18,1
DA:19,1
DA:20,1
DA:25,1
DA:26,0
DA:27,0
DA:28,0
DA:29,0
DA:30,0
DA:32,0
DA:34,0
DA:42,1
DA:43,1
DA:45,1
DA:46,1
DA:47,1
DA:48,0
DA:55,0
DA:56,0
DA:57,0
DA:58,0
DA:61,0
DA:64,0
DA:68,0
DA:72,0
DA:73,0
DA:78,0
DA:79,0
DA:82,0
DA:83,0
DA:86,0
DA:92,0
DA:95,0
DA:98,1
DA:102,0
DA:106,0
DA:107,0
DA:110,0
DA:114,0
DA:117,1
DA:121,0
DA:124,0
DA:127,1
DA:132,0
DA:135,0
DA:138,1
DA:143,1
DA:146,1
DA:149,1
LF:59
LH:25
BRDA:14,0,0,1
BRDA:14,0,1,1
BRDA:15,1,0,0
BRDA:15,1,1,1
BRDA:18,2,0,1
BRDA:18,2,1,0
BRDA:34,3,0,0
BRDA:34,3,1,0
BRDA:46,4,0,1
BRDA:46,4,1,1
BRDA:47,5,0,0
BRDA:47,6,0,1
BRDA:47,6,1,0
BRDA:58,7,0,0
BRDA:58,7,1,0
BRDA:59,8,0,0
BRDA:59,8,1,0
BRDA:72,9,0,0
BRDA:72,9,1,0
BRDA:73,10,0,0
BRDA:73,10,1,0
BRDA:78,11,0,0
BRDA:78,12,0,0
BRDA:78,12,1,0
BRDA:79,13,0,0
BRDA:79,13,1,0
BRDA:79,14,0,0
BRDA:79,14,1,0
BRDA:82,15,0,0
BRDA:90,16,0,0
BRDA:100,17,0,0
BRDA:106,18,0,0
BRDA:106,19,0,0
BRDA:106,19,1,0
BRDA:107,20,0,0
BRDA:107,20,1,0
BRDA:107,21,0,0
BRDA:107,21,1,0
BRDA:119,22,0,0
BRDA:130,23,0,0
BRDA:141,24,0,1
BRF:41
BRH:8
end_of_record
TN:
SF:src/core/services/role.service.ts
FN:6,(anonymous_1)
FN:13,(anonymous_2)
FN:29,(anonymous_3)
FN:48,(anonymous_4)
FNF:4
FNH:3
FNDA:1,(anonymous_1)
FNDA:1,(anonymous_2)
FNDA:1,(anonymous_3)
FNDA:0,(anonymous_4)
DA:1,1
DA:3,1
DA:4,1
DA:6,1
DA:7,1
DA:8,1
DA:9,1
DA:10,1
DA:13,1
DA:14,1
DA:15,1
DA:16,1
DA:17,1
DA:18,1
DA:19,1
DA:20,1
DA:21,1
DA:22,1
DA:23,1
DA:24,1
DA:25,1
DA:26,1
DA:29,1
DA:30,1
DA:31,1
DA:32,1
DA:33,1
DA:34,1
DA:35,1
DA:36,1
DA:37,1
DA:38,1
DA:39,1
DA:40,1
DA:41,1
DA:44,1
DA:47,1
DA:49,0
DA:50,0
DA:51,0
DA:52,0
DA:55,0
DA:85,0
LF:43
LH:37
BRDA:6,0,0,1
BRDA:6,0,1,1
BRDA:13,1,0,1
BRDA:13,1,1,1
BRDA:29,2,0,1
BRDA:29,2,1,1
BRF:6
BRH:6
end_of_record
TN:
SF:src/database/entities/base/base.ts
FN:12,(anonymous_2)
FNF:1
FNH:0
FNDA:0,(anonymous_2)
DA:1,1
DA:2,1
DA:3,1
DA:4,1
DA:6,1
DA:8,1
DA:12,1
DA:14,0
DA:15,0
DA:20,1
DA:23,1
LF:11
LH:9
BRDA:14,0,0,0
BRF:1
BRH:0
end_of_record
TN:
SF:src/database/entities/base/basic.ts
FN:20,(anonymous_0)
FN:26,(anonymous_1)
FN:38,(anonymous_2)
FN:50,(anonymous_3)
FN:65,(anonymous_4)
FN:83,(anonymous_5)
FN:97,(anonymous_6)
FN:110,(anonymous_7)
FN:126,(anonymous_8)
FNF:9
FNH:0
FNDA:0,(anonymous_0)
FNDA:0,(anonymous_1)
FNDA:0,(anonymous_2)
FNDA:0,(anonymous_3)
FNDA:0,(anonymous_4)
FNDA:0,(anonymous_5)
FNDA:0,(anonymous_6)
FNDA:0,(anonymous_7)
FNDA:0,(anonymous_8)
DA:1,1
DA:2,1
DA:3,1
DA:5,1
DA:6,1
DA:7,1
DA:17,1
DA:21,0
DA:23,0
DA:30,0
DA:31,0
DA:32,0
DA:35,0
DA:42,0
DA:43,0
DA:44,0
DA:47,0
DA:57,0
DA:58,0
DA:59,0
DA:62,0
DA:69,0
DA:70,0
DA:72,0
DA:86,0
DA:87,0
DA:88,0
DA:89,0
DA:90,0
DA:93,0
DA:100,0
DA:101,0
DA:102,0
DA:103,0
DA:107,0
DA:111,0
DA:112,0
DA:113,0
DA:117,0
DA:118,0
DA:119,0
DA:123,0
DA:127,0
LF:43
LH:7
BRDA:30,0,0,0
BRDA:30,0,1,0
BRDA:31,1,0,0
BRDA:43,2,0,0
BRDA:58,3,0,0
BRDA:70,4,0,0
BRDA:70,4,1,0
BRDA:102,5,0,0
BRDA:112,6,0,0
BRDA:118,7,0,0
BRDA:118,8,0,0
BRDA:118,8,1,0
BRDA:127,9,0,0
BRDA:127,9,1,0
BRF:14
BRH:0
end_of_record
TN:
SF:src/database/entities/core/customer.entity.ts
FN:15,(anonymous_2)
FN:54,(anonymous_3)
FN:58,(anonymous_4)
FN:62,(anonymous_5)
FN:66,(anonymous_6)
FN:51,(anonymous_7)
FN:51,(anonymous_8)
FNF:7
FNH:1
FNDA:1,(anonymous_2)
FNDA:0,(anonymous_3)
FNDA:0,(anonymous_4)
FNDA:0,(anonymous_5)
FNDA:0,(anonymous_6)
FNDA:0,(anonymous_7)
FNDA:0,(anonymous_8)
DA:1,1
DA:2,1
DA:11,1
DA:12,1
DA:13,1
DA:15,1
DA:16,1
DA:17,1
DA:18,1
DA:22,1
DA:24,1
DA:27,1
DA:30,1
DA:34,1
DA:38,1
DA:42,1
DA:45,1
DA:48,1
DA:51,0
DA:52,1
DA:55,0
DA:59,0
DA:63,0
DA:67,0
LF:24
LH:19
BRDA:15,0,0,1
BRDA:15,0,1,1
BRDA:63,1,0,0
BRDA:63,1,1,0
BRDA:67,2,0,0
BRDA:67,2,1,0
BRDA:67,3,0,0
BRDA:67,3,1,0
BRDA:67,4,0,0
BRDA:67,4,1,0
BRF:10
BRH:2
end_of_record
TN:
SF:src/database/entities/core/media.entity.ts
FN:59,(anonymous_2)
FN:70,(anonymous_3)
FN:79,(anonymous_4)
FN:98,(anonymous_5)
FN:111,(anonymous_6)
FN:32,(anonymous_7)
FN:40,(anonymous_8)
FN:48,(anonymous_9)
FN:48,(anonymous_10)
FN:56,(anonymous_11)
FN:56,(anonymous_12)
FNF:11
FNH:0
FNDA:0,(anonymous_2)
FNDA:0,(anonymous_3)
FNDA:0,(anonymous_4)
FNDA:0,(anonymous_5)
FNDA:0,(anonymous_6)
FNDA:0,(anonymous_7)
FNDA:0,(anonymous_8)
FNDA:0,(anonymous_9)
FNDA:0,(anonymous_10)
FNDA:0,(anonymous_11)
FNDA:0,(anonymous_12)
DA:1,1
DA:4,1
DA:5,1
DA:6,1
DA:7,1
DA:8,1
DA:9,1
DA:10,1
DA:11,1
DA:14,1
DA:16,1
DA:19,1
DA:22,1
DA:25,1
DA:29,1
DA:32,0
DA:33,1
DA:37,1
DA:40,0
DA:41,1
DA:45,1
DA:48,0
DA:49,1
DA:53,1
DA:56,0
DA:57,1
DA:60,0
DA:61,0
DA:64,0
DA:71,0
DA:72,0
DA:73,0
DA:76,0
DA:80,0
DA:81,0
DA:82,0
DA:85,0
DA:86,0
DA:87,0
DA:90,0
DA:99,0
DA:100,0
DA:104,0
DA:105,0
DA:106,0
DA:108,0
DA:112,0
DA:113,0
DA:114,0
DA:115,0
DA:116,0
DA:117,0
DA:121,0
DA:123,0
LF:54
LH:22
BRDA:60,0,0,0
BRDA:72,1,0,0
BRDA:81,2,0,0
BRDA:86,3,0,0
BRDA:99,4,0,0
BRDA:114,5,0,0
BRF:6
BRH:0
end_of_record
TN:
SF:src/database/entities/core/order-product.entity.ts
FN:8,(anonymous_2)
FN:22,(anonymous_3)
FN:22,(anonymous_4)
FN:31,(anonymous_5)
FN:31,(anonymous_6)
FNF:5
FNH:1
FNDA:1,(anonymous_2)
FNDA:0,(anonymous_3)
FNDA:0,(anonymous_4)
FNDA:0,(anonymous_5)
FNDA:0,(anonymous_6)
DA:1,1
DA:2,1
DA:3,1
DA:4,1
DA:5,1
DA:6,1
DA:8,1
DA:9,1
DA:10,1
DA:11,1
DA:12,1
DA:16,1
DA:19,1
DA:22,0
DA:23,1
DA:27,1
DA:31,0
DA:32,1
DA:35,1
DA:38,1
DA:41,1
LF:21
LH:19
BRDA:8,0,0,1
BRDA:8,0,1,1
BRF:2
BRH:2
end_of_record
TN:
SF:src/database/entities/core/order.entity.ts
FN:20,(anonymous_2)
FN:120,(anonymous_3)
FN:122,(anonymous_4)
FN:128,(anonymous_5)
FN:129,(anonymous_6)
FN:135,(anonymous_7)
FN:73,(anonymous_8)
FN:73,(anonymous_9)
FN:81,(anonymous_10)
FN:81,(anonymous_11)
FN:89,(anonymous_12)
FN:89,(anonymous_13)
FN:97,(anonymous_14)
FN:97,(anonymous_15)
FN:105,(anonymous_16)
FN:105,(anonymous_17)
FN:113,(anonymous_18)
FN:113,(anonymous_19)
FN:117,(anonymous_20)
FN:117,(anonymous_21)
FNF:20
FNH:1
FNDA:1,(anonymous_2)
FNDA:0,(anonymous_3)
FNDA:0,(anonymous_4)
FNDA:0,(anonymous_5)
FNDA:0,(anonymous_6)
FNDA:0,(anonymous_7)
FNDA:0,(anonymous_8)
FNDA:0,(anonymous_9)
FNDA:0,(anonymous_10)
FNDA:0,(anonymous_11)
FNDA:0,(anonymous_12)
FNDA:0,(anonymous_13)
FNDA:0,(anonymous_14)
FNDA:0,(anonymous_15)
FNDA:0,(anonymous_16)
FNDA:0,(anonymous_17)
FNDA:0,(anonymous_18)
FNDA:0,(anonymous_19)
FNDA:0,(anonymous_20)
FNDA:0,(anonymous_21)
DA:1,1
DA:2,1
DA:10,1
DA:11,1
DA:12,1
DA:13,1
DA:14,1
DA:15,1
DA:16,1
DA:17,1
DA:18,1
DA:20,1
DA:21,1
DA:22,1
DA:23,1
DA:24,1
DA:25,1
DA:26,1
DA:27,1
DA:31,1
DA:32,1
DA:33,1
DA:38,1
DA:42,1
DA:45,1
DA:48,1
DA:51,1
DA:54,1
DA:57,1
DA:60,1
DA:63,1
DA:66,1
DA:70,1
DA:73,0
DA:74,1
DA:78,1
DA:81,0
DA:82,1
DA:86,1
DA:89,0
DA:90,1
DA:94,1
DA:97,0
DA:98,1
DA:102,1
DA:105,0
DA:106,1
DA:110,1
DA:113,0
DA:114,1
DA:117,0
DA:118,1
DA:121,0
DA:123,0
DA:129,0
DA:130,0
DA:131,0
DA:136,0
LF:58
LH:45
BRDA:20,0,0,1
BRDA:20,0,1,1
BRDA:129,1,0,0
BRDA:129,1,1,0
BRDA:130,2,0,0
BRDA:136,3,0,0
BRDA:136,3,1,0
BRF:7
BRH:2
end_of_record
TN:
SF:src/database/entities/core/role.entity.ts
FN:35,(anonymous_2)
FN:39,(anonymous_3)
FN:32,(anonymous_4)
FNF:3
FNH:0
FNDA:0,(anonymous_2)
FNDA:0,(anonymous_3)
FNDA:0,(anonymous_4)
DA:1,1
DA:2,1
DA:10,1
DA:11,1
DA:12,1
DA:15,1
DA:17,1
DA:20,1
DA:23,1
DA:26,1
DA:30,1
DA:32,0
DA:33,1
DA:36,0
DA:41,0
LF:15
LH:12
BRF:0
BRH:0
end_of_record
TN:
SF:src/database/entities/owner/category.entity.ts
FN:18,(anonymous_2)
FN:18,(anonymous_3)
FN:22,(anonymous_4)
FN:22,(anonymous_5)
FNF:4
FNH:0
FNDA:0,(anonymous_2)
FNDA:0,(anonymous_3)
FNDA:0,(anonymous_4)
FNDA:0,(anonymous_5)
DA:1,1
DA:2,1
DA:3,1
DA:4,1
DA:5,1
DA:6,1
DA:9,1
DA:11,1
DA:15,1
DA:18,0
DA:19,1
DA:22,0
DA:23,1
LF:13
LH:11
BRF:0
BRH:0
end_of_record
TN:
SF:src/database/entities/owner/location.entity.ts
FN:44,(anonymous_2)
FN:46,(anonymous_3)
FN:29,(anonymous_4)
FN:29,(anonymous_5)
FN:33,(anonymous_6)
FN:33,(anonymous_7)
FN:37,(anonymous_8)
FN:37,(anonymous_9)
FN:41,(anonymous_10)
FN:41,(anonymous_11)
FNF:10
FNH:0
FNDA:0,(anonymous_2)
FNDA:0,(anonymous_3)
FNDA:0,(anonymous_4)
FNDA:0,(anonymous_5)
FNDA:0,(anonymous_6)
FNDA:0,(anonymous_7)
FNDA:0,(anonymous_8)
FNDA:0,(anonymous_9)
FNDA:0,(anonymous_10)
FNDA:0,(anonymous_11)
DA:1,1
DA:2,1
DA:3,1
DA:4,1
DA:5,1
DA:6,1
DA:7,1
DA:8,1
DA:11,1
DA:12,1
DA:13,1
DA:16,1
DA:19,1
DA:22,1
DA:26,1
DA:29,0
DA:30,1
DA:33,0
DA:34,1
DA:37,0
DA:38,1
DA:41,0
DA:42,1
DA:45,0
DA:47,0
LF:25
LH:19
BRF:0
BRH:0
end_of_record
TN:
SF:src/database/entities/owner/owner.entity.ts
FN:20,(anonymous_2)
FN:93,(anonymous_3)
FN:97,(anonymous_4)
FN:101,(anonymous_5)
FN:105,(anonymous_6)
FN:109,(anonymous_7)
FN:113,(anonymous_8)
FN:66,(anonymous_9)
FN:75,(anonymous_10)
FN:82,(anonymous_11)
FN:86,(anonymous_12)
FN:86,(anonymous_13)
FN:90,(anonymous_14)
FN:90,(anonymous_15)
FNF:14
FNH:1
FNDA:1,(anonymous_2)
FNDA:0,(anonymous_3)
FNDA:0,(anonymous_4)
FNDA:0,(anonymous_5)
FNDA:0,(anonymous_6)
FNDA:0,(anonymous_7)
FNDA:0,(anonymous_8)
FNDA:0,(anonymous_9)
FNDA:0,(anonymous_10)
FNDA:0,(anonymous_11)
FNDA:0,(anonymous_12)
FNDA:0,(anonymous_13)
FNDA:0,(anonymous_14)
FNDA:0,(anonymous_15)
DA:1,1
DA:2,1
DA:3,1
DA:13,1
DA:14,1
DA:15,1
DA:16,1
DA:17,1
DA:18,1
DA:20,1
DA:21,1
DA:22,1
DA:23,1
DA:27,1
DA:29,1
DA:32,1
DA:35,1
DA:39,1
DA:43,1
DA:47,1
DA:51,1
DA:54,1
DA:57,1
DA:60,1
DA:64,1
DA:66,0
DA:68,1
DA:72,1
DA:75,0
DA:76,1
DA:80,1
DA:82,0
DA:83,1
DA:86,0
DA:87,1
DA:90,0
DA:91,1
DA:94,0
DA:98,0
DA:102,0
DA:106,0
DA:110,0
DA:114,0
DA:115,0
LF:44
LH:32
BRDA:20,0,0,1
BRDA:20,0,1,1
BRDA:106,1,0,0
BRDA:106,1,1,0
BRDA:110,2,0,0
BRDA:110,2,1,0
BRDA:115,3,0,0
BRDA:115,3,1,0
BRF:8
BRH:2
end_of_record
TN:
SF:src/database/entities/owner/product-category.entity.ts
FN:15,(anonymous_2)
FN:15,(anonymous_3)
FN:23,(anonymous_4)
FN:23,(anonymous_5)
FNF:4
FNH:0
FNDA:0,(anonymous_2)
FNDA:0,(anonymous_3)
FNDA:0,(anonymous_4)
FNDA:0,(anonymous_5)
DA:1,1
DA:2,1
DA:3,1
DA:4,1
DA:5,1
DA:6,1
DA:9,1
DA:12,1
DA:15,0
DA:16,1
DA:20,1
DA:23,0
DA:24,1
LF:13
LH:11
BRF:0
BRH:0
end_of_record
TN:
SF:src/database/entities/owner/product-stock.entity.ts
FN:37,(anonymous_2)
FN:37,(anonymous_3)
FN:45,(anonymous_4)
FN:45,(anonymous_5)
FN:52,(anonymous_6)
FN:52,(anonymous_7)
FN:60,(anonymous_8)
FN:60,(anonymous_9)
FNF:8
FNH:0
FNDA:0,(anonymous_2)
FNDA:0,(anonymous_3)
FNDA:0,(anonymous_4)
FNDA:0,(anonymous_5)
FNDA:0,(anonymous_6)
FNDA:0,(anonymous_7)
FNDA:0,(anonymous_8)
FNDA:0,(anonymous_9)
DA:1,1
DA:2,1
DA:3,1
DA:4,1
DA:5,1
DA:6,1
DA:7,1
DA:8,1
DA:11,1
DA:13,1
DA:16,1
DA:19,1
DA:22,1
DA:25,1
DA:28,1
DA:31,1
DA:34,1
DA:37,0
DA:38,1
DA:42,1
DA:45,0
DA:46,1
DA:49,1
DA:52,0
DA:53,1
DA:57,1
DA:60,0
DA:61,1
LF:28
LH:24
BRF:0
BRH:0
end_of_record
TN:
SF:src/database/entities/owner/product-variant.entity.ts
FN:50,(anonymous_2)
FN:54,(anonymous_3)
FN:24,(anonymous_4)
FN:24,(anonymous_5)
FN:31,(anonymous_6)
FN:31,(anonymous_7)
FN:35,(anonymous_8)
FN:35,(anonymous_9)
FN:39,(anonymous_10)
FN:39,(anonymous_11)
FN:47,(anonymous_12)
FN:47,(anonymous_13)
FNF:12
FNH:0
FNDA:0,(anonymous_2)
FNDA:0,(anonymous_3)
FNDA:0,(anonymous_4)
FNDA:0,(anonymous_5)
FNDA:0,(anonymous_6)
FNDA:0,(anonymous_7)
FNDA:0,(anonymous_8)
FNDA:0,(anonymous_9)
FNDA:0,(anonymous_10)
FNDA:0,(anonymous_11)
FNDA:0,(anonymous_12)
FNDA:0,(anonymous_13)
DA:1,1
DA:2,1
DA:3,1
DA:4,1
DA:5,1
DA:6,1
DA:7,1
DA:8,1
DA:9,1
DA:12,1
DA:14,1
DA:17,1
DA:21,1
DA:24,0
DA:25,1
DA:28,1
DA:31,0
DA:32,1
DA:35,0
DA:36,1
DA:39,0
DA:40,1
DA:44,1
DA:47,0
DA:48,1
DA:51,0
DA:55,0
DA:57,0
DA:58,0
DA:59,0
DA:62,0
LF:31
LH:20
BRDA:57,0,0,0
BRDA:59,1,0,0
BRDA:59,1,1,0
BRF:3
BRH:0
end_of_record
TN:
SF:src/database/entities/owner/product.entity.ts
FN:11,(anonymous_2)
FN:41,(anonymous_3)
FN:41,(anonymous_4)
FN:45,(anonymous_5)
FN:45,(anonymous_6)
FN:49,(anonymous_7)
FN:49,(anonymous_8)
FN:53,(anonymous_9)
FN:53,(anonymous_10)
FN:57,(anonymous_11)
FN:57,(anonymous_12)
FNF:11
FNH:1
FNDA:1,(anonymous_2)
FNDA:0,(anonymous_3)
FNDA:0,(anonymous_4)
FNDA:0,(anonymous_5)
FNDA:0,(anonymous_6)
FNDA:0,(anonymous_7)
FNDA:0,(anonymous_8)
FNDA:0,(anonymous_9)
FNDA:0,(anonymous_10)
FNDA:0,(anonymous_11)
FNDA:0,(anonymous_12)
DA:1,1
DA:2,1
DA:3,1
DA:4,1
DA:5,1
DA:6,1
DA:7,1
DA:8,1
DA:9,1
DA:11,1
DA:12,1
DA:13,1
DA:14,1
DA:15,1
DA:16,1
DA:20,1
DA:22,1
DA:25,1
DA:28,1
DA:31,1
DA:34,1
DA:38,1
DA:41,0
DA:42,1
DA:45,0
DA:46,1
DA:49,0
DA:50,1
DA:53,0
DA:54,1
DA:57,0
DA:58,1
LF:32
LH:27
BRDA:11,0,0,1
BRDA:11,0,1,1
BRF:2
BRH:2
end_of_record
TN:
SF:src/database/entities/owner/restaurant.entity.ts
FN:16,(anonymous_2)
FN:55,(anonymous_3)
FN:59,(anonymous_4)
FN:59,(anonymous_5)
FN:63,(anonymous_6)
FN:63,(anonymous_7)
FN:67,(anonymous_8)
FN:67,(anonymous_9)
FN:71,(anonymous_10)
FN:71,(anonymous_11)
FN:75,(anonymous_12)
FN:75,(anonymous_13)
FN:79,(anonymous_14)
FN:79,(anonymous_15)
FN:83,(anonymous_16)
FN:83,(anonymous_17)
FN:87,(anonymous_18)
FN:87,(anonymous_19)
FN:91,(anonymous_20)
FN:91,(anonymous_21)
FNF:20
FNH:1
FNDA:1,(anonymous_2)
FNDA:0,(anonymous_3)
FNDA:0,(anonymous_4)
FNDA:0,(anonymous_5)
FNDA:0,(anonymous_6)
FNDA:0,(anonymous_7)
FNDA:0,(anonymous_8)
FNDA:0,(anonymous_9)
FNDA:0,(anonymous_10)
FNDA:0,(anonymous_11)
FNDA:0,(anonymous_12)
FNDA:0,(anonymous_13)
FNDA:0,(anonymous_14)
FNDA:0,(anonymous_15)
FNDA:0,(anonymous_16)
FNDA:0,(anonymous_17)
FNDA:0,(anonymous_18)
FNDA:0,(anonymous_19)
FNDA:0,(anonymous_20)
FNDA:0,(anonymous_21)
DA:1,1
DA:2,1
DA:3,1
DA:4,1
DA:5,1
DA:6,1
DA:7,1
DA:8,1
DA:9,1
DA:10,1
DA:11,1
DA:12,1
DA:13,1
DA:14,1
DA:16,1
DA:17,1
DA:18,1
DA:22,1
DA:24,1
DA:27,1
DA:30,1
DA:33,1
DA:36,1
DA:39,1
DA:42,1
DA:45,1
DA:48,1
DA:52,1
DA:55,0
DA:56,1
DA:59,0
DA:60,1
DA:63,0
DA:64,1
DA:67,0
DA:68,1
DA:71,0
DA:72,1
DA:75,0
DA:76,1
DA:79,0
DA:80,1
DA:83,0
DA:84,1
DA:87,0
DA:88,1
DA:91,0
DA:92,1
LF:48
LH:38
BRDA:16,0,0,1
BRDA:16,0,1,1
BRF:2
BRH:2
end_of_record
TN:
SF:src/database/entities/owner/table.entity.ts
FN:9,(anonymous_2)
FN:29,(anonymous_3)
FN:29,(anonymous_4)
FN:37,(anonymous_5)
FN:37,(anonymous_6)
FN:41,(anonymous_7)
FN:41,(anonymous_8)
FNF:7
FNH:1
FNDA:1,(anonymous_2)
FNDA:0,(anonymous_3)
FNDA:0,(anonymous_4)
FNDA:0,(anonymous_5)
FNDA:0,(anonymous_6)
FNDA:0,(anonymous_7)
FNDA:0,(anonymous_8)
DA:1,1
DA:2,1
DA:3,1
DA:4,1
DA:5,1
DA:6,1
DA:7,1
DA:9,1
DA:10,1
DA:11,1
DA:12,1
DA:13,1
DA:17,1
DA:19,1
DA:22,1
DA:26,1
DA:29,0
DA:30,1
DA:34,1
DA:37,0
DA:38,1
DA:41,0
DA:42,1
LF:23
LH:20
BRDA:9,0,0,1
BRDA:9,0,1,1
BRF:2
BRH:2
end_of_record
TN:
SF:src/database/entities/owner/variant-group.entity.ts
FN:8,(anonymous_2)
FN:29,(anonymous_3)
FN:29,(anonymous_4)
FN:33,(anonymous_5)
FN:33,(anonymous_6)
FNF:5
FNH:1
FNDA:1,(anonymous_2)
FNDA:0,(anonymous_3)
FNDA:0,(anonymous_4)
FNDA:0,(anonymous_5)
FNDA:0,(anonymous_6)
DA:1,1
DA:2,1
DA:3,1
DA:4,1
DA:5,1
DA:6,1
DA:8,1
DA:9,1
DA:10,1
DA:14,1
DA:16,1
DA:19,1
DA:22,1
DA:26,1
DA:29,0
DA:30,1
DA:33,0
DA:34,1
LF:18
LH:16
BRDA:8,0,0,1
BRDA:8,0,1,1
BRF:2
BRH:2
end_of_record
TN:
SF:src/database/entities/owner/variant.entity.ts
FN:9,(anonymous_2)
FN:30,(anonymous_3)
FN:30,(anonymous_4)
FN:38,(anonymous_5)
FN:38,(anonymous_6)
FN:42,(anonymous_7)
FN:42,(anonymous_8)
FNF:7
FNH:1
FNDA:1,(anonymous_2)
FNDA:0,(anonymous_3)
FNDA:0,(anonymous_4)
FNDA:0,(anonymous_5)
FNDA:0,(anonymous_6)
FNDA:0,(anonymous_7)
FNDA:0,(anonymous_8)
DA:1,1
DA:2,1
DA:3,1
DA:4,1
DA:5,1
DA:6,1
DA:7,1
DA:9,1
DA:10,1
DA:11,1
DA:15,1
DA:17,1
DA:20,1
DA:23,1
DA:27,1
DA:30,0
DA:31,1
DA:35,1
DA:38,0
DA:39,1
DA:42,0
DA:43,1
LF:22
LH:19
BRDA:9,0,0,1
BRDA:9,0,1,1
BRF:2
BRH:2
end_of_record
TN:
SF:src/database/entities/staff/role.entity.ts
FNF:0
FNH:0
DA:1,1
DA:2,1
DA:12,1
DA:14,1
DA:17,1
DA:20,1
DA:23,1
DA:26,1
LF:8
LH:8
BRF:0
BRH:0
end_of_record
TN:
SF:src/database/entities/staff/user.entity.ts
FN:20,(anonymous_2)
FN:89,(anonymous_3)
FN:93,(anonymous_4)
FN:97,(anonymous_5)
FN:60,(anonymous_6)
FN:60,(anonymous_7)
FN:67,(anonymous_8)
FN:75,(anonymous_9)
FN:82,(anonymous_10)
FN:86,(anonymous_11)
FN:86,(anonymous_12)
FNF:11
FNH:1
FNDA:1,(anonymous_2)
FNDA:0,(anonymous_3)
FNDA:0,(anonymous_4)
FNDA:0,(anonymous_5)
FNDA:0,(anonymous_6)
FNDA:0,(anonymous_7)
FNDA:0,(anonymous_8)
FNDA:0,(anonymous_9)
FNDA:0,(anonymous_10)
FNDA:0,(anonymous_11)
FNDA:0,(anonymous_12)
DA:1,1
DA:2,1
DA:3,1
DA:4,1
DA:14,1
DA:15,1
DA:16,1
DA:17,1
DA:18,1
DA:20,1
DA:21,1
DA:22,1
DA:26,1
DA:27,1
DA:30,1
DA:33,1
DA:36,1
DA:40,1
DA:44,1
DA:48,1
DA:52,1
DA:55,1
DA:58,1
DA:60,0
DA:61,1
DA:65,1
DA:67,0
DA:69,1
DA:73,1
DA:75,0
DA:76,1
DA:80,1
DA:82,0
DA:83,1
DA:86,0
DA:87,1
DA:90,0
DA:94,0
DA:98,0
LF:39
LH:31
BRDA:20,0,0,1
BRDA:20,0,1,1
BRF:2
BRH:2
end_of_record
TN:
SF:src/database/transformers/category.transformer.ts
FN:5,(anonymous_0)
FNF:1
FNH:0
FNDA:0,(anonymous_0)
DA:2,1
DA:4,1
DA:6,0
LF:3
LH:2
BRF:0
BRH:0
end_of_record
TN:
SF:src/database/transformers/location.transformer.ts
FN:5,(anonymous_0)
FNF:1
FNH:0
FNDA:0,(anonymous_0)
DA:2,1
DA:4,1
DA:6,0
LF:3
LH:2
BRF:0
BRH:0
end_of_record
TN:
SF:src/database/transformers/media.transformer.ts
FN:5,(anonymous_0)
FNF:1
FNH:0
FNDA:0,(anonymous_0)
DA:1,1
DA:2,1
DA:4,1
DA:6,0
LF:4
LH:3
BRF:0
BRH:0
end_of_record
TN:
SF:src/database/transformers/product-variant.transformer.ts
FN:7,(anonymous_0)
FN:11,(anonymous_1)
FN:20,(anonymous_2)
FN:29,(anonymous_3)
FNF:4
FNH:0
FNDA:0,(anonymous_0)
FNDA:0,(anonymous_1)
FNDA:0,(anonymous_2)
FNDA:0,(anonymous_3)
DA:2,1
DA:3,1
DA:4,1
DA:6,1
DA:8,0
DA:12,0
DA:13,0
DA:14,0
DA:17,0
DA:21,0
DA:22,0
DA:23,0
DA:26,0
DA:30,0
LF:14
LH:4
BRDA:13,0,0,0
BRDA:22,1,0,0
BRF:2
BRH:0
end_of_record
TN:
SF:src/database/transformers/product.transformer.ts
FN:12,(anonymous_0)
FN:16,(anonymous_1)
FN:25,(anonymous_2)
FN:32,(anonymous_3)
FN:33,(anonymous_4)
FN:39,(anonymous_5)
FN:44,(anonymous_6)
FN:53,(anonymous_7)
FNF:8
FNH:0
FNDA:0,(anonymous_0)
FNDA:0,(anonymous_1)
FNDA:0,(anonymous_2)
FNDA:0,(anonymous_3)
FNDA:0,(anonymous_4)
FNDA:0,(anonymous_5)
FNDA:0,(anonymous_6)
FNDA:0,(anonymous_7)
DA:1,1
DA:2,1
DA:4,1
DA:5,1
DA:6,1
DA:7,1
DA:8,1
DA:9,1
DA:11,1
DA:13,0
DA:17,0
DA:18,0
DA:19,0
DA:22,0
DA:26,0
DA:27,0
DA:28,0
DA:31,0
DA:32,0
DA:33,0
DA:36,0
DA:40,0
DA:41,0
DA:45,0
DA:46,0
DA:47,0
DA:50,0
DA:54,0
LF:28
LH:9
BRDA:18,0,0,0
BRDA:27,1,0,0
BRDA:32,2,0,0
BRDA:46,3,0,0
BRF:4
BRH:0
end_of_record
TN:
SF:src/database/transformers/raw.transformer.ts
FN:4,(anonymous_0)
FN:8,(anonymous_1)
FN:12,(anonymous_2)
FNF:3
FNH:0
FNDA:0,(anonymous_0)
FNDA:0,(anonymous_1)
FNDA:0,(anonymous_2)
DA:1,1
DA:3,1
DA:5,0
DA:9,0
DA:13,0
LF:5
LH:2
BRF:0
BRH:0
end_of_record
TN:
SF:src/database/transformers/stock.transformer.ts
FN:7,(anonymous_0)
FN:11,(anonymous_1)
FN:20,(anonymous_2)
FN:29,(anonymous_3)
FNF:4
FNH:0
FNDA:0,(anonymous_0)
FNDA:0,(anonymous_1)
FNDA:0,(anonymous_2)
FNDA:0,(anonymous_3)
DA:2,1
DA:3,1
DA:4,1
DA:6,1
DA:8,0
DA:12,0
DA:13,0
DA:14,0
DA:17,0
DA:21,0
DA:22,0
DA:23,0
DA:26,0
DA:30,0
LF:14
LH:4
BRDA:13,0,0,0
BRDA:22,1,0,0
BRF:2
BRH:0
end_of_record
TN:
SF:src/database/transformers/variant-group.transformer.ts
FN:7,(anonymous_0)
FN:11,(anonymous_1)
FN:16,(anonymous_2)
FNF:3
FNH:0
FNDA:0,(anonymous_0)
FNDA:0,(anonymous_1)
FNDA:0,(anonymous_2)
DA:2,1
DA:3,1
DA:4,1
DA:6,1
DA:8,0
DA:12,0
DA:13,0
DA:17,0
LF:8
LH:4
BRF:0
BRH:0
end_of_record
TN:
SF:src/database/transformers/variant.transformer.ts
FN:6,(anonymous_0)
FN:10,(anonymous_1)
FN:19,(anonymous_2)
FNF:3
FNH:0
FNDA:0,(anonymous_0)
FNDA:0,(anonymous_1)
FNDA:0,(anonymous_2)
DA:2,1
DA:3,1
DA:5,1
DA:7,0
DA:11,0
DA:12,0
DA:13,0
DA:16,0
DA:20,0
LF:9
LH:3
BRDA:12,0,0,0
BRF:1
BRH:0
end_of_record
TN:
SF:src/library/exceptions/generic.exception.ts
FN:4,(anonymous_0)
FNF:1
FNH:0
FNDA:0,(anonymous_0)
DA:1,1
DA:3,1
DA:5,0
LF:3
LH:2
BRDA:4,0,0,0
BRF:1
BRH:0
end_of_record
TN:
SF:src/library/exceptions/token.exception.ts
FN:4,(anonymous_0)
FNF:1
FNH:0
FNDA:0,(anonymous_0)
DA:1,1
DA:3,1
DA:5,0
LF:3
LH:2
BRDA:4,0,0,0
BRF:1
BRH:0
end_of_record
TN:
SF:src/library/exceptions/validation.exception.ts
FN:5,(anonymous_0)
FN:26,(anonymous_1)
FNF:2
FNH:1
FNDA:1,(anonymous_0)
FNDA:0,(anonymous_1)
DA:1,1
DA:4,1
DA:6,1
DA:7,1
DA:8,1
DA:9,0
DA:10,0
DA:14,1
DA:25,1
DA:27,0
DA:28,0
DA:29,0
DA:30,0
DA:31,0
DA:35,0
LF:15
LH:7
BRDA:7,0,0,1
BRDA:7,0,1,1
BRDA:7,1,0,1
BRDA:7,1,1,0
BRDA:7,2,0,1
BRDA:7,2,1,1
BRDA:28,3,0,0
BRDA:28,3,1,0
BRDA:28,4,0,0
BRDA:28,4,1,0
BRDA:28,5,0,0
BRDA:28,5,1,0
BRF:12
BRH:5
end_of_record
TN:
SF:src/library/helpers/base64.helper.ts
FN:1,padString
FN:24,encode
FN:31,decode
FN:35,toBase64
FN:42,fromBase64
FNF:5
FNH:0
FNDA:0,padString
FNDA:0,encode
FNDA:0,decode
FNDA:0,toBase64
FNDA:0,fromBase64
DA:2,0
DA:3,0
DA:4,0
DA:6,0
DA:7,0
DA:10,0
DA:11,0
DA:12,0
DA:13,0
DA:15,0
DA:17,0
DA:18,0
DA:21,0
DA:25,0
DA:26,0
DA:28,0
DA:32,0
DA:38,0
DA:39,0
DA:43,0
DA:55,1
DA:57,1
DA:58,1
DA:59,1
DA:60,1
DA:62,1
LF:26
LH:6
BRDA:6,0,0,0
BRDA:24,1,0,0
BRDA:25,2,0,0
BRDA:31,3,0,0
BRF:4
BRH:0
end_of_record
TN:
SF:src/library/helpers/config.helper.ts
FN:9,(anonymous_0)
FN:18,(anonymous_1)
FN:19,(anonymous_2)
FN:23,(anonymous_3)
FN:33,(anonymous_4)
FN:37,(anonymous_5)
FN:41,(anonymous_6)
FN:45,(anonymous_7)
FN:49,(anonymous_8)
FN:53,(anonymous_9)
FN:57,(anonymous_10)
FN:61,(anonymous_11)
FN:66,(anonymous_12)
FN:71,(anonymous_13)
FNF:14
FNH:5
FNDA:24,(anonymous_0)
FNDA:1,(anonymous_1)
FNDA:6,(anonymous_2)
FNDA:0,(anonymous_3)
FNDA:0,(anonymous_4)
FNDA:0,(anonymous_5)
FNDA:0,(anonymous_6)
FNDA:0,(anonymous_7)
FNDA:0,(anonymous_8)
FNDA:0,(anonymous_9)
FNDA:0,(anonymous_10)
FNDA:0,(anonymous_11)
FNDA:1,(anonymous_12)
FNDA:1,(anonymous_13)
DA:1,1
DA:2,1
DA:3,1
DA:6,1
DA:10,24
DA:11,24
DA:12,0
DA:15,24
DA:19,6
DA:20,1
DA:24,0
DA:26,0
DA:27,0
DA:30,0
DA:34,0
DA:38,0
DA:42,0
DA:46,0
DA:50,0
DA:54,0
DA:58,0
DA:62,0
DA:63,0
DA:67,1
DA:68,1
DA:72,1
DA:75,1
DA:84,1
LF:28
LH:14
BRDA:9,0,0,17
BRDA:11,1,0,0
BRDA:11,2,0,24
BRDA:11,2,1,0
BRDA:24,3,0,0
BRDA:24,3,1,0
BRDA:26,4,0,0
BRDA:27,5,0,0
BRDA:27,5,1,0
BRDA:34,6,0,0
BRDA:34,6,1,0
BRF:11
BRH:2
end_of_record
TN:
SF:src/library/helpers/request.helper.ts
FN:5,(anonymous_0)
FN:16,(anonymous_1)
FN:20,(anonymous_2)
FN:24,(anonymous_3)
FN:33,(anonymous_4)
FNF:5
FNH:0
FNDA:0,(anonymous_0)
FNDA:0,(anonymous_1)
FNDA:0,(anonymous_2)
FNDA:0,(anonymous_3)
FNDA:0,(anonymous_4)
DA:1,1
DA:2,1
DA:4,1
DA:6,0
DA:7,0
DA:8,0
DA:9,0
DA:13,0
DA:17,0
DA:21,0
DA:25,0
DA:26,0
DA:27,0
DA:30,0
DA:34,0
LF:15
LH:3
BRDA:5,0,0,0
BRDA:8,1,0,0
BRDA:26,2,0,0
BRF:3
BRH:0
end_of_record
TN:
SF:src/library/helpers/time.helper.ts
FNF:0
FNH:0
DA:1,1
DA:3,1
DA:4,1
DA:6,1
DA:7,1
DA:9,1
LF:6
LH:6
BRF:0
BRH:0
end_of_record
TN:
SF:src/library/helpers/utils.helper.ts
FN:6,(anonymous_0)
FN:33,(anonymous_1)
FN:38,(anonymous_2)
FN:44,(anonymous_3)
FN:55,(anonymous_4)
FN:80,(anonymous_5)
FN:135,walk
FN:138,(anonymous_7)
FN:149,keysToCamel
FN:150,(anonymous_9)
FN:153,keysToSnake
FN:154,(anonymous_11)
FN:157,(anonymous_12)
FN:162,(anonymous_13)
FN:168,(anonymous_14)
FN:175,(anonymous_15)
FN:176,(anonymous_16)
FN:188,(anonymous_17)
FN:204,(anonymous_18)
FN:208,(anonymous_19)
FN:213,(anonymous_20)
FN:218,(anonymous_21)
FN:229,(anonymous_22)
FN:247,(anonymous_23)
FN:248,(anonymous_24)
FN:253,(anonymous_25)
FN:256,(anonymous_26)
FN:263,(anonymous_27)
FN:279,(anonymous_28)
FN:281,(anonymous_29)
FN:297,(anonymous_30)
FNF:31
FNH:1
FNDA:0,(anonymous_0)
FNDA:0,(anonymous_1)
FNDA:0,(anonymous_2)
FNDA:0,(anonymous_3)
FNDA:0,(anonymous_4)
FNDA:0,(anonymous_5)
FNDA:0,walk
FNDA:0,(anonymous_7)
FNDA:0,keysToCamel
FNDA:0,(anonymous_9)
FNDA:0,keysToSnake
FNDA:0,(anonymous_11)
FNDA:0,(anonymous_12)
FNDA:0,(anonymous_13)
FNDA:0,(anonymous_14)
FNDA:0,(anonymous_15)
FNDA:0,(anonymous_16)
FNDA:0,(anonymous_17)
FNDA:1,(anonymous_18)
FNDA:0,(anonymous_19)
FNDA:0,(anonymous_20)
FNDA:0,(anonymous_21)
FNDA:0,(anonymous_22)
FNDA:0,(anonymous_23)
FNDA:0,(anonymous_24)
FNDA:0,(anonymous_25)
FNDA:0,(anonymous_26)
FNDA:0,(anonymous_27)
FNDA:0,(anonymous_28)
FNDA:0,(anonymous_29)
FNDA:0,(anonymous_30)
DA:1,1
DA:2,1
DA:3,1
DA:4,1
DA:6,1
DA:7,0
DA:22,0
DA:24,0
DA:25,0
DA:26,0
DA:27,0
DA:30,0
DA:33,1
DA:34,0
DA:35,0
DA:38,1
DA:40,0
DA:41,0
DA:44,1
DA:48,0
DA:49,0
DA:50,0
DA:52,0
DA:55,1
DA:56,0
DA:57,0
DA:58,0
DA:61,0
DA:62,0
DA:63,0
DA:64,0
DA:65,0
DA:66,0
DA:67,0
DA:68,0
DA:69,0
DA:70,0
DA:71,0
DA:72,0
DA:73,0
DA:74,0
DA:77,0
DA:80,1
DA:81,0
DA:83,0
DA:84,0
DA:85,0
DA:86,0
DA:88,0
DA:89,0
DA:90,0
DA:91,0
DA:93,0
DA:94,0
DA:96,0
DA:97,0
DA:98,0
DA:100,0
DA:101,0
DA:102,0
DA:103,0
DA:106,0
DA:107,0
DA:108,0
DA:109,0
DA:110,0
DA:114,0
DA:115,0
DA:116,0
DA:117,0
DA:120,0
DA:121,0
DA:122,0
DA:126,0
DA:127,0
DA:128,0
DA:132,0
DA:136,0
DA:138,0
DA:139,0
DA:140,0
DA:143,0
DA:146,0
DA:149,1
DA:150,0
DA:153,1
DA:154,0
DA:157,1
DA:159,0
DA:162,1
DA:164,0
DA:165,0
DA:168,1
DA:169,0
DA:172,0
DA:175,1
DA:176,0
DA:177,0
DA:178,0
DA:181,0
DA:182,0
DA:185,0
DA:188,1
DA:189,0
DA:190,0
DA:191,0
DA:192,0
DA:193,0
DA:195,0
DA:197,0
DA:198,0
DA:199,0
DA:201,0
DA:204,1
DA:205,1
DA:208,1
DA:210,0
DA:213,1
DA:214,0
DA:215,0
DA:218,1
DA:219,0
DA:220,0
DA:223,0
DA:224,0
DA:226,0
DA:229,1
DA:230,0
DA:233,0
DA:234,0
DA:235,0
DA:236,0
DA:238,0
DA:239,0
DA:240,0
DA:243,0
DA:244,0
DA:247,1
DA:248,0
DA:249,0
DA:250,0
DA:253,0
DA:256,1
DA:261,0
DA:263,0
DA:267,0
DA:269,0
DA:270,0
DA:271,0
DA:273,0
DA:274,0
DA:275,0
DA:276,0
DA:278,0
DA:279,0
DA:280,0
DA:281,0
DA:282,0
DA:283,0
DA:291,0
DA:294,0
DA:297,1
DA:298,0
LF:163
LH:26
BRDA:33,0,0,0
BRDA:38,1,0,0
BRDA:38,2,0,0
BRDA:44,3,0,0
BRDA:52,4,0,0
BRDA:52,4,1,0
BRDA:57,5,0,0
BRDA:61,6,0,0
BRDA:61,6,1,0
BRDA:63,7,0,0
BRDA:63,7,1,0
BRDA:63,8,0,0
BRDA:63,8,1,0
BRDA:66,9,0,0
BRDA:66,9,1,0
BRDA:66,10,0,0
BRDA:66,10,1,0
BRDA:69,11,0,0
BRDA:69,11,1,0
BRDA:69,12,0,0
BRDA:69,12,1,0
BRDA:72,13,0,0
BRDA:72,14,0,0
BRDA:72,14,1,0
BRDA:81,15,0,0
BRDA:81,15,1,0
BRDA:93,16,0,0
BRDA:93,16,1,0
BRDA:96,17,0,0
BRDA:96,17,1,0
BRDA:102,18,0,0
BRDA:107,19,0,0
BRDA:107,20,0,0
BRDA:107,20,1,0
BRDA:108,21,0,0
BRDA:108,21,1,0
BRDA:115,22,0,0
BRDA:120,23,0,0
BRDA:120,24,0,0
BRDA:120,24,1,0
BRDA:127,25,0,0
BRDA:136,26,0,0
BRDA:136,26,1,0
BRDA:139,27,0,0
BRDA:139,28,0,0
BRDA:139,28,1,0
BRDA:159,29,0,0
BRDA:159,29,1,0
BRDA:175,30,0,0
BRDA:177,31,0,0
BRDA:181,32,0,0
BRDA:181,32,1,0
BRDA:182,33,0,0
BRDA:182,33,1,0
BRDA:182,34,0,0
BRDA:182,34,1,0
BRDA:191,35,0,0
BRDA:191,35,1,0
BRDA:214,36,0,0
BRDA:214,36,1,0
BRDA:215,37,0,0
BRDA:215,37,1,0
BRDA:215,38,0,0
BRDA:215,38,1,0
BRDA:219,39,0,0
BRDA:229,40,0,0
BRDA:238,41,0,0
BRDA:239,42,0,0
BRDA:239,42,1,0
BRDA:243,43,0,0
BRDA:243,43,1,0
BRDA:244,44,0,0
BRDA:244,44,1,0
BRDA:244,45,0,0
BRDA:244,45,1,0
BRDA:249,46,0,0
BRDA:249,46,1,0
BRDA:253,47,0,0
BRDA:253,47,1,0
BRDA:262,48,0,0
BRDA:262,48,1,0
BRDA:267,49,0,0
BRDA:267,49,1,0
BRDA:270,50,0,0
BRDA:270,50,1,0
BRDA:271,51,0,0
BRDA:271,51,1,0
BRDA:275,52,0,0
BRDA:275,52,1,0
BRDA:276,53,0,0
BRDA:276,53,1,0
BRDA:281,54,0,0
BRDA:281,54,1,0
BRDA:281,55,0,0
BRDA:281,55,1,0
BRDA:281,56,0,0
BRDA:281,56,1,0
BRDA:282,57,0,0
BRDA:282,57,1,0
BRDA:282,58,0,0
BRDA:282,58,1,0
BRDA:282,59,0,0
BRDA:282,59,1,0
BRF:103
BRH:0
end_of_record
TN:
SF:src/library/helpers/validator.helper.ts
FN:5,(anonymous_0)
FN:9,(anonymous_1)
FN:12,(anonymous_2)
FN:20,(anonymous_3)
FN:29,(anonymous_4)
FN:38,(anonymous_5)
FN:40,(anonymous_6)
FN:49,(anonymous_7)
FN:51,(anonymous_8)
FN:59,(anonymous_9)
FN:61,(anonymous_10)
FN:69,(anonymous_11)
FN:76,(anonymous_12)
FNF:13
FNH:0
FNDA:0,(anonymous_0)
FNDA:0,(anonymous_1)
FNDA:0,(anonymous_2)
FNDA:0,(anonymous_3)
FNDA:0,(anonymous_4)
FNDA:0,(anonymous_5)
FNDA:0,(anonymous_6)
FNDA:0,(anonymous_7)
FNDA:0,(anonymous_8)
FNDA:0,(anonymous_9)
FNDA:0,(anonymous_10)
FNDA:0,(anonymous_11)
FNDA:0,(anonymous_12)
DA:1,1
DA:4,1
DA:6,0
DA:11,0
DA:12,0
DA:17,0
DA:21,0
DA:26,0
DA:30,0
DA:35,0
DA:39,0
DA:40,0
DA:41,0
DA:46,0
DA:50,0
DA:51,0
DA:56,0
DA:60,0
DA:61,0
DA:66,0
DA:70,0
DA:76,0
DA:77,0
DA:80,0
LF:24
LH:2
BRDA:11,0,0,0
BRDA:11,0,1,0
BRDA:12,1,0,0
BRDA:12,1,1,0
BRDA:39,2,0,0
BRDA:39,2,1,0
BRDA:50,3,0,0
BRDA:50,3,1,0
BRDA:60,4,0,0
BRDA:60,4,1,0
BRF:10
BRH:0
end_of_record
TN:
SF:src/library/pubsub/pubsub.lib.ts
FN:6,(anonymous_0)
FN:11,(anonymous_1)
FN:27,(anonymous_2)
FN:34,(anonymous_3)
FN:60,(anonymous_4)
FN:73,(anonymous_5)
FN:77,(anonymous_6)
FN:80,(anonymous_7)
FN:89,(anonymous_8)
FN:92,(anonymous_9)
FNF:10
FNH:4
FNDA:1,(anonymous_0)
FNDA:1,(anonymous_1)
FNDA:1,(anonymous_2)
FNDA:1,(anonymous_3)
FNDA:0,(anonymous_4)
FNDA:0,(anonymous_5)
FNDA:0,(anonymous_6)
FNDA:0,(anonymous_7)
FNDA:0,(anonymous_8)
FNDA:0,(anonymous_9)
DA:2,1
DA:4,1
DA:6,1
DA:7,1
DA:8,1
DA:11,1
DA:12,1
DA:13,1
DA:14,1
DA:15,1
DA:18,1
DA:19,1
DA:20,1
DA:23,1
DA:24,1
DA:27,1
DA:28,1
DA:29,1
DA:30,1
DA:31,1
DA:34,1
DA:35,1
DA:36,1
DA:37,1
DA:56,1
DA:61,0
DA:62,0
DA:65,0
DA:67,0
DA:68,0
DA:74,0
DA:78,0
DA:80,0
DA:81,0
DA:83,0
DA:90,0
DA:92,0
DA:93,0
DA:95,0
LF:39
LH:25
BRDA:6,0,0,1
BRDA:6,0,1,1
BRDA:11,1,0,1
BRDA:11,1,1,1
BRDA:27,2,0,1
BRDA:27,2,1,1
BRDA:34,3,0,1
BRDA:34,3,1,1
BRDA:61,4,0,0
BRDA:65,5,0,0
BRDA:74,6,0,0
BRDA:74,6,1,0
BRDA:78,7,0,0
BRDA:90,8,0,0
BRF:14
BRH:8
end_of_record
TN:
SF:src/library/pubsub/socketio.pubsub.ts
FN:6,(anonymous_0)
FN:10,(anonymous_1)
FNF:2
FNH:0
FNDA:0,(anonymous_0)
FNDA:0,(anonymous_1)
DA:7,0
DA:11,0
DA:14,1
LF:3
LH:1
BRF:0
BRH:0
end_of_record
TN:
SF:src/library/rbac/index.ts
FNF:0
FNH:0
DA:1,1
DA:2,1
DA:3,1
DA:4,1
DA:5,1
DA:6,1
DA:7,1
DA:8,1
DA:9,1
DA:10,1
DA:11,1
DA:12,1
DA:13,1
DA:14,1
DA:15,1
DA:16,1
LF:16
LH:16
BRF:0
BRH:0
end_of_record
TN:
SF:src/library/rbac/rbac.module.ts
FN:18,(anonymous_1)
FN:30,(anonymous_2)
FN:34,(anonymous_3)
FN:43,(anonymous_4)
FN:49,(anonymous_5)
FN:63,(anonymous_6)
FN:78,(anonymous_7)
FNF:7
FNH:0
FNDA:0,(anonymous_1)
FNDA:0,(anonymous_2)
FNDA:0,(anonymous_3)
FNDA:0,(anonymous_4)
FNDA:0,(anonymous_5)
FNDA:0,(anonymous_6)
FNDA:0,(anonymous_7)
DA:1,1
DA:2,1
DA:6,1
DA:7,1
DA:14,1
DA:25,0
DA:26,0
DA:27,0
DA:31,0
DA:35,0
DA:44,0
DA:45,0
DA:46,0
DA:47,0
DA:50,0
DA:54,0
DA:57,0
DA:64,0
DA:71,0
DA:79,0
DA:80,0
DA:82,0
DA:83,0
DA:85,0
DA:86,0
DA:89,0
DA:90,0
DA:93,0
LF:28
LH:5
BRDA:46,0,0,0
BRDA:59,1,0,0
BRDA:59,1,1,0
BRDA:74,2,0,0
BRDA:74,2,1,0
BRDA:79,3,0,0
BRDA:79,4,0,0
BRDA:79,4,1,0
BRDA:82,5,0,0
BRDA:85,6,0,0
BRDA:89,7,0,0
BRF:11
BRH:0
end_of_record
TN:
SF:src/library/rbac/cache/rbac.cache.ts
FN:12,(anonymous_2)
FN:16,(anonymous_3)
FN:20,(anonymous_4)
FN:24,(anonymous_5)
FNF:4
FNH:0
FNDA:0,(anonymous_2)
FNDA:0,(anonymous_3)
FNDA:0,(anonymous_4)
FNDA:0,(anonymous_5)
DA:2,1
DA:3,1
DA:6,1
DA:7,0
DA:8,0
DA:13,0
DA:17,0
DA:21,0
DA:25,0
LF:9
LH:3
BRF:0
BRH:0
end_of_record
TN:
SF:src/library/rbac/constans/index.ts
FNF:0
FNH:0
DA:1,1
LF:1
LH:1
BRF:0
BRH:0
end_of_record
TN:
SF:src/library/rbac/decorators/permissions.decorator.ts
FN:3,(anonymous_0)
FNF:1
FNH:1
FNDA:4,(anonymous_0)
DA:1,1
DA:3,4
LF:2
LH:2
BRF:0
BRH:0
end_of_record
TN:
SF:src/library/rbac/exceptions/rbac.exceptions.ts
FN:2,(anonymous_0)
FNF:1
FNH:0
FNDA:0,(anonymous_0)
DA:1,1
DA:3,0
LF:2
LH:1
BRF:0
BRH:0
end_of_record
TN:
SF:src/library/rbac/params-filter/params.filter.ts
FN:3,(anonymous_0)
FN:6,(anonymous_1)
FN:10,(anonymous_2)
FNF:3
FNH:0
FNDA:0,(anonymous_0)
FNDA:0,(anonymous_1)
FNDA:0,(anonymous_2)
DA:3,1
DA:4,0
DA:7,0
DA:11,0
DA:12,0
LF:5
LH:1
BRF:0
BRH:0
end_of_record
TN:
SF:src/library/rbac/role/role.rbac.ts
FN:7,(anonymous_2)
FN:14,(anonymous_3)
FNF:2
FNH:0
FNDA:0,(anonymous_2)
FNDA:0,(anonymous_3)
DA:2,1
DA:6,1
DA:8,0
DA:9,0
DA:10,0
DA:11,0
DA:15,0
DA:16,0
DA:19,0
DA:20,0
DA:21,0
DA:26,0
DA:28,0
DA:29,0
DA:30,0
DA:32,0
DA:33,0
DA:37,0
DA:38,0
DA:39,0
DA:40,0
DA:41,0
DA:48,0
LF:23
LH:2
BRDA:15,0,0,0
BRDA:20,1,0,0
BRDA:28,2,0,0
BRDA:28,3,0,0
BRDA:28,3,1,0
BRDA:32,4,0,0
BRDA:32,5,0,0
BRDA:32,5,1,0
BRDA:32,6,0,0
BRDA:32,6,1,0
BRDA:37,7,0,0
BRDA:37,8,0,0
BRDA:37,8,1,0
BRDA:39,9,0,0
BRDA:39,10,0,0
BRDA:39,10,1,0
BRDA:40,11,0,0
BRDA:40,12,0,0
BRDA:40,12,1,0
BRF:19
BRH:0
end_of_record
TN:
SF:src/library/rbac/services/rbac.service.ts
FN:7,(anonymous_2)
FN:9,(anonymous_3)
FN:23,(anonymous_4)
FNF:3
FNH:0
FNDA:0,(anonymous_2)
FNDA:0,(anonymous_3)
FNDA:0,(anonymous_4)
DA:1,1
DA:2,1
DA:6,1
DA:7,0
DA:10,0
DA:11,0
DA:12,0
DA:15,0
DA:24,0
LF:9
LH:3
BRDA:11,0,0,0
BRDA:11,1,0,0
BRDA:11,1,1,0
BRF:3
BRH:0
end_of_record
TN:
SF:src/library/rbac/services/storage.rbac.service.ts
FN:7,(anonymous_4)
FN:15,(anonymous_5)
FN:19,(anonymous_6)
FN:23,(anonymous_7)
FN:27,(anonymous_8)
FN:31,(anonymous_9)
FN:37,(anonymous_10)
FN:54,(anonymous_11)
FN:64,(anonymous_12)
FN:71,(anonymous_13)
FN:75,(anonymous_14)
FN:82,(anonymous_15)
FN:90,(anonymous_16)
FN:98,(anonymous_17)
FN:107,(anonymous_18)
FN:112,(anonymous_19)
FN:115,(anonymous_20)
FN:120,(anonymous_21)
FN:124,(anonymous_22)
FN:127,(anonymous_23)
FN:144,(anonymous_24)
FN:148,(anonymous_25)
FNF:22
FNH:0
FNDA:0,(anonymous_4)
FNDA:0,(anonymous_5)
FNDA:0,(anonymous_6)
FNDA:0,(anonymous_7)
FNDA:0,(anonymous_8)
FNDA:0,(anonymous_9)
FNDA:0,(anonymous_10)
FNDA:0,(anonymous_11)
FNDA:0,(anonymous_12)
FNDA:0,(anonymous_13)
FNDA:0,(anonymous_14)
FNDA:0,(anonymous_15)
FNDA:0,(anonymous_16)
FNDA:0,(anonymous_17)
FNDA:0,(anonymous_18)
FNDA:0,(anonymous_19)
FNDA:0,(anonymous_20)
FNDA:0,(anonymous_21)
FNDA:0,(anonymous_22)
FNDA:0,(anonymous_23)
FNDA:0,(anonymous_24)
FNDA:0,(anonymous_25)
DA:2,1
DA:3,1
DA:6,1
DA:8,0
DA:9,0
DA:12,0
DA:16,0
DA:20,0
DA:24,0
DA:28,0
DA:32,0
DA:34,0
DA:38,0
DA:39,0
DA:41,0
DA:43,0
DA:44,0
DA:46,0
DA:48,0
DA:51,0
DA:55,0
DA:56,0
DA:57,0
DA:58,0
DA:62,0
DA:63,0
DA:64,0
DA:65,0
DA:67,0
DA:71,0
DA:76,0
DA:77,0
DA:78,0
DA:79,0
DA:82,0
DA:84,0
DA:85,0
DA:89,0
DA:90,0
DA:91,0
DA:93,0
DA:99,0
DA:100,0
DA:101,0
DA:102,0
DA:105,0
DA:107,0
DA:112,0
DA:113,0
DA:115,0
DA:116,0
DA:120,0
DA:121,0
DA:123,0
DA:124,0
DA:125,0
DA:126,0
DA:128,0
DA:134,0
DA:137,0
DA:138,0
DA:141,0
DA:145,0
DA:149,0
LF:64
LH:3
BRDA:34,0,0,0
BRDA:34,0,1,0
BRDA:55,1,0,0
BRDA:57,2,0,0
BRDA:76,3,0,0
BRDA:78,4,0,0
BRDA:84,5,0,0
BRDA:99,6,0,0
BRDA:101,7,0,0
BRDA:101,8,0,0
BRDA:101,8,1,0
BRDA:125,9,0,0
BRDA:137,10,0,0
BRF:13
BRH:0
end_of_record
TN:
SF:src/library/transformer/abstract.transformer.ts
FN:9,(anonymous_0)
FN:13,(anonymous_1)
FN:18,(anonymous_2)
FN:24,(anonymous_3)
FN:28,(anonymous_4)
FN:32,(anonymous_5)
FN:36,(anonymous_6)
FN:61,(anonymous_7)
FN:72,(anonymous_8)
FN:75,(anonymous_9)
FN:80,(anonymous_10)
FN:100,(anonymous_11)
FN:107,(anonymous_12)
FNF:13
FNH:0
FNDA:0,(anonymous_0)
FNDA:0,(anonymous_1)
FNDA:0,(anonymous_2)
FNDA:0,(anonymous_3)
FNDA:0,(anonymous_4)
FNDA:0,(anonymous_5)
FNDA:0,(anonymous_6)
FNDA:0,(anonymous_7)
FNDA:0,(anonymous_8)
FNDA:0,(anonymous_9)
FNDA:0,(anonymous_10)
FNDA:0,(anonymous_11)
FNDA:0,(anonymous_12)
DA:1,1
DA:2,1
DA:3,1
DA:4,1
DA:5,1
DA:6,1
DA:8,1
DA:10,0
DA:14,0
DA:19,0
DA:25,0
DA:29,0
DA:33,0
DA:37,0
DA:40,0
DA:43,0
DA:46,0
DA:47,0
DA:50,0
DA:51,0
DA:54,0
DA:58,0
DA:62,0
DA:63,0
DA:65,0
DA:66,0
DA:69,0
DA:73,0
DA:75,0
DA:77,0
DA:83,0
DA:84,0
DA:87,0
DA:89,0
DA:90,0
DA:94,0
DA:96,0
DA:102,0
DA:103,0
DA:107,0
DA:109,0
DA:113,0
DA:114,0
DA:118,0
LF:44
LH:7
BRDA:50,0,0,0
BRDA:50,0,1,0
BRDA:65,1,0,0
BRDA:89,2,0,0
BRDA:102,3,0,0
BRDA:109,4,0,0
BRDA:109,4,1,0
BRDA:109,4,2,0
BRDA:113,5,0,0
BRF:9
BRH:0
end_of_record
TN:
SF:src/library/transformer/resources/abstract.resource.ts
FN:8,(anonymous_0)
FN:18,(anonymous_1)
FN:32,(anonymous_2)
FN:36,(anonymous_3)
FN:42,(anonymous_4)
FN:46,(anonymous_5)
FN:52,(anonymous_6)
FN:56,(anonymous_7)
FN:64,(anonymous_8)
FN:68,(anonymous_9)
FNF:10
FNH:0
FNDA:0,(anonymous_0)
FNDA:0,(anonymous_1)
FNDA:0,(anonymous_2)
FNDA:0,(anonymous_3)
FNDA:0,(anonymous_4)
FNDA:0,(anonymous_5)
FNDA:0,(anonymous_6)
FNDA:0,(anonymous_7)
FNDA:0,(anonymous_8)
FNDA:0,(anonymous_9)
DA:1,1
DA:9,0
DA:10,0
DA:12,0
DA:14,0
DA:15,0
DA:20,0
DA:29,0
DA:33,0
DA:37,0
DA:39,0
DA:43,0
DA:47,0
DA:49,0
DA:53,0
DA:57,0
DA:58,0
DA:61,0
DA:65,0
DA:70,0
DA:71,0
DA:74,0
DA:75,0
DA:79,0
DA:80,0
DA:82,0
LF:26
LH:1
BRDA:57,0,0,0
BRDA:70,1,0,0
BRDA:79,2,0,0
BRDA:79,2,1,0
BRDA:80,3,0,0
BRDA:80,3,1,0
BRF:6
BRH:0
end_of_record
TN:
SF:src/library/transformer/resources/collection.resource.ts
FNF:0
FNH:0
DA:1,1
DA:3,1
LF:2
LH:2
BRF:0
BRH:0
end_of_record
TN:
SF:src/library/transformer/resources/item.resource.ts
FNF:0
FNH:0
DA:1,1
DA:3,1
LF:2
LH:2
BRF:0
BRH:0
end_of_record
TN:
SF:src/library/transformer/resources/null.resource.ts
FN:7,(anonymous_0)
FN:14,(anonymous_1)
FNF:2
FNH:0
FNDA:0,(anonymous_0)
FNDA:0,(anonymous_1)
DA:1,1
DA:3,1
DA:8,0
DA:15,0
LF:4
LH:2
BRF:0
BRH:0
end_of_record
TN:
SF:src/library/typeorm/datasource.typeorm.ts
FN:8,(anonymous_0)
FN:14,(anonymous_1)
FN:18,(anonymous_2)
FN:22,(anonymous_3)
FN:30,(anonymous_4)
FNF:5
FNH:3
FNDA:1,(anonymous_0)
FNDA:1,(anonymous_1)
FNDA:1,(anonymous_2)
FNDA:0,(anonymous_3)
FNDA:0,(anonymous_4)
DA:1,1
DA:2,1
DA:4,1
DA:9,1
DA:10,0
DA:15,1
DA:19,1
DA:23,0
DA:24,0
DA:25,0
DA:27,0
DA:31,0
DA:32,0
DA:33,0
DA:38,1
DA:40,1
LF:16
LH:8
BRDA:9,0,0,0
BRDA:15,1,0,1
BRDA:15,1,1,1
BRDA:23,2,0,0
BRDA:23,3,0,0
BRDA:23,3,1,0
BRDA:31,4,0,0
BRDA:31,5,0,0
BRDA:31,5,1,0
BRF:9
BRH:2
end_of_record
TN:
SF:src/library/typeorm/naming-strategy.library.ts
FN:5,(anonymous_0)
FN:9,(anonymous_1)
FN:13,(anonymous_2)
FN:17,(anonymous_3)
FN:21,(anonymous_4)
FN:25,(anonymous_5)
FN:29,(anonymous_6)
FN:33,(anonymous_7)
FNF:8
FNH:0
FNDA:0,(anonymous_0)
FNDA:0,(anonymous_1)
FNDA:0,(anonymous_2)
FNDA:0,(anonymous_3)
FNDA:0,(anonymous_4)
FNDA:0,(anonymous_5)
FNDA:0,(anonymous_6)
FNDA:0,(anonymous_7)
DA:1,1
DA:2,1
DA:4,1
DA:6,0
DA:10,0
DA:14,0
DA:18,0
DA:22,0
DA:26,0
DA:30,0
DA:34,0
LF:11
LH:3
BRDA:6,0,0,0
BRDA:6,0,1,0
BRDA:10,1,0,0
BRDA:10,1,1,0
BRDA:26,2,0,0
BRDA:26,2,1,0
BRF:6
BRH:0
end_of_record
TN:
SF:src/library/typeorm/query-builder.library.ts
FN:160,(anonymous_0)
FN:8,(anonymous_1)
FN:25,(anonymous_2)
FN:35,(anonymous_3)
FN:50,(anonymous_4)
FN:69,(anonymous_5)
FN:80,(anonymous_6)
FN:81,(anonymous_7)
FN:82,(anonymous_8)
FN:96,(anonymous_9)
FN:101,(anonymous_10)
FN:113,(anonymous_11)
FN:122,(anonymous_12)
FN:128,(anonymous_13)
FN:133,(anonymous_14)
FNF:15
FNH:0
FNDA:0,(anonymous_0)
FNDA:0,(anonymous_1)
FNDA:0,(anonymous_2)
FNDA:0,(anonymous_3)
FNDA:0,(anonymous_4)
FNDA:0,(anonymous_5)
FNDA:0,(anonymous_6)
FNDA:0,(anonymous_7)
FNDA:0,(anonymous_8)
FNDA:0,(anonymous_9)
FNDA:0,(anonymous_10)
FNDA:0,(anonymous_11)
FNDA:0,(anonymous_12)
FNDA:0,(anonymous_13)
FNDA:0,(anonymous_14)
DA:1,1
DA:2,1
DA:4,1
DA:5,1
DA:6,1
DA:8,1
DA:9,0
DA:10,0
DA:12,0
DA:13,0
DA:16,0
DA:17,0
DA:20,0
DA:22,0
DA:25,1
DA:26,0
DA:27,0
DA:30,0
DA:31,0
DA:35,1
DA:36,0
DA:37,0
DA:39,0
DA:50,1
DA:53,0
DA:55,0
DA:56,0
DA:58,0
DA:69,1
DA:70,0
DA:71,0
DA:72,0
DA:74,0
DA:77,0
DA:80,1
DA:81,0
DA:82,0
DA:83,0
DA:84,0
DA:87,0
DA:88,0
DA:91,0
DA:93,0
DA:96,1
DA:97,0
DA:98,0
DA:100,0
DA:101,0
DA:103,0
DA:104,0
DA:105,0
DA:106,0
DA:110,0
DA:113,1
DA:114,0
DA:115,0
DA:117,0
DA:118,0
DA:119,0
DA:122,0
DA:123,0
DA:124,0
DA:125,0
DA:128,0
DA:130,0
DA:133,1
DA:134,0
DA:135,0
DA:136,0
DA:137,0
DA:139,0
DA:140,0
DA:142,0
DA:143,0
DA:146,0
DA:147,0
DA:150,0
DA:151,0
DA:153,0
DA:154,0
DA:157,0
DA:160,1
LF:82
LH:15
BRDA:12,0,0,0
BRDA:12,1,0,0
BRDA:12,1,1,0
BRDA:16,2,0,0
BRDA:16,3,0,0
BRDA:16,3,1,0
BRDA:26,4,0,0
BRDA:27,5,0,0
BRDA:27,5,1,0
BRDA:30,6,0,0
BRDA:30,6,1,0
BRDA:65,7,0,0
BRDA:65,7,1,0
BRDA:71,8,0,0
BRDA:71,8,1,0
BRDA:83,9,0,0
BRDA:101,10,0,0
BRDA:101,10,1,0
BRDA:105,11,0,0
BRDA:118,12,0,0
BRDA:123,13,0,0
BRDA:123,13,1,0
BRDA:124,14,0,0
BRDA:124,14,1,0
BRDA:125,15,0,0
BRDA:125,15,1,0
BRDA:139,16,0,0
BRDA:142,17,0,0
BRDA:146,18,0,0
BRDA:150,19,0,0
BRDA:153,20,0,0
BRF:31
BRH:0
end_of_record
TN:
SF:src/library/typeorm/decorators/boolean.decorator.ts
FN:27,BooleanColumn
FNF:1
FNH:1
FNDA:3,BooleanColumn
DA:3,1
DA:5,1
DA:27,1
DA:37,3
DA:38,3
DA:39,1
DA:41,2
DA:44,3
LF:8
LH:8
BRDA:37,0,0,3
BRDA:37,0,1,2
BRDA:38,1,0,1
BRDA:38,1,1,2
BRDA:39,2,0,0
BRDA:39,2,1,1
BRF:6
BRH:5
end_of_record
TN:
SF:src/library/typeorm/decorators/column.decorator.ts
FN:100,Column
FN:105,(anonymous_1)
FNF:2
FNH:2
FNDA:112,Column
FNDA:112,(anonymous_1)
DA:7,1
DA:23,1
DA:100,1
DA:105,112
DA:108,112
DA:109,0
DA:110,112
DA:111,100
DA:112,100
DA:115,112
DA:116,12
DA:121,112
DA:124,112
DA:126,48
DA:130,112
DA:131,48
DA:135,112
DA:136,0
DA:140,112
DA:141,77
DA:144,112
DA:146,0
DA:157,112
DA:158,0
DA:162,112
DA:163,5
DA:166,112
LF:27
LH:23
BRDA:108,0,0,0
BRDA:108,0,1,112
BRDA:108,1,0,112
BRDA:108,1,1,112
BRDA:110,2,0,100
BRDA:115,3,0,12
BRDA:121,4,0,112
BRDA:121,4,1,0
BRDA:121,5,0,112
BRDA:121,5,1,112
BRDA:124,6,0,48
BRDA:124,7,0,112
BRDA:124,7,1,48
BRDA:130,8,0,48
BRDA:130,9,0,112
BRDA:130,9,1,48
BRDA:135,10,0,0
BRDA:135,11,0,112
BRDA:135,11,1,0
BRDA:136,12,0,0
BRDA:136,12,1,0
BRDA:140,13,0,77
BRDA:144,14,0,0
BRDA:144,14,1,112
BRDA:149,15,0,0
BRDA:149,15,1,0
BRDA:150,16,0,0
BRDA:150,16,1,0
BRDA:157,17,0,0
BRDA:162,18,0,5
BRF:30
BRH:18
end_of_record
TN:
SF:src/library/typeorm/decorators/date.decorator.ts
FN:6,CreateDateColumn
FN:8,(anonymous_1)
FN:17,(anonymous_2)
FN:25,UpdateDateColumn
FN:27,(anonymous_4)
FN:37,(anonymous_5)
FNF:6
FNH:4
FNDA:3,CreateDateColumn
FNDA:3,(anonymous_1)
FNDA:0,(anonymous_2)
FNDA:3,UpdateDateColumn
FNDA:3,(anonymous_4)
FNDA:0,(anonymous_5)
DA:3,1
DA:6,1
DA:8,3
DA:9,3
DA:17,0
DA:25,1
DA:27,3
DA:28,3
DA:37,0
LF:9
LH:7
BRF:0
BRH:0
end_of_record
TN:
SF:src/library/typeorm/decorators/entity.decorator.ts
FN:7,CoreEntity
FNF:1
FNH:1
FNDA:18,CoreEntity
DA:1,1
DA:7,1
DA:8,18
DA:9,18
DA:10,18
DA:12,18
LF:6
LH:6
BRDA:8,0,0,18
BRDA:8,0,1,17
BRDA:8,1,0,1
BRDA:8,1,1,17
BRDA:9,2,0,0
BRDA:9,2,1,18
BRDA:10,3,0,1
BRDA:10,3,1,17
BRF:8
BRH:7
end_of_record
TN:
SF:src/library/typeorm/decorators/index.ts
FNF:0
FNH:0
DA:1,1
DA:2,1
DA:3,1
DA:4,1
DA:5,1
DA:6,1
DA:7,1
DA:8,1
DA:9,1
LF:9
LH:9
BRF:0
BRH:0
end_of_record
TN:
SF:src/library/typeorm/decorators/json.decorator.ts
FN:39,JsonColumn
FNF:1
FNH:1
FNDA:3,JsonColumn
DA:3,1
DA:5,1
DA:39,1
DA:40,3
DA:62,3
LF:5
LH:5
BRDA:40,0,0,3
BRDA:40,0,1,3
BRF:2
BRH:2
end_of_record
TN:
SF:src/library/typeorm/decorators/not-nullable.decorator.ts
FN:7,NotNullColumn
FNF:1
FNH:1
FNDA:22,NotNullColumn
DA:3,1
DA:5,1
DA:7,1
DA:8,22
DA:10,22
LF:5
LH:5
BRDA:8,0,0,22
BRDA:8,0,1,18
BRF:2
BRH:2
end_of_record
TN:
SF:src/library/typeorm/decorators/price.decorator.ts
FN:7,isNullOrUndefined
FN:12,(anonymous_1)
FN:20,(anonymous_2)
FN:25,PriceColumn
FNF:4
FNH:1
FNDA:0,isNullOrUndefined
FNDA:0,(anonymous_1)
FNDA:0,(anonymous_2)
FNDA:7,PriceColumn
DA:3,1
DA:5,1
DA:8,0
DA:13,0
DA:14,0
DA:17,0
DA:21,0
DA:25,1
DA:26,7
DA:36,7
DA:38,7
LF:11
LH:6
BRDA:8,0,0,0
BRDA:8,0,1,0
BRDA:13,1,0,0
BRDA:33,2,0,7
BRDA:33,2,1,7
BRF:5
BRH:2
end_of_record
TN:
SF:src/library/typeorm/decorators/ulid.decorator.ts
FN:26,ULID
FNF:1
FNH:1
FNDA:1,ULID
DA:1,1
DA:3,1
DA:26,1
DA:27,1
DA:46,1
LF:5
LH:5
BRDA:34,0,0,1
BRDA:34,0,1,1
BRF:2
BRH:2
end_of_record
TN:
SF:src/library/typeorm/decorators/util.decorator.ts
FN:8,isNullOrUndefined
FN:12,TimeColumn
FN:18,DateColumn
FN:24,DateTimeColumn
FN:30,StatusColumn
FN:43,(anonymous_5)
FN:51,(anonymous_6)
FN:65,PhoneColumn
FN:73,EmailColumn
FN:79,ForeignColumn
FNF:10
FNH:5
FNDA:0,isNullOrUndefined
FNDA:0,TimeColumn
FNDA:0,DateColumn
FNDA:6,DateTimeColumn
FNDA:6,StatusColumn
FNDA:0,(anonymous_5)
FNDA:0,(anonymous_6)
FNDA:4,PhoneColumn
FNDA:4,EmailColumn
FNDA:37,ForeignColumn
DA:3,1
DA:4,1
DA:6,1
DA:9,0
DA:12,1
DA:13,0
DA:15,0
DA:18,1
DA:19,0
DA:21,0
DA:24,1
DA:25,6
DA:27,6
DA:30,1
DA:31,6
DA:39,6
DA:44,0
DA:45,0
DA:48,0
DA:52,0
DA:53,0
DA:56,0
DA:57,0
DA:58,0
DA:60,0
DA:65,1
DA:66,4
DA:68,4
DA:70,4
DA:73,1
DA:74,4
DA:76,4
DA:79,1
DA:80,37
DA:87,37
LF:35
LH:21
BRDA:9,0,0,0
BRDA:9,0,1,0
BRDA:13,1,0,0
BRDA:13,1,1,0
BRDA:19,2,0,0
BRDA:19,2,1,0
BRDA:25,3,0,6
BRDA:25,3,1,6
BRDA:36,4,0,6
BRDA:36,4,1,6
BRDA:44,5,0,0
BRDA:52,6,0,0
BRDA:66,7,0,4
BRDA:66,7,1,1
BRDA:74,8,0,4
BRDA:74,8,1,1
BRDA:85,9,0,37
BRDA:85,9,1,36
BRF:18
BRH:10
end_of_record
TN:
SF:src/library/uid/ulid.library.ts
FNF:0
FNH:0
DA:1,1
DA:3,1
LF:2
LH:2
BRF:0
BRH:0
end_of_record
TN:
SF:src/library/uid/uuid.library.ts
FN:3,(anonymous_0)
FNF:1
FNH:0
FNDA:0,(anonymous_0)
DA:1,1
DA:3,1
LF:2
LH:2
BRF:0
BRH:0
end_of_record
